<?xml version="1.0" encoding="UTF-8"?>
<testsuite name="backend.BackendApplicationTests" tests="1" skipped="0" failures="0" errors="0" timestamp="2025-06-03T09:54:43.795Z" hostname="DARKIMUNUSSHAPE" time="1.542">
  <properties/>
  <testcase name="contextLoads()" classname="backend.BackendApplicationTests" time="1.542"/>
  <system-out><![CDATA[11:53:52.622 [Test worker] INFO org.springframework.test.context.support.AnnotationConfigContextLoaderUtils -- Could not detect default configuration classes for test class [backend.BackendApplicationTests]: BackendApplicationTests does not declare any static, non-private, non-final, nested classes annotated with @Configuration.
11:53:53.098 [Test worker] INFO org.springframework.boot.test.context.SpringBootTestContextBootstrapper -- Found @SpringBootConfiguration backend.BackendApplication for test class backend.BackendApplicationTests

  .   ____          _            __ _ _
 /\\ / ___'_ __ _ _(_)_ __  __ _ \ \ \ \
( ( )\___ | '_ | '_| | '_ \/ _` | \ \ \ \
 \\/  ___)| |_)| | | | | || (_| |  ) ) ) )
  '  |____| .__|_| |_|_| |_\__, | / / / /
 =========|_|==============|___/=/_/_/_/

 :: Spring Boot ::                (v3.4.5)

2025-06-03T11:53:55.469+02:00  INFO 20180 --- [backend] [    Test worker] backend.BackendApplicationTests          : Starting BackendApplicationTests using Java 17.0.15 with PID 20180 (started by korisnik in C:\Users\korisnik\Documents\backend\Foodcription\backend\backend)
2025-06-03T11:53:55.473+02:00  INFO 20180 --- [backend] [    Test worker] backend.BackendApplicationTests          : No active profile set, falling back to 1 default profile: "default"
2025-06-03T11:54:05.570+02:00  INFO 20180 --- [backend] [    Test worker] .s.d.r.c.RepositoryConfigurationDelegate : Bootstrapping Spring Data JPA repositories in DEFAULT mode.
2025-06-03T11:54:06.578+02:00  INFO 20180 --- [backend] [    Test worker] .s.d.r.c.RepositoryConfigurationDelegate : Finished Spring Data repository scanning in 927 ms. Found 4 JPA repository interfaces.
2025-06-03T11:54:13.633+02:00 DEBUG 20180 --- [backend] [    Test worker] o.hibernate.jpa.internal.util.LogHelper  : PersistenceUnitInfo [
	name: default
	persistence provider classname: null
	classloader: jdk.internal.loader.ClassLoaders$AppClassLoader@73d16e93
	excludeUnlistedClasses: true
	JTA datasource: null
	Non JTA datasource: HikariDataSource (null)
	Transaction type: RESOURCE_LOCAL
	PU root URL: file:/C:/Users/korisnik/Documents/backend/Foodcription/backend/backend/build/classes/java/test/
	Shared Cache Mode: UNSPECIFIED
	Validation Mode: AUTO
	Jar files URLs []
	Managed classes names [
		backend.model.Jelo
		backend.model.Korisnik
		backend.model.Pretplata
		backend.model.PretplataPoKorisniku]
	Mapping files names []
	Properties []
2025-06-03T11:54:13.956+02:00 DEBUG 20180 --- [backend] [    Test worker] o.h.i.internal.IntegratorServiceImpl     : Adding Integrator [org.hibernate.boot.beanvalidation.BeanValidationIntegrator].
2025-06-03T11:54:13.983+02:00 DEBUG 20180 --- [backend] [    Test worker] o.h.i.internal.IntegratorServiceImpl     : Adding Integrator [org.hibernate.cache.internal.CollectionCacheInvalidator].
2025-06-03T11:54:14.715+02:00  INFO 20180 --- [backend] [    Test worker] org.hibernate.Version                    : HHH000412: Hibernate ORM core version 6.6.13.Final
2025-06-03T11:54:14.729+02:00 DEBUG 20180 --- [backend] [    Test worker] org.hibernate.cfg.Environment            : HHH000206: 'hibernate.properties' not found
2025-06-03T11:54:14.850+02:00 DEBUG 20180 --- [backend] [    Test worker] org.hibernate.orm.idgen.factory          : Registering IdentifierGenerator strategy [uuid2] -> [org.hibernate.id.UUIDGenerator]
2025-06-03T11:54:14.852+02:00 DEBUG 20180 --- [backend] [    Test worker] org.hibernate.orm.idgen.factory          : Registering IdentifierGenerator strategy [guid] -> [org.hibernate.id.GUIDGenerator]
2025-06-03T11:54:14.857+02:00 DEBUG 20180 --- [backend] [    Test worker] org.hibernate.orm.idgen.factory          : Registering IdentifierGenerator strategy [uuid] -> [org.hibernate.id.UUIDHexGenerator]
2025-06-03T11:54:14.858+02:00 DEBUG 20180 --- [backend] [    Test worker] org.hibernate.orm.idgen.factory          : Registering IdentifierGenerator strategy [uuid.hex] -> [org.hibernate.id.UUIDHexGenerator]
2025-06-03T11:54:14.859+02:00 DEBUG 20180 --- [backend] [    Test worker] org.hibernate.orm.idgen.factory          : Registering IdentifierGenerator strategy [assigned] -> [org.hibernate.id.Assigned]
2025-06-03T11:54:14.862+02:00 DEBUG 20180 --- [backend] [    Test worker] org.hibernate.orm.idgen.factory          : Registering IdentifierGenerator strategy [identity] -> [org.hibernate.id.IdentityGenerator]
2025-06-03T11:54:14.864+02:00 DEBUG 20180 --- [backend] [    Test worker] org.hibernate.orm.idgen.factory          : Registering IdentifierGenerator strategy [select] -> [org.hibernate.id.SelectGenerator]
2025-06-03T11:54:14.872+02:00 DEBUG 20180 --- [backend] [    Test worker] org.hibernate.orm.idgen.factory          : Registering IdentifierGenerator strategy [sequence] -> [org.hibernate.id.enhanced.SequenceStyleGenerator]
2025-06-03T11:54:14.874+02:00 DEBUG 20180 --- [backend] [    Test worker] org.hibernate.orm.idgen.factory          : Registering IdentifierGenerator strategy [increment] -> [org.hibernate.id.IncrementGenerator]
2025-06-03T11:54:14.876+02:00 DEBUG 20180 --- [backend] [    Test worker] org.hibernate.orm.idgen.factory          : Registering IdentifierGenerator strategy [foreign] -> [org.hibernate.id.ForeignGenerator]
2025-06-03T11:54:14.879+02:00 DEBUG 20180 --- [backend] [    Test worker] org.hibernate.orm.idgen.factory          : Registering IdentifierGenerator strategy [enhanced-sequence] -> [org.hibernate.id.enhanced.SequenceStyleGenerator]
2025-06-03T11:54:14.883+02:00 DEBUG 20180 --- [backend] [    Test worker] org.hibernate.orm.idgen.factory          : Registering IdentifierGenerator strategy [enhanced-table] -> [org.hibernate.id.enhanced.TableGenerator]
2025-06-03T11:54:14.927+02:00 DEBUG 20180 --- [backend] [    Test worker] o.h.c.internal.RegionFactoryInitiator    : Cannot default RegionFactory based on registered strategies as `[]` RegionFactory strategies were registered
2025-06-03T11:54:14.933+02:00  INFO 20180 --- [backend] [    Test worker] o.h.c.internal.RegionFactoryInitiator    : HHH000026: Second-level cache disabled
2025-06-03T11:54:15.361+02:00 DEBUG 20180 --- [backend] [    Test worker] org.hibernate.type.BasicTypeRegistry     : Adding type registration boolean -> org.hibernate.type.BasicTypeReference@11180750
2025-06-03T11:54:15.361+02:00 DEBUG 20180 --- [backend] [    Test worker] org.hibernate.type.BasicTypeRegistry     : Adding type registration boolean -> org.hibernate.type.BasicTypeReference@11180750
2025-06-03T11:54:15.362+02:00 DEBUG 20180 --- [backend] [    Test worker] org.hibernate.type.BasicTypeRegistry     : Adding type registration java.lang.Boolean -> org.hibernate.type.BasicTypeReference@11180750
2025-06-03T11:54:15.363+02:00 DEBUG 20180 --- [backend] [    Test worker] org.hibernate.type.BasicTypeRegistry     : Adding type registration numeric_boolean -> org.hibernate.type.BasicTypeReference@210635fd
2025-06-03T11:54:15.364+02:00 DEBUG 20180 --- [backend] [    Test worker] org.hibernate.type.BasicTypeRegistry     : Adding type registration org.hibernate.type.NumericBooleanConverter -> org.hibernate.type.BasicTypeReference@210635fd
2025-06-03T11:54:15.365+02:00 DEBUG 20180 --- [backend] [    Test worker] org.hibernate.type.BasicTypeRegistry     : Adding type registration true_false -> org.hibernate.type.BasicTypeReference@63814bbe
2025-06-03T11:54:15.365+02:00 DEBUG 20180 --- [backend] [    Test worker] org.hibernate.type.BasicTypeRegistry     : Adding type registration org.hibernate.type.TrueFalseConverter -> org.hibernate.type.BasicTypeReference@63814bbe
2025-06-03T11:54:15.365+02:00 DEBUG 20180 --- [backend] [    Test worker] org.hibernate.type.BasicTypeRegistry     : Adding type registration yes_no -> org.hibernate.type.BasicTypeReference@3cb195dd
2025-06-03T11:54:15.366+02:00 DEBUG 20180 --- [backend] [    Test worker] org.hibernate.type.BasicTypeRegistry     : Adding type registration org.hibernate.type.YesNoConverter -> org.hibernate.type.BasicTypeReference@3cb195dd
2025-06-03T11:54:15.367+02:00 DEBUG 20180 --- [backend] [    Test worker] org.hibernate.type.BasicTypeRegistry     : Adding type registration byte -> org.hibernate.type.BasicTypeReference@6dc2279c
2025-06-03T11:54:15.367+02:00 DEBUG 20180 --- [backend] [    Test worker] org.hibernate.type.BasicTypeRegistry     : Adding type registration byte -> org.hibernate.type.BasicTypeReference@6dc2279c
2025-06-03T11:54:15.369+02:00 DEBUG 20180 --- [backend] [    Test worker] org.hibernate.type.BasicTypeRegistry     : Adding type registration java.lang.Byte -> org.hibernate.type.BasicTypeReference@6dc2279c
2025-06-03T11:54:15.372+02:00 DEBUG 20180 --- [backend] [    Test worker] org.hibernate.type.BasicTypeRegistry     : Adding type registration binary -> org.hibernate.type.BasicTypeReference@7d7b4e04
2025-06-03T11:54:15.373+02:00 DEBUG 20180 --- [backend] [    Test worker] org.hibernate.type.BasicTypeRegistry     : Adding type registration byte[] -> org.hibernate.type.BasicTypeReference@7d7b4e04
2025-06-03T11:54:15.374+02:00 DEBUG 20180 --- [backend] [    Test worker] org.hibernate.type.BasicTypeRegistry     : Adding type registration [B -> org.hibernate.type.BasicTypeReference@7d7b4e04
2025-06-03T11:54:15.374+02:00 DEBUG 20180 --- [backend] [    Test worker] org.hibernate.type.BasicTypeRegistry     : Adding type registration binary_wrapper -> org.hibernate.type.BasicTypeReference@144e36ae
2025-06-03T11:54:15.375+02:00 DEBUG 20180 --- [backend] [    Test worker] org.hibernate.type.BasicTypeRegistry     : Adding type registration wrapper-binary -> org.hibernate.type.BasicTypeReference@144e36ae
2025-06-03T11:54:15.376+02:00 DEBUG 20180 --- [backend] [    Test worker] org.hibernate.type.BasicTypeRegistry     : Adding type registration image -> org.hibernate.type.BasicTypeReference@24615687
2025-06-03T11:54:15.376+02:00 DEBUG 20180 --- [backend] [    Test worker] org.hibernate.type.BasicTypeRegistry     : Adding type registration blob -> org.hibernate.type.BasicTypeReference@58636b50
2025-06-03T11:54:15.376+02:00 DEBUG 20180 --- [backend] [    Test worker] org.hibernate.type.BasicTypeRegistry     : Adding type registration java.sql.Blob -> org.hibernate.type.BasicTypeReference@58636b50
2025-06-03T11:54:15.378+02:00 DEBUG 20180 --- [backend] [    Test worker] org.hibernate.type.BasicTypeRegistry     : Adding type registration materialized_blob -> org.hibernate.type.BasicTypeReference@7f4f1536
2025-06-03T11:54:15.379+02:00 DEBUG 20180 --- [backend] [    Test worker] org.hibernate.type.BasicTypeRegistry     : Adding type registration materialized_blob_wrapper -> org.hibernate.type.BasicTypeReference@1ad1b737
2025-06-03T11:54:15.381+02:00 DEBUG 20180 --- [backend] [    Test worker] org.hibernate.type.BasicTypeRegistry     : Adding type registration short -> org.hibernate.type.BasicTypeReference@342a1f84
2025-06-03T11:54:15.382+02:00 DEBUG 20180 --- [backend] [    Test worker] org.hibernate.type.BasicTypeRegistry     : Adding type registration short -> org.hibernate.type.BasicTypeReference@342a1f84
2025-06-03T11:54:15.382+02:00 DEBUG 20180 --- [backend] [    Test worker] org.hibernate.type.BasicTypeRegistry     : Adding type registration java.lang.Short -> org.hibernate.type.BasicTypeReference@342a1f84
2025-06-03T11:54:15.383+02:00 DEBUG 20180 --- [backend] [    Test worker] org.hibernate.type.BasicTypeRegistry     : Adding type registration integer -> org.hibernate.type.BasicTypeReference@77d0dbba
2025-06-03T11:54:15.386+02:00 DEBUG 20180 --- [backend] [    Test worker] org.hibernate.type.BasicTypeRegistry     : Adding type registration int -> org.hibernate.type.BasicTypeReference@77d0dbba
2025-06-03T11:54:15.399+02:00 DEBUG 20180 --- [backend] [    Test worker] org.hibernate.type.BasicTypeRegistry     : Adding type registration java.lang.Integer -> org.hibernate.type.BasicTypeReference@77d0dbba
2025-06-03T11:54:15.400+02:00 DEBUG 20180 --- [backend] [    Test worker] org.hibernate.type.BasicTypeRegistry     : Adding type registration long -> org.hibernate.type.BasicTypeReference@70b196d3
2025-06-03T11:54:15.401+02:00 DEBUG 20180 --- [backend] [    Test worker] org.hibernate.type.BasicTypeRegistry     : Adding type registration long -> org.hibernate.type.BasicTypeReference@70b196d3
2025-06-03T11:54:15.405+02:00 DEBUG 20180 --- [backend] [    Test worker] org.hibernate.type.BasicTypeRegistry     : Adding type registration java.lang.Long -> org.hibernate.type.BasicTypeReference@70b196d3
2025-06-03T11:54:15.410+02:00 DEBUG 20180 --- [backend] [    Test worker] org.hibernate.type.BasicTypeRegistry     : Adding type registration float -> org.hibernate.type.BasicTypeReference@67ceeffd
2025-06-03T11:54:15.415+02:00 DEBUG 20180 --- [backend] [    Test worker] org.hibernate.type.BasicTypeRegistry     : Adding type registration float -> org.hibernate.type.BasicTypeReference@67ceeffd
2025-06-03T11:54:15.430+02:00 DEBUG 20180 --- [backend] [    Test worker] org.hibernate.type.BasicTypeRegistry     : Adding type registration java.lang.Float -> org.hibernate.type.BasicTypeReference@67ceeffd
2025-06-03T11:54:15.432+02:00 DEBUG 20180 --- [backend] [    Test worker] org.hibernate.type.BasicTypeRegistry     : Adding type registration double -> org.hibernate.type.BasicTypeReference@3fc1abf
2025-06-03T11:54:15.433+02:00 DEBUG 20180 --- [backend] [    Test worker] org.hibernate.type.BasicTypeRegistry     : Adding type registration double -> org.hibernate.type.BasicTypeReference@3fc1abf
2025-06-03T11:54:15.435+02:00 DEBUG 20180 --- [backend] [    Test worker] org.hibernate.type.BasicTypeRegistry     : Adding type registration java.lang.Double -> org.hibernate.type.BasicTypeReference@3fc1abf
2025-06-03T11:54:15.436+02:00 DEBUG 20180 --- [backend] [    Test worker] org.hibernate.type.BasicTypeRegistry     : Adding type registration big_integer -> org.hibernate.type.BasicTypeReference@72001c71
2025-06-03T11:54:15.438+02:00 DEBUG 20180 --- [backend] [    Test worker] org.hibernate.type.BasicTypeRegistry     : Adding type registration java.math.BigInteger -> org.hibernate.type.BasicTypeReference@72001c71
2025-06-03T11:54:15.440+02:00 DEBUG 20180 --- [backend] [    Test worker] org.hibernate.type.BasicTypeRegistry     : Adding type registration big_decimal -> org.hibernate.type.BasicTypeReference@e7b0bec
2025-06-03T11:54:15.441+02:00 DEBUG 20180 --- [backend] [    Test worker] org.hibernate.type.BasicTypeRegistry     : Adding type registration java.math.BigDecimal -> org.hibernate.type.BasicTypeReference@e7b0bec
2025-06-03T11:54:15.441+02:00 DEBUG 20180 --- [backend] [    Test worker] org.hibernate.type.BasicTypeRegistry     : Adding type registration character -> org.hibernate.type.BasicTypeReference@1e5aacd9
2025-06-03T11:54:15.441+02:00 DEBUG 20180 --- [backend] [    Test worker] org.hibernate.type.BasicTypeRegistry     : Adding type registration char -> org.hibernate.type.BasicTypeReference@1e5aacd9
2025-06-03T11:54:15.442+02:00 DEBUG 20180 --- [backend] [    Test worker] org.hibernate.type.BasicTypeRegistry     : Adding type registration java.lang.Character -> org.hibernate.type.BasicTypeReference@1e5aacd9
2025-06-03T11:54:15.442+02:00 DEBUG 20180 --- [backend] [    Test worker] org.hibernate.type.BasicTypeRegistry     : Adding type registration character_nchar -> org.hibernate.type.BasicTypeReference@7d90644f
2025-06-03T11:54:15.442+02:00 DEBUG 20180 --- [backend] [    Test worker] org.hibernate.type.BasicTypeRegistry     : Adding type registration string -> org.hibernate.type.BasicTypeReference@f810c18
2025-06-03T11:54:15.442+02:00 DEBUG 20180 --- [backend] [    Test worker] org.hibernate.type.BasicTypeRegistry     : Adding type registration java.lang.String -> org.hibernate.type.BasicTypeReference@f810c18
2025-06-03T11:54:15.443+02:00 DEBUG 20180 --- [backend] [    Test worker] org.hibernate.type.BasicTypeRegistry     : Adding type registration nstring -> org.hibernate.type.BasicTypeReference@59f3426f
2025-06-03T11:54:15.443+02:00 DEBUG 20180 --- [backend] [    Test worker] org.hibernate.type.BasicTypeRegistry     : Adding type registration characters -> org.hibernate.type.BasicTypeReference@120411ec
2025-06-03T11:54:15.443+02:00 DEBUG 20180 --- [backend] [    Test worker] org.hibernate.type.BasicTypeRegistry     : Adding type registration char[] -> org.hibernate.type.BasicTypeReference@120411ec
2025-06-03T11:54:15.443+02:00 DEBUG 20180 --- [backend] [    Test worker] org.hibernate.type.BasicTypeRegistry     : Adding type registration [C -> org.hibernate.type.BasicTypeReference@120411ec
2025-06-03T11:54:15.444+02:00 DEBUG 20180 --- [backend] [    Test worker] org.hibernate.type.BasicTypeRegistry     : Adding type registration wrapper-characters -> org.hibernate.type.BasicTypeReference@6cc8adff
2025-06-03T11:54:15.444+02:00 DEBUG 20180 --- [backend] [    Test worker] org.hibernate.type.BasicTypeRegistry     : Adding type registration text -> org.hibernate.type.BasicTypeReference@6b2e9db2
2025-06-03T11:54:15.448+02:00 DEBUG 20180 --- [backend] [    Test worker] org.hibernate.type.BasicTypeRegistry     : Adding type registration ntext -> org.hibernate.type.BasicTypeReference@280d5a82
2025-06-03T11:54:15.449+02:00 DEBUG 20180 --- [backend] [    Test worker] org.hibernate.type.BasicTypeRegistry     : Adding type registration clob -> org.hibernate.type.BasicTypeReference@1a34a51e
2025-06-03T11:54:15.449+02:00 DEBUG 20180 --- [backend] [    Test worker] org.hibernate.type.BasicTypeRegistry     : Adding type registration java.sql.Clob -> org.hibernate.type.BasicTypeReference@1a34a51e
2025-06-03T11:54:15.450+02:00 DEBUG 20180 --- [backend] [    Test worker] org.hibernate.type.BasicTypeRegistry     : Adding type registration nclob -> org.hibernate.type.BasicTypeReference@333a44f2
2025-06-03T11:54:15.451+02:00 DEBUG 20180 --- [backend] [    Test worker] org.hibernate.type.BasicTypeRegistry     : Adding type registration java.sql.NClob -> org.hibernate.type.BasicTypeReference@333a44f2
2025-06-03T11:54:15.451+02:00 DEBUG 20180 --- [backend] [    Test worker] org.hibernate.type.BasicTypeRegistry     : Adding type registration materialized_clob -> org.hibernate.type.BasicTypeReference@2c668c2a
2025-06-03T11:54:15.451+02:00 DEBUG 20180 --- [backend] [    Test worker] org.hibernate.type.BasicTypeRegistry     : Adding type registration materialized_clob_char_array -> org.hibernate.type.BasicTypeReference@6efd0a6e
2025-06-03T11:54:15.453+02:00 DEBUG 20180 --- [backend] [    Test worker] org.hibernate.type.BasicTypeRegistry     : Adding type registration materialized_clob_character_array -> org.hibernate.type.BasicTypeReference@51de5efa
2025-06-03T11:54:15.453+02:00 DEBUG 20180 --- [backend] [    Test worker] org.hibernate.type.BasicTypeRegistry     : Adding type registration materialized_nclob -> org.hibernate.type.BasicTypeReference@30228de7
2025-06-03T11:54:15.458+02:00 DEBUG 20180 --- [backend] [    Test worker] org.hibernate.type.BasicTypeRegistry     : Adding type registration materialized_nclob_character_array -> org.hibernate.type.BasicTypeReference@28bd5015
2025-06-03T11:54:15.458+02:00 DEBUG 20180 --- [backend] [    Test worker] org.hibernate.type.BasicTypeRegistry     : Adding type registration materialized_nclob_char_array -> org.hibernate.type.BasicTypeReference@2e159116
2025-06-03T11:54:15.459+02:00 DEBUG 20180 --- [backend] [    Test worker] org.hibernate.type.BasicTypeRegistry     : Adding type registration Duration -> org.hibernate.type.BasicTypeReference@d1f23a0
2025-06-03T11:54:15.459+02:00 DEBUG 20180 --- [backend] [    Test worker] org.hibernate.type.BasicTypeRegistry     : Adding type registration java.time.Duration -> org.hibernate.type.BasicTypeReference@d1f23a0
2025-06-03T11:54:15.459+02:00 DEBUG 20180 --- [backend] [    Test worker] org.hibernate.type.BasicTypeRegistry     : Adding type registration LocalDateTime -> org.hibernate.type.BasicTypeReference@2976ca51
2025-06-03T11:54:15.459+02:00 DEBUG 20180 --- [backend] [    Test worker] org.hibernate.type.BasicTypeRegistry     : Adding type registration java.time.LocalDateTime -> org.hibernate.type.BasicTypeReference@2976ca51
2025-06-03T11:54:15.460+02:00 DEBUG 20180 --- [backend] [    Test worker] org.hibernate.type.BasicTypeRegistry     : Adding type registration LocalDate -> org.hibernate.type.BasicTypeReference@6b091a92
2025-06-03T11:54:15.460+02:00 DEBUG 20180 --- [backend] [    Test worker] org.hibernate.type.BasicTypeRegistry     : Adding type registration java.time.LocalDate -> org.hibernate.type.BasicTypeReference@6b091a92
2025-06-03T11:54:15.460+02:00 DEBUG 20180 --- [backend] [    Test worker] org.hibernate.type.BasicTypeRegistry     : Adding type registration LocalTime -> org.hibernate.type.BasicTypeReference@6996bbc4
2025-06-03T11:54:15.460+02:00 DEBUG 20180 --- [backend] [    Test worker] org.hibernate.type.BasicTypeRegistry     : Adding type registration java.time.LocalTime -> org.hibernate.type.BasicTypeReference@6996bbc4
2025-06-03T11:54:15.460+02:00 DEBUG 20180 --- [backend] [    Test worker] org.hibernate.type.BasicTypeRegistry     : Adding type registration OffsetDateTime -> org.hibernate.type.BasicTypeReference@1de08775
2025-06-03T11:54:15.461+02:00 DEBUG 20180 --- [backend] [    Test worker] org.hibernate.type.BasicTypeRegistry     : Adding type registration java.time.OffsetDateTime -> org.hibernate.type.BasicTypeReference@1de08775
2025-06-03T11:54:15.461+02:00 DEBUG 20180 --- [backend] [    Test worker] org.hibernate.type.BasicTypeRegistry     : Adding type registration OffsetDateTimeWithTimezone -> org.hibernate.type.BasicTypeReference@2dbf2da
2025-06-03T11:54:15.461+02:00 DEBUG 20180 --- [backend] [    Test worker] org.hibernate.type.BasicTypeRegistry     : Adding type registration OffsetDateTimeWithoutTimezone -> org.hibernate.type.BasicTypeReference@21a5b599
2025-06-03T11:54:15.461+02:00 DEBUG 20180 --- [backend] [    Test worker] org.hibernate.type.BasicTypeRegistry     : Adding type registration OffsetTime -> org.hibernate.type.BasicTypeReference@7db162f2
2025-06-03T11:54:15.462+02:00 DEBUG 20180 --- [backend] [    Test worker] org.hibernate.type.BasicTypeRegistry     : Adding type registration java.time.OffsetTime -> org.hibernate.type.BasicTypeReference@7db162f2
2025-06-03T11:54:15.462+02:00 DEBUG 20180 --- [backend] [    Test worker] org.hibernate.type.BasicTypeRegistry     : Adding type registration OffsetTimeUtc -> org.hibernate.type.BasicTypeReference@64f3991e
2025-06-03T11:54:15.462+02:00 DEBUG 20180 --- [backend] [    Test worker] org.hibernate.type.BasicTypeRegistry     : Adding type registration OffsetTimeWithTimezone -> org.hibernate.type.BasicTypeReference@39e3ea78
2025-06-03T11:54:15.464+02:00 DEBUG 20180 --- [backend] [    Test worker] org.hibernate.type.BasicTypeRegistry     : Adding type registration OffsetTimeWithoutTimezone -> org.hibernate.type.BasicTypeReference@35e689a0
2025-06-03T11:54:15.467+02:00 DEBUG 20180 --- [backend] [    Test worker] org.hibernate.type.BasicTypeRegistry     : Adding type registration ZonedDateTime -> org.hibernate.type.BasicTypeReference@43b6cb1c
2025-06-03T11:54:15.468+02:00 DEBUG 20180 --- [backend] [    Test worker] org.hibernate.type.BasicTypeRegistry     : Adding type registration java.time.ZonedDateTime -> org.hibernate.type.BasicTypeReference@43b6cb1c
2025-06-03T11:54:15.470+02:00 DEBUG 20180 --- [backend] [    Test worker] org.hibernate.type.BasicTypeRegistry     : Adding type registration ZonedDateTimeWithTimezone -> org.hibernate.type.BasicTypeReference@3bf5911d
2025-06-03T11:54:15.473+02:00 DEBUG 20180 --- [backend] [    Test worker] org.hibernate.type.BasicTypeRegistry     : Adding type registration ZonedDateTimeWithoutTimezone -> org.hibernate.type.BasicTypeReference@1de30c31
2025-06-03T11:54:15.473+02:00 DEBUG 20180 --- [backend] [    Test worker] org.hibernate.type.BasicTypeRegistry     : Adding type registration date -> org.hibernate.type.BasicTypeReference@1cc93da4
2025-06-03T11:54:15.474+02:00 DEBUG 20180 --- [backend] [    Test worker] org.hibernate.type.BasicTypeRegistry     : Adding type registration java.sql.Date -> org.hibernate.type.BasicTypeReference@1cc93da4
2025-06-03T11:54:15.475+02:00 DEBUG 20180 --- [backend] [    Test worker] org.hibernate.type.BasicTypeRegistry     : Adding type registration time -> org.hibernate.type.BasicTypeReference@69d2fb0a
2025-06-03T11:54:15.475+02:00 DEBUG 20180 --- [backend] [    Test worker] org.hibernate.type.BasicTypeRegistry     : Adding type registration java.sql.Time -> org.hibernate.type.BasicTypeReference@69d2fb0a
2025-06-03T11:54:15.475+02:00 DEBUG 20180 --- [backend] [    Test worker] org.hibernate.type.BasicTypeRegistry     : Adding type registration timestamp -> org.hibernate.type.BasicTypeReference@7e38e254
2025-06-03T11:54:15.480+02:00 DEBUG 20180 --- [backend] [    Test worker] org.hibernate.type.BasicTypeRegistry     : Adding type registration java.sql.Timestamp -> org.hibernate.type.BasicTypeReference@7e38e254
2025-06-03T11:54:15.481+02:00 DEBUG 20180 --- [backend] [    Test worker] org.hibernate.type.BasicTypeRegistry     : Adding type registration java.util.Date -> org.hibernate.type.BasicTypeReference@7e38e254
2025-06-03T11:54:15.482+02:00 DEBUG 20180 --- [backend] [    Test worker] org.hibernate.type.BasicTypeRegistry     : Adding type registration calendar -> org.hibernate.type.BasicTypeReference@7b3feb26
2025-06-03T11:54:15.483+02:00 DEBUG 20180 --- [backend] [    Test worker] org.hibernate.type.BasicTypeRegistry     : Adding type registration java.util.Calendar -> org.hibernate.type.BasicTypeReference@7b3feb26
2025-06-03T11:54:15.483+02:00 DEBUG 20180 --- [backend] [    Test worker] org.hibernate.type.BasicTypeRegistry     : Adding type registration java.util.GregorianCalendar -> org.hibernate.type.BasicTypeReference@7b3feb26
2025-06-03T11:54:15.483+02:00 DEBUG 20180 --- [backend] [    Test worker] org.hibernate.type.BasicTypeRegistry     : Adding type registration calendar_date -> org.hibernate.type.BasicTypeReference@2e4ecdf8
2025-06-03T11:54:15.484+02:00 DEBUG 20180 --- [backend] [    Test worker] org.hibernate.type.BasicTypeRegistry     : Adding type registration calendar_time -> org.hibernate.type.BasicTypeReference@503a7990
2025-06-03T11:54:15.485+02:00 DEBUG 20180 --- [backend] [    Test worker] org.hibernate.type.BasicTypeRegistry     : Adding type registration instant -> org.hibernate.type.BasicTypeReference@69a90b81
2025-06-03T11:54:15.485+02:00 DEBUG 20180 --- [backend] [    Test worker] org.hibernate.type.BasicTypeRegistry     : Adding type registration java.time.Instant -> org.hibernate.type.BasicTypeReference@69a90b81
2025-06-03T11:54:15.486+02:00 DEBUG 20180 --- [backend] [    Test worker] org.hibernate.type.BasicTypeRegistry     : Adding type registration uuid -> org.hibernate.type.BasicTypeReference@6dcbbb49
2025-06-03T11:54:15.489+02:00 DEBUG 20180 --- [backend] [    Test worker] org.hibernate.type.BasicTypeRegistry     : Adding type registration java.util.UUID -> org.hibernate.type.BasicTypeReference@6dcbbb49
2025-06-03T11:54:15.491+02:00 DEBUG 20180 --- [backend] [    Test worker] org.hibernate.type.BasicTypeRegistry     : Adding type registration pg-uuid -> org.hibernate.type.BasicTypeReference@6dcbbb49
2025-06-03T11:54:15.491+02:00 DEBUG 20180 --- [backend] [    Test worker] org.hibernate.type.BasicTypeRegistry     : Adding type registration uuid-binary -> org.hibernate.type.BasicTypeReference@35329a05
2025-06-03T11:54:15.492+02:00 DEBUG 20180 --- [backend] [    Test worker] org.hibernate.type.BasicTypeRegistry     : Adding type registration uuid-char -> org.hibernate.type.BasicTypeReference@36c783ca
2025-06-03T11:54:15.493+02:00 DEBUG 20180 --- [backend] [    Test worker] org.hibernate.type.BasicTypeRegistry     : Adding type registration class -> org.hibernate.type.BasicTypeReference@17136390
2025-06-03T11:54:15.494+02:00 DEBUG 20180 --- [backend] [    Test worker] org.hibernate.type.BasicTypeRegistry     : Adding type registration java.lang.Class -> org.hibernate.type.BasicTypeReference@17136390
2025-06-03T11:54:15.498+02:00 DEBUG 20180 --- [backend] [    Test worker] org.hibernate.type.BasicTypeRegistry     : Adding type registration currency -> org.hibernate.type.BasicTypeReference@273293c8
2025-06-03T11:54:15.500+02:00 DEBUG 20180 --- [backend] [    Test worker] org.hibernate.type.BasicTypeRegistry     : Adding type registration Currency -> org.hibernate.type.BasicTypeReference@273293c8
2025-06-03T11:54:15.502+02:00 DEBUG 20180 --- [backend] [    Test worker] org.hibernate.type.BasicTypeRegistry     : Adding type registration java.util.Currency -> org.hibernate.type.BasicTypeReference@273293c8
2025-06-03T11:54:15.502+02:00 DEBUG 20180 --- [backend] [    Test worker] org.hibernate.type.BasicTypeRegistry     : Adding type registration locale -> org.hibernate.type.BasicTypeReference@6f1d799
2025-06-03T11:54:15.503+02:00 DEBUG 20180 --- [backend] [    Test worker] org.hibernate.type.BasicTypeRegistry     : Adding type registration java.util.Locale -> org.hibernate.type.BasicTypeReference@6f1d799
2025-06-03T11:54:15.503+02:00 DEBUG 20180 --- [backend] [    Test worker] org.hibernate.type.BasicTypeRegistry     : Adding type registration serializable -> org.hibernate.type.BasicTypeReference@ca2cd5e
2025-06-03T11:54:15.507+02:00 DEBUG 20180 --- [backend] [    Test worker] org.hibernate.type.BasicTypeRegistry     : Adding type registration java.io.Serializable -> org.hibernate.type.BasicTypeReference@ca2cd5e
2025-06-03T11:54:15.509+02:00 DEBUG 20180 --- [backend] [    Test worker] org.hibernate.type.BasicTypeRegistry     : Adding type registration timezone -> org.hibernate.type.BasicTypeReference@a120b9
2025-06-03T11:54:15.510+02:00 DEBUG 20180 --- [backend] [    Test worker] org.hibernate.type.BasicTypeRegistry     : Adding type registration java.util.TimeZone -> org.hibernate.type.BasicTypeReference@a120b9
2025-06-03T11:54:15.511+02:00 DEBUG 20180 --- [backend] [    Test worker] org.hibernate.type.BasicTypeRegistry     : Adding type registration ZoneOffset -> org.hibernate.type.BasicTypeReference@333e5fb6
2025-06-03T11:54:15.511+02:00 DEBUG 20180 --- [backend] [    Test worker] org.hibernate.type.BasicTypeRegistry     : Adding type registration java.time.ZoneOffset -> org.hibernate.type.BasicTypeReference@333e5fb6
2025-06-03T11:54:15.512+02:00 DEBUG 20180 --- [backend] [    Test worker] org.hibernate.type.BasicTypeRegistry     : Adding type registration url -> org.hibernate.type.BasicTypeReference@3b7b0b57
2025-06-03T11:54:15.515+02:00 DEBUG 20180 --- [backend] [    Test worker] org.hibernate.type.BasicTypeRegistry     : Adding type registration java.net.URL -> org.hibernate.type.BasicTypeReference@3b7b0b57
2025-06-03T11:54:15.516+02:00 DEBUG 20180 --- [backend] [    Test worker] org.hibernate.type.BasicTypeRegistry     : Adding type registration vector -> org.hibernate.type.BasicTypeReference@21a9f95b
2025-06-03T11:54:15.517+02:00 DEBUG 20180 --- [backend] [    Test worker] org.hibernate.type.BasicTypeRegistry     : Adding type registration float_vector -> org.hibernate.type.BasicTypeReference@2804b13f
2025-06-03T11:54:15.519+02:00 DEBUG 20180 --- [backend] [    Test worker] org.hibernate.type.BasicTypeRegistry     : Adding type registration double_vector -> org.hibernate.type.BasicTypeReference@69069866
2025-06-03T11:54:15.519+02:00 DEBUG 20180 --- [backend] [    Test worker] org.hibernate.type.BasicTypeRegistry     : Adding type registration byte_vector -> org.hibernate.type.BasicTypeReference@ac417a2
2025-06-03T11:54:15.519+02:00 DEBUG 20180 --- [backend] [    Test worker] org.hibernate.type.BasicTypeRegistry     : Adding type registration row_version -> org.hibernate.type.BasicTypeReference@64c95480
2025-06-03T11:54:15.557+02:00 DEBUG 20180 --- [backend] [    Test worker] org.hibernate.type.BasicTypeRegistry     : Adding type registration object -> org.hibernate.type.JavaObjectType@334b392d
2025-06-03T11:54:15.557+02:00 DEBUG 20180 --- [backend] [    Test worker] org.hibernate.type.BasicTypeRegistry     : Adding type registration java.lang.Object -> org.hibernate.type.JavaObjectType@334b392d
2025-06-03T11:54:15.562+02:00 DEBUG 20180 --- [backend] [    Test worker] org.hibernate.type.BasicTypeRegistry     : Adding type registration null -> org.hibernate.type.NullType@37806be6
2025-06-03T11:54:15.563+02:00 DEBUG 20180 --- [backend] [    Test worker] org.hibernate.type.BasicTypeRegistry     : Adding type registration imm_date -> org.hibernate.type.BasicTypeReference@7bce9ce4
2025-06-03T11:54:15.564+02:00 DEBUG 20180 --- [backend] [    Test worker] org.hibernate.type.BasicTypeRegistry     : Adding type registration imm_time -> org.hibernate.type.BasicTypeReference@1d2046bb
2025-06-03T11:54:15.564+02:00 DEBUG 20180 --- [backend] [    Test worker] org.hibernate.type.BasicTypeRegistry     : Adding type registration imm_timestamp -> org.hibernate.type.BasicTypeReference@3b33fff9
2025-06-03T11:54:15.565+02:00 DEBUG 20180 --- [backend] [    Test worker] org.hibernate.type.BasicTypeRegistry     : Adding type registration imm_calendar -> org.hibernate.type.BasicTypeReference@fd87c22
2025-06-03T11:54:15.567+02:00 DEBUG 20180 --- [backend] [    Test worker] org.hibernate.type.BasicTypeRegistry     : Adding type registration imm_calendar_date -> org.hibernate.type.BasicTypeReference@fee881
2025-06-03T11:54:15.567+02:00 DEBUG 20180 --- [backend] [    Test worker] org.hibernate.type.BasicTypeRegistry     : Adding type registration imm_calendar_time -> org.hibernate.type.BasicTypeReference@1ff463bb
2025-06-03T11:54:15.574+02:00 DEBUG 20180 --- [backend] [    Test worker] org.hibernate.type.BasicTypeRegistry     : Adding type registration imm_binary -> org.hibernate.type.BasicTypeReference@3b9c9b8b
2025-06-03T11:54:15.574+02:00 DEBUG 20180 --- [backend] [    Test worker] org.hibernate.type.BasicTypeRegistry     : Adding type registration imm_serializable -> org.hibernate.type.BasicTypeReference@7769d9b6
2025-06-03T11:54:15.608+02:00 DEBUG 20180 --- [backend] [    Test worker] o.h.boot.internal.BootstrapContextImpl   : Injecting JPA temp ClassLoader [org.springframework.instrument.classloading.SimpleThrowawayClassLoader@6f68756d] into BootstrapContext; was [null]
2025-06-03T11:54:15.609+02:00 DEBUG 20180 --- [backend] [    Test worker] o.h.boot.internal.ClassLoaderAccessImpl  : ClassLoaderAccessImpl#injectTempClassLoader(org.springframework.instrument.classloading.SimpleThrowawayClassLoader@6f68756d) [was null]
2025-06-03T11:54:15.610+02:00 DEBUG 20180 --- [backend] [    Test worker] o.h.boot.internal.BootstrapContextImpl   : Injecting ScanEnvironment [org.hibernate.jpa.boot.internal.StandardJpaScanEnvironmentImpl@7ffcb232] into BootstrapContext; was [null]
2025-06-03T11:54:15.610+02:00 DEBUG 20180 --- [backend] [    Test worker] o.h.boot.internal.BootstrapContextImpl   : Injecting ScanOptions [org.hibernate.boot.archive.scan.internal.StandardScanOptions@7f53fc38] into BootstrapContext; was [org.hibernate.boot.archive.scan.internal.StandardScanOptions@5feb82b3]
2025-06-03T11:54:15.725+02:00 DEBUG 20180 --- [backend] [    Test worker] o.h.j.b.i.PersistenceUnitInfoDescriptor  : Pushing class transformers for PU named 'default' on loading classloader jdk.internal.loader.ClassLoaders$AppClassLoader@73d16e93
2025-06-03T11:54:17.899+02:00  INFO 20180 --- [backend] [    Test worker] o.s.o.j.p.SpringPersistenceUnitInfo      : No LoadTimeWeaver setup: ignoring JPA class transformer
2025-06-03T11:54:17.899+02:00 DEBUG 20180 --- [backend] [    Test worker] o.h.boot.internal.BootstrapContextImpl   : Injecting JPA temp ClassLoader [null] into BootstrapContext; was [org.springframework.instrument.classloading.SimpleThrowawayClassLoader@6f68756d]
2025-06-03T11:54:17.900+02:00 DEBUG 20180 --- [backend] [    Test worker] o.h.boot.internal.ClassLoaderAccessImpl  : ClassLoaderAccessImpl#injectTempClassLoader(null) [was org.springframework.instrument.classloading.SimpleThrowawayClassLoader@6f68756d]
2025-06-03T11:54:18.007+02:00  INFO 20180 --- [backend] [    Test worker] com.zaxxer.hikari.HikariDataSource       : HikariPool-1 - Starting...
2025-06-03T11:54:18.777+02:00  INFO 20180 --- [backend] [    Test worker] com.zaxxer.hikari.pool.HikariPool        : HikariPool-1 - Added connection org.mariadb.jdbc.Connection@642c5bb3
2025-06-03T11:54:18.784+02:00  INFO 20180 --- [backend] [    Test worker] com.zaxxer.hikari.HikariDataSource       : HikariPool-1 - Start completed.
2025-06-03T11:54:18.813+02:00 DEBUG 20180 --- [backend] [    Test worker] o.h.e.j.e.i.JdbcEnvironmentInitiator     : Database ->
	   name : MariaDB
	version : 10.5.26-MariaDB-0+deb11u2
	  major : 10
	  minor : 5
2025-06-03T11:54:18.817+02:00 DEBUG 20180 --- [backend] [    Test worker] o.h.e.j.e.i.JdbcEnvironmentInitiator     : Driver ->
	   name : MariaDB Connector/J
	version : 3.3.3
	  major : 3
	  minor : 3
2025-06-03T11:54:18.819+02:00 DEBUG 20180 --- [backend] [    Test worker] o.h.e.j.e.i.JdbcEnvironmentInitiator     : JDBC version : 4.2
2025-06-03T11:54:18.974+02:00  WARN 20180 --- [backend] [    Test worker] org.hibernate.orm.deprecation            : HHH90000025: MariaDBDialect does not need to be specified explicitly using 'hibernate.dialect' (remove the property setting and it will be selected by default)
2025-06-03T11:54:18.977+02:00 DEBUG 20180 --- [backend] [    Test worker] org.hibernate.orm.dialect                : HHH035001: Using dialect: org.hibernate.dialect.MariaDBDialect, version: 10.5.26
2025-06-03T11:54:19.012+02:00 DEBUG 20180 --- [backend] [    Test worker] o.h.e.j.env.spi.IdentifierHelperBuilder  : JDBC driver metadata reported database stores unquoted identifiers in neither upper, lower nor mixed case
2025-06-03T11:54:19.012+02:00 DEBUG 20180 --- [backend] [    Test worker] o.h.e.j.env.spi.IdentifierHelperBuilder  : JDBC driver metadata reported database stores quoted identifiers in neither upper, lower nor mixed case
2025-06-03T11:54:19.012+02:00 DEBUG 20180 --- [backend] [    Test worker] o.h.e.j.env.spi.IdentifierHelperBuilder  : IdentifierCaseStrategy for both quoted and unquoted identifiers was set to the same strategy [MIXED]; that will likely lead to problems in schema update and validation if using quoted identifiers
2025-06-03T11:54:19.061+02:00  INFO 20180 --- [backend] [    Test worker] org.hibernate.orm.connections.pooling    : HHH10001005: Database info:
	Database JDBC URL [Connecting through datasource 'HikariDataSource (HikariPool-1)']
	Database driver: undefined/unknown
	Database version: 10.5.26
	Autocommit mode: undefined/unknown
	Isolation level: undefined/unknown
	Minimum pool size: undefined/unknown
	Maximum pool size: undefined/unknown
2025-06-03T11:54:19.090+02:00 DEBUG 20180 --- [backend] [    Test worker] o.h.t.d.sql.spi.DdlTypeRegistry          : addDescriptor(12, org.hibernate.type.descriptor.sql.internal.CapacityDependentDdlType@625db0e0) replaced previous registration(org.hibernate.type.descriptor.sql.internal.CapacityDependentDdlType@511d568f)
2025-06-03T11:54:19.090+02:00 DEBUG 20180 --- [backend] [    Test worker] o.h.t.d.sql.spi.DdlTypeRegistry          : addDescriptor(-9, org.hibernate.type.descriptor.sql.internal.CapacityDependentDdlType@1805ca5c) replaced previous registration(org.hibernate.type.descriptor.sql.internal.CapacityDependentDdlType@3e61cffd)
2025-06-03T11:54:19.091+02:00 DEBUG 20180 --- [backend] [    Test worker] o.h.t.d.sql.spi.DdlTypeRegistry          : addDescriptor(-3, org.hibernate.type.descriptor.sql.internal.CapacityDependentDdlType@3134b261) replaced previous registration(org.hibernate.type.descriptor.sql.internal.CapacityDependentDdlType@aa633e6)
2025-06-03T11:54:19.091+02:00 DEBUG 20180 --- [backend] [    Test worker] o.h.t.d.sql.spi.DdlTypeRegistry          : addDescriptor(4003, org.hibernate.type.descriptor.sql.internal.DdlTypeImpl@3cc74fc4) replaced previous registration(org.hibernate.type.descriptor.sql.internal.DdlTypeImpl@c697186)
2025-06-03T11:54:19.091+02:00 DEBUG 20180 --- [backend] [    Test worker] o.h.t.d.sql.spi.DdlTypeRegistry          : addDescriptor(4001, org.hibernate.type.descriptor.sql.internal.DdlTypeImpl@185a7dd0) replaced previous registration(org.hibernate.type.descriptor.sql.internal.DdlTypeImpl@2358443e)
2025-06-03T11:54:19.093+02:00 DEBUG 20180 --- [backend] [    Test worker] o.h.t.d.sql.spi.DdlTypeRegistry          : addDescriptor(4002, org.hibernate.type.descriptor.sql.internal.DdlTypeImpl@25e796fe) replaced previous registration(org.hibernate.type.descriptor.sql.internal.DdlTypeImpl@62c53685)
2025-06-03T11:54:19.093+02:00 DEBUG 20180 --- [backend] [    Test worker] o.h.t.d.sql.spi.DdlTypeRegistry          : addDescriptor(2004, org.hibernate.type.descriptor.sql.internal.CapacityDependentDdlType@29ba63f0) replaced previous registration(org.hibernate.type.descriptor.sql.internal.DdlTypeImpl@4822ab4d)
2025-06-03T11:54:19.094+02:00 DEBUG 20180 --- [backend] [    Test worker] o.h.t.d.sql.spi.DdlTypeRegistry          : addDescriptor(2005, org.hibernate.type.descriptor.sql.internal.CapacityDependentDdlType@516b84d1) replaced previous registration(org.hibernate.type.descriptor.sql.internal.DdlTypeImpl@1ad1f167)
2025-06-03T11:54:19.094+02:00 DEBUG 20180 --- [backend] [    Test worker] o.h.t.d.sql.spi.DdlTypeRegistry          : addDescriptor(2011, org.hibernate.type.descriptor.sql.internal.CapacityDependentDdlType@608eb42e) replaced previous registration(org.hibernate.type.descriptor.sql.internal.DdlTypeImpl@3d2b13b1)
2025-06-03T11:54:19.123+02:00 DEBUG 20180 --- [backend] [    Test worker] org.hibernate.type.BasicTypeRegistry     : Adding type registration null -> org.hibernate.type.NullType@2a504ea7
2025-06-03T11:54:19.123+02:00 DEBUG 20180 --- [backend] [    Test worker] org.hibernate.type.BasicTypeRegistry     : Type registration key [null] overrode previous entry : `org.hibernate.type.NullType@37806be6`
2025-06-03T11:54:19.135+02:00 DEBUG 20180 --- [backend] [    Test worker] org.hibernate.type.BasicTypeRegistry     : Adding type registration org.hibernate.type.DurationType -> basicType@1(java.time.Duration,3015)
2025-06-03T11:54:19.139+02:00 DEBUG 20180 --- [backend] [    Test worker] org.hibernate.type.BasicTypeRegistry     : Adding type registration Duration -> basicType@1(java.time.Duration,3015)
2025-06-03T11:54:19.139+02:00 DEBUG 20180 --- [backend] [    Test worker] org.hibernate.type.BasicTypeRegistry     : Adding type registration java.time.Duration -> basicType@1(java.time.Duration,3015)
2025-06-03T11:54:19.147+02:00 DEBUG 20180 --- [backend] [    Test worker] org.hibernate.type.BasicTypeRegistry     : Adding type registration org.hibernate.type.OffsetDateTimeType -> basicType@2(java.time.OffsetDateTime,3003)
2025-06-03T11:54:19.147+02:00 DEBUG 20180 --- [backend] [    Test worker] org.hibernate.type.BasicTypeRegistry     : Adding type registration OffsetDateTime -> basicType@2(java.time.OffsetDateTime,3003)
2025-06-03T11:54:19.148+02:00 DEBUG 20180 --- [backend] [    Test worker] org.hibernate.type.BasicTypeRegistry     : Adding type registration java.time.OffsetDateTime -> basicType@2(java.time.OffsetDateTime,3003)
2025-06-03T11:54:19.148+02:00 DEBUG 20180 --- [backend] [    Test worker] org.hibernate.type.BasicTypeRegistry     : Adding type registration org.hibernate.type.ZonedDateTimeType -> basicType@3(java.time.ZonedDateTime,3003)
2025-06-03T11:54:19.148+02:00 DEBUG 20180 --- [backend] [    Test worker] org.hibernate.type.BasicTypeRegistry     : Adding type registration ZonedDateTime -> basicType@3(java.time.ZonedDateTime,3003)
2025-06-03T11:54:19.150+02:00 DEBUG 20180 --- [backend] [    Test worker] org.hibernate.type.BasicTypeRegistry     : Adding type registration java.time.ZonedDateTime -> basicType@3(java.time.ZonedDateTime,3003)
2025-06-03T11:54:19.151+02:00 DEBUG 20180 --- [backend] [    Test worker] org.hibernate.type.BasicTypeRegistry     : Adding type registration org.hibernate.type.OffsetTimeType -> basicType@4(java.time.OffsetTime,3007)
2025-06-03T11:54:19.151+02:00 DEBUG 20180 --- [backend] [    Test worker] org.hibernate.type.BasicTypeRegistry     : Adding type registration OffsetTime -> basicType@4(java.time.OffsetTime,3007)
2025-06-03T11:54:19.151+02:00 DEBUG 20180 --- [backend] [    Test worker] org.hibernate.type.BasicTypeRegistry     : Adding type registration java.time.OffsetTime -> basicType@4(java.time.OffsetTime,3007)
2025-06-03T11:54:19.155+02:00 DEBUG 20180 --- [backend] [    Test worker] o.h.type.spi.TypeConfiguration$Scope     : Scoping TypeConfiguration [org.hibernate.type.spi.TypeConfiguration@798b36fd] to MetadataBuildingContext [org.hibernate.boot.internal.MetadataBuildingContextRootImpl@18ff1520]
2025-06-03T11:54:19.242+02:00 DEBUG 20180 --- [backend] [    Test worker] o.h.boot.model.relational.Namespace      : Created database namespace [logicalName=Name{catalog=null, schema=null}, physicalName=Name{catalog=null, schema=null}]
2025-06-03T11:54:19.308+02:00 DEBUG 20180 --- [backend] [    Test worker] o.h.boot.model.internal.EntityBinder     : Binding entity from annotated class: backend.model.Jelo
2025-06-03T11:54:19.343+02:00 DEBUG 20180 --- [backend] [    Test worker] o.h.boot.model.internal.EntityBinder     : Import with entity name Jelo
2025-06-03T11:54:19.363+02:00 DEBUG 20180 --- [backend] [    Test worker] o.h.boot.model.internal.EntityBinder     : Bind entity backend.model.Jelo on table fc_jelo
2025-06-03T11:54:19.394+02:00 DEBUG 20180 --- [backend] [    Test worker] o.h.boot.model.internal.AnnotatedColumn  : Binding column: AnnotatedDiscriminatorColumn(column='DTYPE')
2025-06-03T11:54:19.456+02:00 DEBUG 20180 --- [backend] [    Test worker] o.h.boot.model.internal.AnnotatedColumn  : Binding column: AnnotatedColumn(column='id_jela')
2025-06-03T11:54:19.461+02:00 DEBUG 20180 --- [backend] [    Test worker] o.h.boot.internal.ClassLoaderAccessImpl  : Not known whether passed class name [backend.model.Jelo] is safe
2025-06-03T11:54:19.461+02:00 DEBUG 20180 --- [backend] [    Test worker] o.h.boot.internal.ClassLoaderAccessImpl  : No temp ClassLoader provided; using live ClassLoader for loading potentially unsafe class : backend.model.Jelo
2025-06-03T11:54:19.474+02:00 DEBUG 20180 --- [backend] [    Test worker] o.h.boot.model.internal.PropertyBinder   : MetadataSourceProcessor property id with lazy=false
2025-06-03T11:54:19.495+02:00 DEBUG 20180 --- [backend] [    Test worker] o.h.b.m.internal.AbstractPropertyHolder  : Attempting to locate auto-apply AttributeConverter for property [backend.model.Jelo:id]
2025-06-03T11:54:19.514+02:00 DEBUG 20180 --- [backend] [    Test worker] o.h.b.model.internal.BasicValueBinder    : building BasicValue for id
2025-06-03T11:54:19.533+02:00 DEBUG 20180 --- [backend] [    Test worker] org.hibernate.mapping.BasicValue         : Skipping column re-registration: fc_jelo.id_jela
2025-06-03T11:54:19.544+02:00 DEBUG 20180 --- [backend] [    Test worker] o.h.boot.model.internal.PropertyBinder   : Building property id
2025-06-03T11:54:19.568+02:00 DEBUG 20180 --- [backend] [    Test worker] o.h.boot.model.internal.BinderHelper     : #makeIdGenerator(BasicValue([Column(id_jela)]), id, identity, , ...)
2025-06-03T11:54:19.575+02:00 DEBUG 20180 --- [backend] [    Test worker] o.h.boot.model.internal.AnnotatedColumn  : Binding column: AnnotatedColumn(column='cijena_jela')
2025-06-03T11:54:19.576+02:00 DEBUG 20180 --- [backend] [    Test worker] o.h.boot.model.internal.PropertyBinder   : MetadataSourceProcessor property cijena with lazy=false
2025-06-03T11:54:19.578+02:00 DEBUG 20180 --- [backend] [    Test worker] o.h.b.m.internal.AbstractPropertyHolder  : Attempting to locate auto-apply AttributeConverter for property [backend.model.Jelo:cijena]
2025-06-03T11:54:19.579+02:00 DEBUG 20180 --- [backend] [    Test worker] o.h.b.model.internal.BasicValueBinder    : building BasicValue for cijena
2025-06-03T11:54:19.581+02:00 DEBUG 20180 --- [backend] [    Test worker] org.hibernate.mapping.BasicValue         : Skipping column re-registration: fc_jelo.cijena_jela
2025-06-03T11:54:19.582+02:00 DEBUG 20180 --- [backend] [    Test worker] o.h.boot.model.internal.PropertyBinder   : Building property cijena
2025-06-03T11:54:19.585+02:00 DEBUG 20180 --- [backend] [    Test worker] o.h.boot.model.internal.AnnotatedColumn  : Binding column: AnnotatedColumn(column='img_path')
2025-06-03T11:54:19.590+02:00 DEBUG 20180 --- [backend] [    Test worker] o.h.boot.model.internal.PropertyBinder   : MetadataSourceProcessor property imgPath with lazy=false
2025-06-03T11:54:19.590+02:00 DEBUG 20180 --- [backend] [    Test worker] o.h.b.m.internal.AbstractPropertyHolder  : Attempting to locate auto-apply AttributeConverter for property [backend.model.Jelo:imgPath]
2025-06-03T11:54:19.590+02:00 DEBUG 20180 --- [backend] [    Test worker] o.h.b.model.internal.BasicValueBinder    : building BasicValue for imgPath
2025-06-03T11:54:19.591+02:00 DEBUG 20180 --- [backend] [    Test worker] org.hibernate.mapping.BasicValue         : Skipping column re-registration: fc_jelo.img_path
2025-06-03T11:54:19.591+02:00 DEBUG 20180 --- [backend] [    Test worker] o.h.boot.model.internal.PropertyBinder   : Building property imgPath
2025-06-03T11:54:19.592+02:00 DEBUG 20180 --- [backend] [    Test worker] o.h.boot.model.internal.AnnotatedColumn  : Binding column: AnnotatedColumn(column='naziv_jela')
2025-06-03T11:54:19.592+02:00 DEBUG 20180 --- [backend] [    Test worker] o.h.boot.model.internal.PropertyBinder   : MetadataSourceProcessor property naziv with lazy=false
2025-06-03T11:54:19.592+02:00 DEBUG 20180 --- [backend] [    Test worker] o.h.b.m.internal.AbstractPropertyHolder  : Attempting to locate auto-apply AttributeConverter for property [backend.model.Jelo:naziv]
2025-06-03T11:54:19.593+02:00 DEBUG 20180 --- [backend] [    Test worker] o.h.b.model.internal.BasicValueBinder    : building BasicValue for naziv
2025-06-03T11:54:19.593+02:00 DEBUG 20180 --- [backend] [    Test worker] org.hibernate.mapping.BasicValue         : Skipping column re-registration: fc_jelo.naziv_jela
2025-06-03T11:54:19.594+02:00 DEBUG 20180 --- [backend] [    Test worker] o.h.boot.model.internal.PropertyBinder   : Building property naziv
2025-06-03T11:54:19.595+02:00 DEBUG 20180 --- [backend] [    Test worker] o.h.boot.model.internal.AnnotatedColumn  : Binding column: AnnotatedColumn(column='nutritivne_vrijednosti')
2025-06-03T11:54:19.595+02:00 DEBUG 20180 --- [backend] [    Test worker] o.h.boot.model.internal.PropertyBinder   : MetadataSourceProcessor property nutritivneVrijednosti with lazy=false
2025-06-03T11:54:19.599+02:00 DEBUG 20180 --- [backend] [    Test worker] o.h.b.m.internal.AbstractPropertyHolder  : Attempting to locate auto-apply AttributeConverter for property [backend.model.Jelo:nutritivneVrijednosti]
2025-06-03T11:54:19.600+02:00 DEBUG 20180 --- [backend] [    Test worker] o.h.b.model.internal.BasicValueBinder    : building BasicValue for nutritivneVrijednosti
2025-06-03T11:54:19.605+02:00 DEBUG 20180 --- [backend] [    Test worker] org.hibernate.mapping.BasicValue         : Skipping column re-registration: fc_jelo.nutritivne_vrijednosti
2025-06-03T11:54:19.605+02:00 DEBUG 20180 --- [backend] [    Test worker] o.h.boot.model.internal.PropertyBinder   : Building property nutritivneVrijednosti
2025-06-03T11:54:19.621+02:00 DEBUG 20180 --- [backend] [    Test worker] o.h.boot.model.internal.AnnotatedColumn  : Binding column: AnnotatedColumn(column='opis_jela')
2025-06-03T11:54:19.622+02:00 DEBUG 20180 --- [backend] [    Test worker] o.h.boot.model.internal.PropertyBinder   : MetadataSourceProcessor property opis with lazy=false
2025-06-03T11:54:19.623+02:00 DEBUG 20180 --- [backend] [    Test worker] o.h.b.m.internal.AbstractPropertyHolder  : Attempting to locate auto-apply AttributeConverter for property [backend.model.Jelo:opis]
2025-06-03T11:54:19.624+02:00 DEBUG 20180 --- [backend] [    Test worker] o.h.b.model.internal.BasicValueBinder    : building BasicValue for opis
2025-06-03T11:54:19.624+02:00 DEBUG 20180 --- [backend] [    Test worker] org.hibernate.mapping.BasicValue         : Skipping column re-registration: fc_jelo.opis_jela
2025-06-03T11:54:19.625+02:00 DEBUG 20180 --- [backend] [    Test worker] o.h.boot.model.internal.PropertyBinder   : Building property opis
2025-06-03T11:54:19.630+02:00 DEBUG 20180 --- [backend] [    Test worker] o.h.b.r.c.i.ClassLoaderServiceImpl       : HHH000194: Package not found or no package-info.java: backend.model
2025-06-03T11:54:19.654+02:00 DEBUG 20180 --- [backend] [    Test worker] o.h.boot.model.internal.EntityBinder     : Binding entity from annotated class: backend.model.Korisnik
2025-06-03T11:54:19.655+02:00 DEBUG 20180 --- [backend] [    Test worker] o.h.boot.model.internal.EntityBinder     : Import with entity name Korisnik
2025-06-03T11:54:19.655+02:00 DEBUG 20180 --- [backend] [    Test worker] o.h.boot.model.internal.EntityBinder     : Bind entity backend.model.Korisnik on table fc_korisnik
2025-06-03T11:54:19.657+02:00 DEBUG 20180 --- [backend] [    Test worker] o.h.boot.model.internal.AnnotatedColumn  : Binding column: AnnotatedDiscriminatorColumn(column='DTYPE')
2025-06-03T11:54:19.674+02:00 DEBUG 20180 --- [backend] [    Test worker] o.h.boot.model.internal.AnnotatedColumn  : Binding column: AnnotatedColumn(column='id_korisnika')
2025-06-03T11:54:19.674+02:00 DEBUG 20180 --- [backend] [    Test worker] o.h.boot.internal.ClassLoaderAccessImpl  : Not known whether passed class name [backend.model.Korisnik] is safe
2025-06-03T11:54:19.674+02:00 DEBUG 20180 --- [backend] [    Test worker] o.h.boot.internal.ClassLoaderAccessImpl  : No temp ClassLoader provided; using live ClassLoader for loading potentially unsafe class : backend.model.Korisnik
2025-06-03T11:54:19.675+02:00 DEBUG 20180 --- [backend] [    Test worker] o.h.boot.model.internal.PropertyBinder   : MetadataSourceProcessor property idKorisnika with lazy=false
2025-06-03T11:54:19.675+02:00 DEBUG 20180 --- [backend] [    Test worker] o.h.b.m.internal.AbstractPropertyHolder  : Attempting to locate auto-apply AttributeConverter for property [backend.model.Korisnik:idKorisnika]
2025-06-03T11:54:19.675+02:00 DEBUG 20180 --- [backend] [    Test worker] o.h.b.model.internal.BasicValueBinder    : building BasicValue for idKorisnika
2025-06-03T11:54:19.675+02:00 DEBUG 20180 --- [backend] [    Test worker] org.hibernate.mapping.BasicValue         : Skipping column re-registration: fc_korisnik.id_korisnika
2025-06-03T11:54:19.675+02:00 DEBUG 20180 --- [backend] [    Test worker] o.h.boot.model.internal.PropertyBinder   : Building property idKorisnika
2025-06-03T11:54:19.677+02:00 DEBUG 20180 --- [backend] [    Test worker] o.h.boot.model.internal.BinderHelper     : #makeIdGenerator(BasicValue([Column(id_korisnika)]), idKorisnika, identity, , ...)
2025-06-03T11:54:19.691+02:00 DEBUG 20180 --- [backend] [    Test worker] o.h.boot.model.internal.AnnotatedColumn  : Binding column: AnnotatedColumn(column='email_korisnika')
2025-06-03T11:54:19.691+02:00 DEBUG 20180 --- [backend] [    Test worker] o.h.boot.model.internal.PropertyBinder   : MetadataSourceProcessor property emailKorisnika with lazy=false
2025-06-03T11:54:19.691+02:00 DEBUG 20180 --- [backend] [    Test worker] o.h.b.m.internal.AbstractPropertyHolder  : Attempting to locate auto-apply AttributeConverter for property [backend.model.Korisnik:emailKorisnika]
2025-06-03T11:54:19.691+02:00 DEBUG 20180 --- [backend] [    Test worker] o.h.b.model.internal.BasicValueBinder    : building BasicValue for emailKorisnika
2025-06-03T11:54:19.691+02:00 DEBUG 20180 --- [backend] [    Test worker] org.hibernate.mapping.BasicValue         : Skipping column re-registration: fc_korisnik.email_korisnika
2025-06-03T11:54:19.691+02:00 DEBUG 20180 --- [backend] [    Test worker] o.h.boot.model.internal.PropertyBinder   : Building property emailKorisnika
2025-06-03T11:54:19.692+02:00 DEBUG 20180 --- [backend] [    Test worker] o.h.boot.model.internal.AnnotatedColumn  : Binding column: AnnotatedColumn(column='ime_korisnika')
2025-06-03T11:54:19.692+02:00 DEBUG 20180 --- [backend] [    Test worker] o.h.boot.model.internal.PropertyBinder   : MetadataSourceProcessor property imeKorisnika with lazy=false
2025-06-03T11:54:19.692+02:00 DEBUG 20180 --- [backend] [    Test worker] o.h.b.m.internal.AbstractPropertyHolder  : Attempting to locate auto-apply AttributeConverter for property [backend.model.Korisnik:imeKorisnika]
2025-06-03T11:54:19.692+02:00 DEBUG 20180 --- [backend] [    Test worker] o.h.b.model.internal.BasicValueBinder    : building BasicValue for imeKorisnika
2025-06-03T11:54:19.693+02:00 DEBUG 20180 --- [backend] [    Test worker] org.hibernate.mapping.BasicValue         : Skipping column re-registration: fc_korisnik.ime_korisnika
2025-06-03T11:54:19.693+02:00 DEBUG 20180 --- [backend] [    Test worker] o.h.boot.model.internal.PropertyBinder   : Building property imeKorisnika
2025-06-03T11:54:19.693+02:00 DEBUG 20180 --- [backend] [    Test worker] o.h.boot.model.internal.AnnotatedColumn  : Binding column: AnnotatedColumn(column='lozinka_korisnika')
2025-06-03T11:54:19.693+02:00 DEBUG 20180 --- [backend] [    Test worker] o.h.boot.model.internal.PropertyBinder   : MetadataSourceProcessor property lozinkaKorisnika with lazy=false
2025-06-03T11:54:19.695+02:00 DEBUG 20180 --- [backend] [    Test worker] o.h.b.m.internal.AbstractPropertyHolder  : Attempting to locate auto-apply AttributeConverter for property [backend.model.Korisnik:lozinkaKorisnika]
2025-06-03T11:54:19.695+02:00 DEBUG 20180 --- [backend] [    Test worker] o.h.b.model.internal.BasicValueBinder    : building BasicValue for lozinkaKorisnika
2025-06-03T11:54:19.695+02:00 DEBUG 20180 --- [backend] [    Test worker] org.hibernate.mapping.BasicValue         : Skipping column re-registration: fc_korisnik.lozinka_korisnika
2025-06-03T11:54:19.695+02:00 DEBUG 20180 --- [backend] [    Test worker] o.h.boot.model.internal.PropertyBinder   : Building property lozinkaKorisnika
2025-06-03T11:54:19.698+02:00 DEBUG 20180 --- [backend] [    Test worker] o.h.boot.model.internal.AnnotatedColumn  : Binding column: AnnotatedColumn(column='mob_korisnika')
2025-06-03T11:54:19.702+02:00 DEBUG 20180 --- [backend] [    Test worker] o.h.boot.model.internal.PropertyBinder   : MetadataSourceProcessor property phone with lazy=false
2025-06-03T11:54:19.702+02:00 DEBUG 20180 --- [backend] [    Test worker] o.h.b.m.internal.AbstractPropertyHolder  : Attempting to locate auto-apply AttributeConverter for property [backend.model.Korisnik:phone]
2025-06-03T11:54:19.704+02:00 DEBUG 20180 --- [backend] [    Test worker] o.h.b.model.internal.BasicValueBinder    : building BasicValue for phone
2025-06-03T11:54:19.705+02:00 DEBUG 20180 --- [backend] [    Test worker] org.hibernate.mapping.BasicValue         : Skipping column re-registration: fc_korisnik.mob_korisnika
2025-06-03T11:54:19.706+02:00 DEBUG 20180 --- [backend] [    Test worker] o.h.boot.model.internal.PropertyBinder   : Building property phone
2025-06-03T11:54:19.711+02:00 DEBUG 20180 --- [backend] [    Test worker] o.h.boot.model.internal.AnnotatedColumn  : Binding column: AnnotatedJoinColumn(column='pretplata_id')
2025-06-03T11:54:19.716+02:00 DEBUG 20180 --- [backend] [    Test worker] o.h.boot.model.internal.AnnotatedColumn  : Binding column: AnnotatedColumn()
2025-06-03T11:54:19.733+02:00 DEBUG 20180 --- [backend] [    Test worker] o.h.boot.model.internal.PropertyBinder   : Building property pretplata
2025-06-03T11:54:19.734+02:00 DEBUG 20180 --- [backend] [    Test worker] o.h.boot.model.internal.AnnotatedColumn  : Binding column: AnnotatedColumn(column='prezime_korisnika')
2025-06-03T11:54:19.735+02:00 DEBUG 20180 --- [backend] [    Test worker] o.h.boot.model.internal.PropertyBinder   : MetadataSourceProcessor property prezimeKorisnika with lazy=false
2025-06-03T11:54:19.735+02:00 DEBUG 20180 --- [backend] [    Test worker] o.h.b.m.internal.AbstractPropertyHolder  : Attempting to locate auto-apply AttributeConverter for property [backend.model.Korisnik:prezimeKorisnika]
2025-06-03T11:54:19.736+02:00 DEBUG 20180 --- [backend] [    Test worker] o.h.b.model.internal.BasicValueBinder    : building BasicValue for prezimeKorisnika
2025-06-03T11:54:19.739+02:00 DEBUG 20180 --- [backend] [    Test worker] org.hibernate.mapping.BasicValue         : Skipping column re-registration: fc_korisnik.prezime_korisnika
2025-06-03T11:54:19.739+02:00 DEBUG 20180 --- [backend] [    Test worker] o.h.boot.model.internal.PropertyBinder   : Building property prezimeKorisnika
2025-06-03T11:54:19.740+02:00 DEBUG 20180 --- [backend] [    Test worker] o.h.boot.model.internal.AnnotatedColumn  : Binding column: AnnotatedColumn(column='role')
2025-06-03T11:54:19.741+02:00 DEBUG 20180 --- [backend] [    Test worker] o.h.boot.model.internal.PropertyBinder   : MetadataSourceProcessor property role with lazy=false
2025-06-03T11:54:19.741+02:00 DEBUG 20180 --- [backend] [    Test worker] o.h.b.m.internal.AbstractPropertyHolder  : Attempting to locate auto-apply AttributeConverter for property [backend.model.Korisnik:role]
2025-06-03T11:54:19.741+02:00 DEBUG 20180 --- [backend] [    Test worker] o.h.b.model.internal.BasicValueBinder    : building BasicValue for role
2025-06-03T11:54:19.741+02:00 DEBUG 20180 --- [backend] [    Test worker] org.hibernate.mapping.BasicValue         : Skipping column re-registration: fc_korisnik.role
2025-06-03T11:54:19.741+02:00 DEBUG 20180 --- [backend] [    Test worker] o.h.boot.model.internal.PropertyBinder   : Building property role
2025-06-03T11:54:19.743+02:00 DEBUG 20180 --- [backend] [    Test worker] o.h.b.r.c.i.ClassLoaderServiceImpl       : HHH000194: Package not found or no package-info.java: backend.model
2025-06-03T11:54:19.744+02:00 DEBUG 20180 --- [backend] [    Test worker] o.h.boot.model.internal.EntityBinder     : Binding entity from annotated class: backend.model.Pretplata
2025-06-03T11:54:19.745+02:00 DEBUG 20180 --- [backend] [    Test worker] o.h.boot.model.internal.EntityBinder     : Import with entity name Pretplata
2025-06-03T11:54:19.748+02:00 DEBUG 20180 --- [backend] [    Test worker] o.h.boot.model.internal.EntityBinder     : Bind entity backend.model.Pretplata on table fc_pretplata
2025-06-03T11:54:19.750+02:00 DEBUG 20180 --- [backend] [    Test worker] o.h.boot.model.internal.AnnotatedColumn  : Binding column: AnnotatedDiscriminatorColumn(column='DTYPE')
2025-06-03T11:54:19.752+02:00 DEBUG 20180 --- [backend] [    Test worker] o.h.boot.model.internal.AnnotatedColumn  : Binding column: AnnotatedColumn()
2025-06-03T11:54:19.752+02:00 DEBUG 20180 --- [backend] [    Test worker] o.h.boot.internal.ClassLoaderAccessImpl  : Not known whether passed class name [backend.model.Pretplata] is safe
2025-06-03T11:54:19.752+02:00 DEBUG 20180 --- [backend] [    Test worker] o.h.boot.internal.ClassLoaderAccessImpl  : No temp ClassLoader provided; using live ClassLoader for loading potentially unsafe class : backend.model.Pretplata
2025-06-03T11:54:19.755+02:00 DEBUG 20180 --- [backend] [    Test worker] o.h.boot.model.internal.PropertyBinder   : MetadataSourceProcessor property idPretplata with lazy=false
2025-06-03T11:54:19.755+02:00 DEBUG 20180 --- [backend] [    Test worker] o.h.b.m.internal.AbstractPropertyHolder  : Attempting to locate auto-apply AttributeConverter for property [backend.model.Pretplata:idPretplata]
2025-06-03T11:54:19.756+02:00 DEBUG 20180 --- [backend] [    Test worker] o.h.b.model.internal.BasicValueBinder    : building BasicValue for idPretplata
2025-06-03T11:54:19.757+02:00 DEBUG 20180 --- [backend] [    Test worker] org.hibernate.mapping.BasicValue         : Skipping column re-registration: fc_pretplata.id_pretplata
2025-06-03T11:54:19.759+02:00 DEBUG 20180 --- [backend] [    Test worker] o.h.boot.model.internal.PropertyBinder   : Building property idPretplata
2025-06-03T11:54:19.759+02:00 DEBUG 20180 --- [backend] [    Test worker] o.h.boot.model.internal.BinderHelper     : #makeIdGenerator(BasicValue([Column(id_pretplata)]), idPretplata, identity, , ...)
2025-06-03T11:54:19.760+02:00 DEBUG 20180 --- [backend] [    Test worker] o.h.boot.model.internal.AnnotatedColumn  : Binding column: AnnotatedColumn()
2025-06-03T11:54:19.760+02:00 DEBUG 20180 --- [backend] [    Test worker] o.h.boot.model.internal.PropertyBinder   : MetadataSourceProcessor property tipPretplate with lazy=false
2025-06-03T11:54:19.761+02:00 DEBUG 20180 --- [backend] [    Test worker] o.h.b.m.internal.AbstractPropertyHolder  : Attempting to locate auto-apply AttributeConverter for property [backend.model.Pretplata:tipPretplate]
2025-06-03T11:54:19.762+02:00 DEBUG 20180 --- [backend] [    Test worker] o.h.b.model.internal.BasicValueBinder    : building BasicValue for tipPretplate
2025-06-03T11:54:19.762+02:00 DEBUG 20180 --- [backend] [    Test worker] org.hibernate.mapping.BasicValue         : Skipping column re-registration: fc_pretplata.tip_pretplate
2025-06-03T11:54:19.763+02:00 DEBUG 20180 --- [backend] [    Test worker] o.h.boot.model.internal.PropertyBinder   : Building property tipPretplate
2025-06-03T11:54:19.768+02:00 DEBUG 20180 --- [backend] [    Test worker] o.h.b.r.c.i.ClassLoaderServiceImpl       : HHH000194: Package not found or no package-info.java: backend.model
2025-06-03T11:54:19.772+02:00 DEBUG 20180 --- [backend] [    Test worker] o.h.boot.model.internal.EntityBinder     : Binding entity from annotated class: backend.model.PretplataPoKorisniku
2025-06-03T11:54:19.773+02:00 DEBUG 20180 --- [backend] [    Test worker] o.h.boot.model.internal.EntityBinder     : Import with entity name PretplataPoKorisniku
2025-06-03T11:54:19.773+02:00 DEBUG 20180 --- [backend] [    Test worker] o.h.boot.model.internal.EntityBinder     : Bind entity backend.model.PretplataPoKorisniku on table fc_pretplata_po_korisniku
2025-06-03T11:54:19.773+02:00 DEBUG 20180 --- [backend] [    Test worker] o.h.boot.model.internal.AnnotatedColumn  : Binding column: AnnotatedDiscriminatorColumn(column='DTYPE')
2025-06-03T11:54:19.775+02:00 DEBUG 20180 --- [backend] [    Test worker] o.h.boot.model.internal.AnnotatedColumn  : Binding column: AnnotatedColumn()
2025-06-03T11:54:19.775+02:00 DEBUG 20180 --- [backend] [    Test worker] o.h.boot.internal.ClassLoaderAccessImpl  : Not known whether passed class name [backend.model.PretplataPoKorisniku] is safe
2025-06-03T11:54:19.775+02:00 DEBUG 20180 --- [backend] [    Test worker] o.h.boot.internal.ClassLoaderAccessImpl  : No temp ClassLoader provided; using live ClassLoader for loading potentially unsafe class : backend.model.PretplataPoKorisniku
2025-06-03T11:54:19.776+02:00 DEBUG 20180 --- [backend] [    Test worker] o.h.boot.model.internal.PropertyBinder   : MetadataSourceProcessor property idPretplatePoKorisniku with lazy=false
2025-06-03T11:54:19.777+02:00 DEBUG 20180 --- [backend] [    Test worker] o.h.b.m.internal.AbstractPropertyHolder  : Attempting to locate auto-apply AttributeConverter for property [backend.model.PretplataPoKorisniku:idPretplatePoKorisniku]
2025-06-03T11:54:19.777+02:00 DEBUG 20180 --- [backend] [    Test worker] o.h.b.model.internal.BasicValueBinder    : building BasicValue for idPretplatePoKorisniku
2025-06-03T11:54:19.777+02:00 DEBUG 20180 --- [backend] [    Test worker] org.hibernate.mapping.BasicValue         : Skipping column re-registration: fc_pretplata_po_korisniku.id_pretplate_po_korisniku
2025-06-03T11:54:19.777+02:00 DEBUG 20180 --- [backend] [    Test worker] o.h.boot.model.internal.PropertyBinder   : Building property idPretplatePoKorisniku
2025-06-03T11:54:19.777+02:00 DEBUG 20180 --- [backend] [    Test worker] o.h.boot.model.internal.BinderHelper     : #makeIdGenerator(BasicValue([Column(id_pretplate_po_korisniku)]), idPretplatePoKorisniku, identity, , ...)
2025-06-03T11:54:19.780+02:00 DEBUG 20180 --- [backend] [    Test worker] o.h.boot.model.internal.AnnotatedColumn  : Binding column: AnnotatedColumn()
2025-06-03T11:54:19.780+02:00 DEBUG 20180 --- [backend] [    Test worker] o.h.boot.model.internal.PropertyBinder   : MetadataSourceProcessor property datumPocetka with lazy=false
2025-06-03T11:54:19.781+02:00 DEBUG 20180 --- [backend] [    Test worker] o.h.b.m.internal.AbstractPropertyHolder  : Attempting to locate auto-apply AttributeConverter for property [backend.model.PretplataPoKorisniku:datumPocetka]
2025-06-03T11:54:19.781+02:00 DEBUG 20180 --- [backend] [    Test worker] o.h.b.model.internal.BasicValueBinder    : building BasicValue for datumPocetka
2025-06-03T11:54:19.781+02:00 DEBUG 20180 --- [backend] [    Test worker] org.hibernate.mapping.BasicValue         : Skipping column re-registration: fc_pretplata_po_korisniku.datum_pocetka
2025-06-03T11:54:19.782+02:00 DEBUG 20180 --- [backend] [    Test worker] o.h.boot.model.internal.PropertyBinder   : Building property datumPocetka
2025-06-03T11:54:19.785+02:00 DEBUG 20180 --- [backend] [    Test worker] o.h.boot.model.internal.AnnotatedColumn  : Binding column: AnnotatedColumn()
2025-06-03T11:54:19.785+02:00 DEBUG 20180 --- [backend] [    Test worker] o.h.boot.model.internal.PropertyBinder   : MetadataSourceProcessor property datumZavrsetka with lazy=false
2025-06-03T11:54:19.785+02:00 DEBUG 20180 --- [backend] [    Test worker] o.h.b.m.internal.AbstractPropertyHolder  : Attempting to locate auto-apply AttributeConverter for property [backend.model.PretplataPoKorisniku:datumZavrsetka]
2025-06-03T11:54:19.785+02:00 DEBUG 20180 --- [backend] [    Test worker] o.h.b.model.internal.BasicValueBinder    : building BasicValue for datumZavrsetka
2025-06-03T11:54:19.786+02:00 DEBUG 20180 --- [backend] [    Test worker] org.hibernate.mapping.BasicValue         : Skipping column re-registration: fc_pretplata_po_korisniku.datum_zavrsetka
2025-06-03T11:54:19.790+02:00 DEBUG 20180 --- [backend] [    Test worker] o.h.boot.model.internal.PropertyBinder   : Building property datumZavrsetka
2025-06-03T11:54:19.790+02:00 DEBUG 20180 --- [backend] [    Test worker] o.h.boot.model.internal.AnnotatedColumn  : Binding column: AnnotatedJoinColumn(column='id_korisnika')
2025-06-03T11:54:19.792+02:00 DEBUG 20180 --- [backend] [    Test worker] o.h.boot.model.internal.AnnotatedColumn  : Binding column: AnnotatedColumn()
2025-06-03T11:54:19.794+02:00 DEBUG 20180 --- [backend] [    Test worker] o.h.boot.model.internal.PropertyBinder   : Building property korisnik
2025-06-03T11:54:19.795+02:00 DEBUG 20180 --- [backend] [    Test worker] o.h.boot.model.internal.AnnotatedColumn  : Binding column: AnnotatedJoinColumn(column='id_pretplate')
2025-06-03T11:54:19.805+02:00 DEBUG 20180 --- [backend] [    Test worker] o.h.boot.model.internal.AnnotatedColumn  : Binding column: AnnotatedColumn()
2025-06-03T11:54:19.805+02:00 DEBUG 20180 --- [backend] [    Test worker] o.h.boot.model.internal.PropertyBinder   : Building property pretplata
2025-06-03T11:54:19.805+02:00 DEBUG 20180 --- [backend] [    Test worker] o.h.boot.model.internal.AnnotatedColumn  : Binding column: AnnotatedColumn()
2025-06-03T11:54:19.807+02:00 DEBUG 20180 --- [backend] [    Test worker] o.h.boot.model.internal.PropertyBinder   : MetadataSourceProcessor property status with lazy=false
2025-06-03T11:54:19.807+02:00 DEBUG 20180 --- [backend] [    Test worker] o.h.b.m.internal.AbstractPropertyHolder  : Attempting to locate auto-apply AttributeConverter for property [backend.model.PretplataPoKorisniku:status]
2025-06-03T11:54:19.808+02:00 DEBUG 20180 --- [backend] [    Test worker] o.h.b.model.internal.BasicValueBinder    : building BasicValue for status
2025-06-03T11:54:19.808+02:00 DEBUG 20180 --- [backend] [    Test worker] org.hibernate.mapping.BasicValue         : Skipping column re-registration: fc_pretplata_po_korisniku.status
2025-06-03T11:54:19.808+02:00 DEBUG 20180 --- [backend] [    Test worker] o.h.boot.model.internal.PropertyBinder   : Building property status
2025-06-03T11:54:19.808+02:00 DEBUG 20180 --- [backend] [    Test worker] o.h.boot.model.internal.AnnotatedColumn  : Binding column: AnnotatedColumn()
2025-06-03T11:54:19.809+02:00 DEBUG 20180 --- [backend] [    Test worker] o.h.boot.model.internal.PropertyBinder   : MetadataSourceProcessor property tipPlacanja with lazy=false
2025-06-03T11:54:19.809+02:00 DEBUG 20180 --- [backend] [    Test worker] o.h.b.m.internal.AbstractPropertyHolder  : Attempting to locate auto-apply AttributeConverter for property [backend.model.PretplataPoKorisniku:tipPlacanja]
2025-06-03T11:54:19.809+02:00 DEBUG 20180 --- [backend] [    Test worker] o.h.b.model.internal.BasicValueBinder    : building BasicValue for tipPlacanja
2025-06-03T11:54:19.809+02:00 DEBUG 20180 --- [backend] [    Test worker] org.hibernate.mapping.BasicValue         : Skipping column re-registration: fc_pretplata_po_korisniku.tip_placanja
2025-06-03T11:54:19.809+02:00 DEBUG 20180 --- [backend] [    Test worker] o.h.boot.model.internal.PropertyBinder   : Building property tipPlacanja
2025-06-03T11:54:19.811+02:00 DEBUG 20180 --- [backend] [    Test worker] o.h.b.r.c.i.ClassLoaderServiceImpl       : HHH000194: Package not found or no package-info.java: backend.model
2025-06-03T11:54:19.842+02:00 DEBUG 20180 --- [backend] [    Test worker] o.h.b.model.internal.BasicValueBinder    : Starting `BasicValueBinder#fillSimpleValue` for id
2025-06-03T11:54:19.846+02:00 DEBUG 20180 --- [backend] [    Test worker] o.h.b.model.internal.BasicValueBinder    : Starting `BasicValueBinder#fillSimpleValue` for cijena
2025-06-03T11:54:19.846+02:00 DEBUG 20180 --- [backend] [    Test worker] o.h.b.model.internal.BasicValueBinder    : Starting `BasicValueBinder#fillSimpleValue` for imgPath
2025-06-03T11:54:19.847+02:00 DEBUG 20180 --- [backend] [    Test worker] o.h.b.model.internal.BasicValueBinder    : Starting `BasicValueBinder#fillSimpleValue` for naziv
2025-06-03T11:54:19.849+02:00 DEBUG 20180 --- [backend] [    Test worker] o.h.b.model.internal.BasicValueBinder    : Starting `BasicValueBinder#fillSimpleValue` for nutritivneVrijednosti
2025-06-03T11:54:19.849+02:00 DEBUG 20180 --- [backend] [    Test worker] o.h.b.model.internal.BasicValueBinder    : Starting `BasicValueBinder#fillSimpleValue` for opis
2025-06-03T11:54:19.850+02:00 DEBUG 20180 --- [backend] [    Test worker] o.h.b.model.internal.BasicValueBinder    : Starting `BasicValueBinder#fillSimpleValue` for idKorisnika
2025-06-03T11:54:19.850+02:00 DEBUG 20180 --- [backend] [    Test worker] o.h.b.model.internal.BasicValueBinder    : Starting `BasicValueBinder#fillSimpleValue` for emailKorisnika
2025-06-03T11:54:19.850+02:00 DEBUG 20180 --- [backend] [    Test worker] o.h.b.model.internal.BasicValueBinder    : Starting `BasicValueBinder#fillSimpleValue` for imeKorisnika
2025-06-03T11:54:19.850+02:00 DEBUG 20180 --- [backend] [    Test worker] o.h.b.model.internal.BasicValueBinder    : Starting `BasicValueBinder#fillSimpleValue` for lozinkaKorisnika
2025-06-03T11:54:19.850+02:00 DEBUG 20180 --- [backend] [    Test worker] o.h.b.model.internal.BasicValueBinder    : Starting `BasicValueBinder#fillSimpleValue` for phone
2025-06-03T11:54:19.850+02:00 DEBUG 20180 --- [backend] [    Test worker] o.h.b.model.internal.BasicValueBinder    : Starting `BasicValueBinder#fillSimpleValue` for prezimeKorisnika
2025-06-03T11:54:19.851+02:00 DEBUG 20180 --- [backend] [    Test worker] o.h.b.model.internal.BasicValueBinder    : Starting `BasicValueBinder#fillSimpleValue` for role
2025-06-03T11:54:19.859+02:00 DEBUG 20180 --- [backend] [    Test worker] o.h.b.model.internal.BasicValueBinder    : Starting `BasicValueBinder#fillSimpleValue` for idPretplata
2025-06-03T11:54:19.860+02:00 DEBUG 20180 --- [backend] [    Test worker] o.h.b.model.internal.BasicValueBinder    : Starting `BasicValueBinder#fillSimpleValue` for tipPretplate
2025-06-03T11:54:19.867+02:00 DEBUG 20180 --- [backend] [    Test worker] o.h.b.model.internal.BasicValueBinder    : Starting `BasicValueBinder#fillSimpleValue` for idPretplatePoKorisniku
2025-06-03T11:54:19.868+02:00 DEBUG 20180 --- [backend] [    Test worker] o.h.b.model.internal.BasicValueBinder    : Starting `BasicValueBinder#fillSimpleValue` for datumPocetka
2025-06-03T11:54:19.869+02:00 DEBUG 20180 --- [backend] [    Test worker] o.h.b.model.internal.BasicValueBinder    : Starting `BasicValueBinder#fillSimpleValue` for datumZavrsetka
2025-06-03T11:54:19.877+02:00 DEBUG 20180 --- [backend] [    Test worker] o.h.b.model.internal.BasicValueBinder    : Starting `BasicValueBinder#fillSimpleValue` for status
2025-06-03T11:54:19.877+02:00 DEBUG 20180 --- [backend] [    Test worker] o.h.b.model.internal.BasicValueBinder    : Starting `BasicValueBinder#fillSimpleValue` for tipPlacanja
2025-06-03T11:54:19.905+02:00 DEBUG 20180 --- [backend] [    Test worker] org.hibernate.mapping.PrimaryKey         : Forcing column [id_jela] to be non-null as it is part of the primary key for table [fc_jelo]
2025-06-03T11:54:19.905+02:00 DEBUG 20180 --- [backend] [    Test worker] org.hibernate.mapping.PrimaryKey         : Forcing column [id_korisnika] to be non-null as it is part of the primary key for table [fc_korisnik]
2025-06-03T11:54:19.906+02:00 DEBUG 20180 --- [backend] [    Test worker] org.hibernate.mapping.PrimaryKey         : Forcing column [id_pretplata] to be non-null as it is part of the primary key for table [fc_pretplata]
2025-06-03T11:54:19.907+02:00 DEBUG 20180 --- [backend] [    Test worker] org.hibernate.mapping.PrimaryKey         : Forcing column [id_pretplate_po_korisniku] to be non-null as it is part of the primary key for table [fc_pretplata_po_korisniku]
2025-06-03T11:54:20.156+02:00 DEBUG 20180 --- [backend] [    Test worker] o.hibernate.internal.SessionFactoryImpl  : Building session factory
2025-06-03T11:54:20.298+02:00 DEBUG 20180 --- [backend] [    Test worker] .h.s.i.SessionFactoryServiceRegistryImpl : EventListenerRegistry access via ServiceRegistry is deprecated.  Use `sessionFactory.getEventEngine().getListenerRegistry()` instead
2025-06-03T11:54:20.300+02:00 DEBUG 20180 --- [backend] [    Test worker] o.hibernate.internal.SessionFactoryImpl  : Instantiating SessionFactory with settings: {java.specification.version=17, sun.cpu.isalist=amd64, hibernate.resource.beans.container=org.springframework.orm.hibernate5.SpringBeanContainer@5c3924fd, hibernate.connection.handling_mode=DELAYED_ACQUISITION_AND_HOLD, sun.jnu.encoding=Cp1250, hibernate.dialect=org.hibernate.dialect.MariaDBDialect, org.gradle.test.worker=4, hibernate.implicit_naming_strategy=org.springframework.boot.orm.jpa.hibernate.SpringImplicitNamingStrategy, java.class.path=C:\\Users\\korisnik\\.gradle\\caches\\8.13\\workerMain\\gradle-worker.jar;C:\\Users\\korisnik\\Documents\\backend\\Foodcription\\backend\\backend\\build\\classes\\java\\test;C:\\Users\\korisnik\\Documents\\backend\\Foodcription\\backend\\backend\\build\\classes\\java\\main;C:\\Users\\korisnik\\Documents\\backend\\Foodcription\\backend\\backend\\build\\resources\\main;C:\\Users\\korisnik\\.gradle\\caches\\modules-2\\files-2.1\\org.springframework.boot\\spring-boot-starter-data-jpa\\3.4.5\\c6ef06dfef1b02f3e3f82d67118d3944672e7d49\\spring-boot-starter-data-jpa-3.4.5.jar;C:\\Users\\korisnik\\.gradle\\caches\\modules-2\\files-2.1\\org.springframework.boot\\spring-boot-starter-web\\3.4.5\\54cb03e8615f0c10cd44b5b7d155af3d0be7d66a\\spring-boot-starter-web-3.4.5.jar;C:\\Users\\korisnik\\.gradle\\caches\\modules-2\\files-2.1\\org.springframework.boot\\spring-boot-starter-actuator\\3.4.5\\321436555190f2a7d3e630ca68fa57197f33616e\\spring-boot-starter-actuator-3.4.5.jar;C:\\Users\\korisnik\\.gradle\\caches\\modules-2\\files-2.1\\org.springframework.boot\\spring-boot-starter-security\\3.4.5\\1893f9d40f28cc47a87a3478b02e1e45650bfe43\\spring-boot-starter-security-3.4.5.jar;C:\\Users\\korisnik\\.gradle\\caches\\modules-2\\files-2.1\\io.jsonwebtoken\\jjwt-impl\\0.11.5\\40a599f0e8a8e4e0701596fbb15e67bfda64fdf0\\jjwt-impl-0.11.5.jar;C:\\Users\\korisnik\\.gradle\\caches\\modules-2\\files-2.1\\io.jsonwebtoken\\jjwt-jackson\\0.11.5\\3b83a06809e98a69402d7333dcf67df6f6ea4579\\jjwt-jackson-0.11.5.jar;C:\\Users\\korisnik\\.gradle\\caches\\modules-2\\files-2.1\\io.jsonwebtoken\\jjwt-api\\0.11.5\\f742940045619d06383e7df37b21ac422b476cf1\\jjwt-api-0.11.5.jar;C:\\Users\\korisnik\\.gradle\\caches\\modules-2\\files-2.1\\org.mariadb.jdbc\\mariadb-java-client\\3.3.3\\149f773186f5b7d2e840cfaecf4e3bcdddf7b065\\mariadb-java-client-3.3.3.jar;C:\\Users\\korisnik\\.gradle\\caches\\modules-2\\files-2.1\\org.springframework.boot\\spring-boot-starter-test\\3.4.5\\d32bf5dbb8fb188c0e26f2ebc659a8c29d1cb8c8\\spring-boot-starter-test-3.4.5.jar;C:\\Users\\korisnik\\.gradle\\caches\\modules-2\\files-2.1\\org.junit.jupiter\\junit-jupiter\\5.11.4\\a699f024a4a4706b36bddbeb42d499aff9e09379\\junit-jupiter-5.11.4.jar;C:\\Users\\korisnik\\.gradle\\caches\\modules-2\\files-2.1\\org.junit.jupiter\\junit-jupiter-engine\\5.11.4\\dc10ec209623986a68ea07f67cdc7d2a65a60355\\junit-jupiter-engine-5.11.4.jar;C:\\Users\\korisnik\\.gradle\\caches\\modules-2\\files-2.1\\org.junit.platform\\junit-platform-engine\\1.11.4\\21f61b123ad6ac8f7e73971bff3a096c8d8e1cd0\\junit-platform-engine-1.11.4.jar;C:\\Users\\korisnik\\.gradle\\caches\\modules-2\\files-2.1\\org.mockito\\mockito-junit-jupiter\\5.14.2\\3cfc377d4bb9fe729f3dd9098d9a9b27da58324a\\mockito-junit-jupiter-5.14.2.jar;C:\\Users\\korisnik\\.gradle\\caches\\modules-2\\files-2.1\\org.junit.jupiter\\junit-jupiter-params\\5.11.4\\e4c86fbe2a39c60c6b87260ef7f7e7c1a1906481\\junit-jupiter-params-5.11.4.jar;C:\\Users\\korisnik\\.gradle\\caches\\modules-2\\files-2.1\\org.junit.jupiter\\junit-jupiter-api\\5.11.4\\308315b28e667db4091b2ba1f7aa220d1ddadb97\\junit-jupiter-api-5.11.4.jar;C:\\Users\\korisnik\\.gradle\\caches\\modules-2\\files-2.1\\org.junit.platform\\junit-platform-commons\\1.11.4\\8898eea3ed0da2641548d602c3e308804f166303\\junit-platform-commons-1.11.4.jar;C:\\Users\\korisnik\\.gradle\\caches\\modules-2\\files-2.1\\org.junit.platform\\junit-platform-launcher\\1.11.4\\3d83c201899d8c5e74e1a5d628eab900342a0e48\\junit-platform-launcher-1.11.4.jar;C:\\Users\\korisnik\\.gradle\\caches\\modules-2\\files-2.1\\org.springframework.boot\\spring-boot-starter-jdbc\\3.4.5\\e361f635454d0694547cc226ece3aa10fde7ff2b\\spring-boot-starter-jdbc-3.4.5.jar;C:\\Users\\korisnik\\.gradle\\caches\\modules-2\\files-2.1\\org.springframework.boot\\spring-boot-starter-json\\3.4.5\\b7a87d4565c99754e0fcf4da405ebe3ab0870c88\\spring-boot-starter-json-3.4.5.jar;C:\\Users\\korisnik\\.gradle\\caches\\modules-2\\files-2.1\\org.springframework.boot\\spring-boot-starter\\3.4.5\\3b1cd30bd3be52f5fd0c0934882ec86ed4457646\\spring-boot-starter-3.4.5.jar;C:\\Users\\korisnik\\.gradle\\caches\\modules-2\\files-2.1\\org.hibernate.orm\\hibernate-core\\6.6.13.Final\\e7f1b2d53e89b9863dca12cd5f1b261ba413415b\\hibernate-core-6.6.13.Final.jar;C:\\Users\\korisnik\\.gradle\\caches\\modules-2\\files-2.1\\org.springframework.data\\spring-data-jpa\\3.4.5\\40000309bebdc0e4e284211701f039eb5b1fb1a6\\spring-data-jpa-3.4.5.jar;C:\\Users\\korisnik\\.gradle\\caches\\modules-2\\files-2.1\\org.springframework\\spring-aspects\\6.2.6\\2bb7fe48b4fef28af71be32815200c19ac95f783\\spring-aspects-6.2.6.jar;C:\\Users\\korisnik\\.gradle\\caches\\modules-2\\files-2.1\\org.springframework.boot\\spring-boot-starter-tomcat\\3.4.5\\d3121e25897969409967675c0c450dd3cad45162\\spring-boot-starter-tomcat-3.4.5.jar;C:\\Users\\korisnik\\.gradle\\caches\\modules-2\\files-2.1\\org.springframework\\spring-webmvc\\6.2.6\\48c37c417d00b9dc12e344892b206bbbf67f0945\\spring-webmvc-6.2.6.jar;C:\\Users\\korisnik\\.gradle\\caches\\modules-2\\files-2.1\\org.springframework.security\\spring-security-web\\6.4.5\\f430226d6af53c86bf02feb461d9b035953d8deb\\spring-security-web-6.4.5.jar;C:\\Users\\korisnik\\.gradle\\caches\\modules-2\\files-2.1\\org.springframework\\spring-web\\6.2.6\\17a4f806e877a1064a2442fe7545b0036fb9550f\\spring-web-6.2.6.jar;C:\\Users\\korisnik\\.gradle\\caches\\modules-2\\files-2.1\\org.springframework.boot\\spring-boot-actuator-autoconfigure\\3.4.5\\ca0012cdf3137b4f056d073334d176e6d1f0464b\\spring-boot-actuator-autoconfigure-3.4.5.jar;C:\\Users\\korisnik\\.gradle\\caches\\modules-2\\files-2.1\\io.micrometer\\micrometer-jakarta9\\1.14.6\\3fd1fe50bde7bf89f64ea69c0007f55935febcc3\\micrometer-jakarta9-1.14.6.jar;C:\\Users\\korisnik\\.gradle\\caches\\modules-2\\files-2.1\\org.springframework.security\\spring-security-config\\6.4.5\\51f03717b00eb1843073cccb0ff294edb7946917\\spring-security-config-6.4.5.jar;C:\\Users\\korisnik\\.gradle\\caches\\modules-2\\files-2.1\\org.springframework.boot\\spring-boot-test-autoconfigure\\3.4.5\\c09f2ad6c025325b151ed1643cbbad93217eecfb\\spring-boot-test-autoconfigure-3.4.5.jar;C:\\Users\\korisnik\\.gradle\\caches\\modules-2\\files-2.1\\org.springframework.boot\\spring-boot-test\\3.4.5\\5029e995e6d69785f3125ba9ea043490b80cbe83\\spring-boot-test-3.4.5.jar;C:\\Users\\korisnik\\.gradle\\caches\\modules-2\\files-2.1\\org.springframework.boot\\spring-boot-autoconfigure\\3.4.5\\c44ad60865ca1d0b88e576b0355e755ed28aec52\\spring-boot-autoconfigure-3.4.5.jar;C:\\Users\\korisnik\\.gradle\\caches\\modules-2\\files-2.1\\org.springframework.boot\\spring-boot-actuator\\3.4.5\\605c2f057a4c204f247198a7ddedbf4b03131df1\\spring-boot-actuator-3.4.5.jar;C:\\Users\\korisnik\\.gradle\\caches\\modules-2\\files-2.1\\org.springframework.boot\\spring-boot\\3.4.5\\414fcf9f9e0ccb961243d8f36ef8ad6d4040e745\\spring-boot-3.4.5.jar;C:\\Users\\korisnik\\.gradle\\caches\\modules-2\\files-2.1\\org.springframework.security\\spring-security-core\\6.4.5\\ae545fe651f167ccf36f494300f460d6f8c978b8\\spring-security-core-6.4.5.jar;C:\\Users\\korisnik\\.gradle\\caches\\modules-2\\files-2.1\\org.springframework\\spring-context\\6.2.6\\ae08b2ec4a49ab7acb0b5eea7c309363139d54ad\\spring-context-6.2.6.jar;C:\\Users\\korisnik\\.gradle\\caches\\modules-2\\files-2.1\\io.micrometer\\micrometer-core\\1.14.6\\c2378cc214ef7d8672f95d731e90212bd227ebcb\\micrometer-core-1.14.6.jar;C:\\Users\\korisnik\\.gradle\\caches\\modules-2\\files-2.1\\io.micrometer\\micrometer-observation\\1.14.6\\3ba55114eb3f2b33431ce6cf80c6114cf2b21c9\\micrometer-observation-1.14.6.jar;C:\\Users\\korisnik\\.gradle\\caches\\modules-2\\files-2.1\\org.springframework\\spring-aop\\6.2.6\\ab5502a1e9694f2ecd001ecb1ee1fc46b29cfbd9\\spring-aop-6.2.6.jar;C:\\Users\\korisnik\\.gradle\\caches\\modules-2\\files-2.1\\com.github.waffle\\waffle-jna\\3.3.0\\6c1a06b345702bb1dfd77006af926b091bded851\\waffle-jna-3.3.0.jar;C:\\Users\\korisnik\\.gradle\\caches\\modules-2\\files-2.1\\com.fasterxml.jackson.datatype\\jackson-datatype-jsr310\\2.18.3\\cc57924cccf42fc852081c36215272f84ffcd991\\jackson-datatype-jsr310-2.18.3.jar;C:\\Users\\korisnik\\.gradle\\caches\\modules-2\\files-2.1\\com.fasterxml.jackson.module\\jackson-module-parameter-names\\2.18.3\\fa63ae5eb3956b1a6d7a7ead2b513af89dea22e7\\jackson-module-parameter-names-2.18.3.jar;C:\\Users\\korisnik\\.gradle\\caches\\modules-2\\files-2.1\\com.fasterxml.jackson.core\\jackson-annotations\\2.18.3\\7fa21cf7da4598f8240e4ebd9779249622af1acd\\jackson-annotations-2.18.3.jar;C:\\Users\\korisnik\\.gradle\\caches\\modules-2\\files-2.1\\com.fasterxml.jackson.core\\jackson-core\\2.18.3\\78f80c259268200e588aa204dd97ecf09b76916e\\jackson-core-2.18.3.jar;C:\\Users\\korisnik\\.gradle\\caches\\modules-2\\files-2.1\\com.fasterxml.jackson.datatype\\jackson-datatype-jdk8\\2.18.3\\621558295660935134b171ce2b0d9ad6842ec2ff\\jackson-datatype-jdk8-2.18.3.jar;C:\\Users\\korisnik\\.gradle\\caches\\modules-2\\files-2.1\\com.fasterxml.jackson.core\\jackson-databind\\2.18.3\\537e3886263e3b3464385040453e92567fd509e2\\jackson-databind-2.18.3.jar;C:\\Users\\korisnik\\.gradle\\caches\\modules-2\\files-2.1\\com.jayway.jsonpath\\json-path\\2.9.0\\37fe2217f577b0b68b18e62c4d17a8858ecf9b69\\json-path-2.9.0.jar;C:\\Users\\korisnik\\.gradle\\caches\\modules-2\\files-2.1\\org.glassfish.jaxb\\jaxb-runtime\\4.0.5\\ca84c2a7169b5293e232b9d00d1e4e36d4c3914a\\jaxb-runtime-4.0.5.jar;C:\\Users\\korisnik\\.gradle\\caches\\modules-2\\files-2.1\\org.glassfish.jaxb\\jaxb-core\\4.0.5\\7b4b11ea5542eea4ad55e1080b23be436795b3\\jaxb-core-4.0.5.jar;C:\\Users\\korisnik\\.gradle\\caches\\modules-2\\files-2.1\\jakarta.xml.bind\\jakarta.xml.bind-api\\4.0.2\\6cd5a999b834b63238005b7144136379dc36cad2\\jakarta.xml.bind-api-4.0.2.jar;C:\\Users\\korisnik\\.gradle\\caches\\modules-2\\files-2.1\\net.minidev\\json-smart\\2.5.2\\95d166b18f95907be0f46cdb9e1c0695eed03387\\json-smart-2.5.2.jar;C:\\Users\\korisnik\\.gradle\\caches\\modules-2\\files-2.1\\org.assertj\\assertj-core\\3.26.3\\d26263eb7524252d98e602fc6942996a3195e29\\assertj-core-3.26.3.jar;C:\\Users\\korisnik\\.gradle\\caches\\modules-2\\files-2.1\\org.awaitility\\awaitility\\4.2.2\\7336242073ebf83fe034e42b46a403c5501b63c9\\awaitility-4.2.2.jar;C:\\Users\\korisnik\\.gradle\\caches\\modules-2\\files-2.1\\org.hamcrest\\hamcrest\\2.2\\1820c0968dba3a11a1b30669bb1f01978a91dedc\\hamcrest-2.2.jar;C:\\Users\\korisnik\\.gradle\\caches\\modules-2\\files-2.1\\org.mockito\\mockito-core\\5.14.2\\f7bf936008d7664e2002c3faf0c02071c8d10e7c\\mockito-core-5.14.2.jar;C:\\Users\\korisnik\\.gradle\\caches\\modules-2\\files-2.1\\org.skyscreamer\\jsonassert\\1.5.3\\aaa43e0823d2a0e106e8754d6a9c4ab24e05e9bc\\jsonassert-1.5.3.jar;C:\\Users\\korisnik\\.gradle\\caches\\modules-2\\files-2.1\\org.springframework\\spring-test\\6.2.6\\1f1d95749dca9a7535f0ba51e1dfdbf987bebcf1\\spring-test-6.2.6.jar;C:\\Users\\korisnik\\.gradle\\caches\\modules-2\\files-2.1\\org.springframework\\spring-orm\\6.2.6\\b579360aaab1e52ec95d0538cc3c89fa8689485d\\spring-orm-6.2.6.jar;C:\\Users\\korisnik\\.gradle\\caches\\modules-2\\files-2.1\\org.springframework\\spring-jdbc\\6.2.6\\529137b0f92d8cfd13876e6aa8df9088246b4755\\spring-jdbc-6.2.6.jar;C:\\Users\\korisnik\\.gradle\\caches\\modules-2\\files-2.1\\org.springframework.data\\spring-data-commons\\3.4.5\\bad5044a4d2f322ff939247ff448d4322c6b7d5d\\spring-data-commons-3.4.5.jar;C:\\Users\\korisnik\\.gradle\\caches\\modules-2\\files-2.1\\org.springframework\\spring-tx\\6.2.6\\fb46b2d651a6c509625bc6e7e38865137f658eca\\spring-tx-6.2.6.jar;C:\\Users\\korisnik\\.gradle\\caches\\modules-2\\files-2.1\\org.springframework\\spring-beans\\6.2.6\\d43abe3b5765748210c511043b1d4904ca216a9f\\spring-beans-6.2.6.jar;C:\\Users\\korisnik\\.gradle\\caches\\modules-2\\files-2.1\\org.springframework\\spring-expression\\6.2.6\\d9efc768cfda1d97c8fe769a9d50f936eb7f18e2\\spring-expression-6.2.6.jar;C:\\Users\\korisnik\\.gradle\\caches\\modules-2\\files-2.1\\org.springframework\\spring-core\\6.2.6\\4639dac5fc46cb6a9f6eb2709decfb90313e0f2c\\spring-core-6.2.6.jar;C:\\Users\\korisnik\\.gradle\\caches\\modules-2\\files-2.1\\org.xmlunit\\xmlunit-core\\2.10.0\\1355088731b4ec2107ff7f319f0d7445d916bab\\xmlunit-core-2.10.0.jar;C:\\Users\\korisnik\\.gradle\\caches\\modules-2\\files-2.1\\org.springframework.boot\\spring-boot-starter-logging\\3.4.5\\f4821c3181ef6dfbbc5305ebf5a3ed2c5493ef14\\spring-boot-starter-logging-3.4.5.jar;C:\\Users\\korisnik\\.gradle\\caches\\modules-2\\files-2.1\\jakarta.annotation\\jakarta.annotation-api\\2.1.1\\48b9bda22b091b1f48b13af03fe36db3be6e1ae3\\jakarta.annotation-api-2.1.1.jar;C:\\Users\\korisnik\\.gradle\\caches\\modules-2\\files-2.1\\org.yaml\\snakeyaml\\2.3\\936b36210e27320f920536f695cf1af210c44586\\snakeyaml-2.3.jar;C:\\Users\\korisnik\\.gradle\\caches\\modules-2\\files-2.1\\com.zaxxer\\HikariCP\\5.1.0\\8c96e36c14461fc436bb02b264b96ef3ca5dca8c\\HikariCP-5.1.0.jar;C:\\Users\\korisnik\\.gradle\\caches\\modules-2\\files-2.1\\jakarta.persistence\\jakarta.persistence-api\\3.1.0\\66901fa1c373c6aff65c13791cc11da72060a8d6\\jakarta.persistence-api-3.1.0.jar;C:\\Users\\korisnik\\.gradle\\caches\\modules-2\\files-2.1\\jakarta.transaction\\jakarta.transaction-api\\2.0.1\\51a520e3fae406abb84e2e1148e6746ce3f80a1a\\jakarta.transaction-api-2.0.1.jar;C:\\Users\\korisnik\\.gradle\\caches\\modules-2\\files-2.1\\org.jboss.logging\\jboss-logging\\3.6.1.Final\\886afbb445b4016a37c8960a7aef6ebd769ce7e5\\jboss-logging-3.6.1.Final.jar;C:\\Users\\korisnik\\.gradle\\caches\\modules-2\\files-2.1\\org.hibernate.common\\hibernate-commons-annotations\\7.0.3.Final\\e183c4be8bb41d12e9f19b374e00c34a0a85f439\\hibernate-commons-annotations-7.0.3.Final.jar;C:\\Users\\korisnik\\.gradle\\caches\\modules-2\\files-2.1\\io.smallrye\\jandex\\3.2.0\\f17ad860f62a08487b9edabde608f8ac55c62fa7\\jandex-3.2.0.jar;C:\\Users\\korisnik\\.gradle\\caches\\modules-2\\files-2.1\\com.fasterxml\\classmate\\1.7.0\\e98374da1f2143ac8e6e0a95036994bb19137a3\\classmate-1.7.0.jar;C:\\Users\\korisnik\\.gradle\\caches\\modules-2\\files-2.1\\net.bytebuddy\\byte-buddy\\1.15.11\\f61886478e0f9ee4c21d09574736f0ff45e0a46c\\byte-buddy-1.15.11.jar;C:\\Users\\korisnik\\.gradle\\caches\\modules-2\\files-2.1\\jakarta.inject\\jakarta.inject-api\\2.0.1\\4c28afe1991a941d7702fe1362c365f0a8641d1e\\jakarta.inject-api-2.0.1.jar;C:\\Users\\korisnik\\.gradle\\caches\\modules-2\\files-2.1\\org.antlr\\antlr4-runtime\\4.13.0\\5a02e48521624faaf5ff4d99afc88b01686af655\\antlr4-runtime-4.13.0.jar;C:\\Users\\korisnik\\.gradle\\caches\\modules-2\\files-2.1\\org.slf4j\\jcl-over-slf4j\\2.0.17\\76ea503eb688f06556a9ba69995d7eab63e34531\\jcl-over-slf4j-2.0.17.jar;C:\\Users\\korisnik\\.gradle\\caches\\modules-2\\files-2.1\\ch.qos.logback\\logback-classic\\1.5.18\\fc371f3fc97a639de2d67947cffb7518ec5e3d40\\logback-classic-1.5.18.jar;C:\\Users\\korisnik\\.gradle\\caches\\modules-2\\files-2.1\\org.apache.logging.log4j\\log4j-to-slf4j\\2.24.3\\da1143e2a2531ee1c2d90baa98eb50a28a39d5a7\\log4j-to-slf4j-2.24.3.jar;C:\\Users\\korisnik\\.gradle\\caches\\modules-2\\files-2.1\\org.slf4j\\jul-to-slf4j\\2.0.17\\524cb6ccc2b68a57604750e1ab8b13b5a786a6aa\\jul-to-slf4j-2.0.17.jar;C:\\Users\\korisnik\\.gradle\\caches\\modules-2\\files-2.1\\org.slf4j\\slf4j-api\\2.0.17\\d9e58ac9c7779ba3bf8142aff6c830617a7fe60f\\slf4j-api-2.0.17.jar;C:\\Users\\korisnik\\.gradle\\caches\\modules-2\\files-2.1\\org.aspectj\\aspectjweaver\\1.9.24\\9b5aeb0cea9f958b9c57fb80e62996e95a3e9379\\aspectjweaver-1.9.24.jar;C:\\Users\\korisnik\\.gradle\\caches\\modules-2\\files-2.1\\org.apache.tomcat.embed\\tomcat-embed-websocket\\10.1.40\\ffdcf96aa28e77858644f4db100e8de896ba58e3\\tomcat-embed-websocket-10.1.40.jar;C:\\Users\\korisnik\\.gradle\\caches\\modules-2\\files-2.1\\org.apache.tomcat.embed\\tomcat-embed-core\\10.1.40\\fc1c09b726336dc6f7dde0408cebb1a56a3a28d3\\tomcat-embed-core-10.1.40.jar;C:\\Users\\korisnik\\.gradle\\caches\\modules-2\\files-2.1\\org.apache.tomcat.embed\\tomcat-embed-el\\10.1.40\\1b321790508c1d410689b4f496dae18a97fa6ae9\\tomcat-embed-el-10.1.40.jar;C:\\Users\\korisnik\\.gradle\\caches\\modules-2\\files-2.1\\io.micrometer\\micrometer-commons\\1.14.6\\1a6595762c77bd8401cf51aa11bac8e4fa747545\\micrometer-commons-1.14.6.jar;C:\\Users\\korisnik\\.gradle\\caches\\modules-2\\files-2.1\\net.java.dev.jna\\jna-platform\\5.13.0\\88e9a306715e9379f3122415ef4ae759a352640d\\jna-platform-5.13.0.jar;C:\\Users\\korisnik\\.gradle\\caches\\modules-2\\files-2.1\\net.java.dev.jna\\jna\\5.13.0\\1200e7ebeedbe0d10062093f32925a912020e747\\jna-5.13.0.jar;C:\\Users\\korisnik\\.gradle\\caches\\modules-2\\files-2.1\\com.github.ben-manes.caffeine\\caffeine\\3.1.8\\24795585df8afaf70a2cd534786904ea5889c047\\caffeine-3.1.8.jar;C:\\Users\\korisnik\\.gradle\\caches\\modules-2\\files-2.1\\org.checkerframework\\checker-qual\\3.37.0\\ba74746d38026581c12166e164bb3c15e90cc4ea\\checker-qual-3.37.0.jar;C:\\Users\\korisnik\\.gradle\\caches\\modules-2\\files-2.1\\org.eclipse.angus\\angus-activation\\2.0.2\\41f1e0ddd157c856926ed149ab837d110955a9fc\\angus-activation-2.0.2.jar;C:\\Users\\korisnik\\.gradle\\caches\\modules-2\\files-2.1\\jakarta.activation\\jakarta.activation-api\\2.1.3\\fa165bd70cda600368eee31555222776a46b881f\\jakarta.activation-api-2.1.3.jar;C:\\Users\\korisnik\\.gradle\\caches\\modules-2\\files-2.1\\net.minidev\\accessors-smart\\2.5.2\\ce16fd235cfee48e67eda33e684423bba09f7d07\\accessors-smart-2.5.2.jar;C:\\Users\\korisnik\\.gradle\\caches\\modules-2\\files-2.1\\net.bytebuddy\\byte-buddy-agent\\1.15.11\\a38b16385e867f59a641330f0362ebe742788ed8\\byte-buddy-agent-1.15.11.jar;C:\\Users\\korisnik\\.gradle\\caches\\modules-2\\files-2.1\\org.objenesis\\objenesis\\3.3\\1049c09f1de4331e8193e579448d0916d75b7631\\objenesis-3.3.jar;C:\\Users\\korisnik\\.gradle\\caches\\modules-2\\files-2.1\\com.vaadin.external.google\\android-json\\0.0.20131108.vaadin1\\fa26d351fe62a6a17f5cda1287c1c6110dec413f\\android-json-0.0.20131108.vaadin1.jar;C:\\Users\\korisnik\\.gradle\\caches\\modules-2\\files-2.1\\org.springframework\\spring-jcl\\6.2.6\\f4468f33de0015179abb6055964801bc962f8d51\\spring-jcl-6.2.6.jar;C:\\Users\\korisnik\\.gradle\\caches\\modules-2\\files-2.1\\org.opentest4j\\opentest4j\\1.3.0\\152ea56b3a72f655d4fd677fc0ef2596c3dd5e6e\\opentest4j-1.3.0.jar;C:\\Users\\korisnik\\.gradle\\caches\\modules-2\\files-2.1\\org.hdrhistogram\\HdrHistogram\\2.2.2\\7959933ebcc0f05b2eaa5af0a0c8689fa257b15c\\HdrHistogram-2.2.2.jar;C:\\Users\\korisnik\\.gradle\\caches\\modules-2\\files-2.1\\org.latencyutils\\LatencyUtils\\2.0.3\\769c0b82cb2421c8256300e907298a9410a2a3d3\\LatencyUtils-2.0.3.jar;C:\\Users\\korisnik\\.gradle\\caches\\modules-2\\files-2.1\\org.springframework.security\\spring-security-crypto\\6.4.5\\9d3340a1f6cd975dbb72b22b865119b614c43060\\spring-security-crypto-6.4.5.jar;C:\\Users\\korisnik\\.gradle\\caches\\modules-2\\files-2.1\\com.google.errorprone\\error_prone_annotations\\2.21.1\\6d9b10773b5237df178a7b3c1b4208df7d0e7f94\\error_prone_annotations-2.21.1.jar;C:\\Users\\korisnik\\.gradle\\caches\\modules-2\\files-2.1\\org.ow2.asm\\asm\\9.7.1\\f0ed132a49244b042cd0e15702ab9f2ce3cc8436\\asm-9.7.1.jar;C:\\Users\\korisnik\\.gradle\\caches\\modules-2\\files-2.1\\ch.qos.logback\\logback-core\\1.5.18\\6c0375624f6f36b4e089e2488ba21334a11ef13f\\logback-core-1.5.18.jar;C:\\Users\\korisnik\\.gradle\\caches\\modules-2\\files-2.1\\org.apache.logging.log4j\\log4j-api\\2.24.3\\b02c125db8b6d295adf72ae6e71af5d83bce2370\\log4j-api-2.24.3.jar;C:\\Users\\korisnik\\.gradle\\caches\\modules-2\\files-2.1\\org.glassfish.jaxb\\txw2\\4.0.5\\f36a4ef12120a9bb06d766d6a0e54b144fd7ed98\\txw2-4.0.5.jar;C:\\Users\\korisnik\\.gradle\\caches\\modules-2\\files-2.1\\com.sun.istack\\istack-commons-runtime\\4.1.2\\18ec117c85f3ba0ac65409136afa8e42bc74e739\\istack-commons-runtime-4.1.2.jar, java.vm.vendor=Eclipse Adoptium, sun.arch.data.model=64, user.variant=, java.vendor.url=https://adoptium.net/, user.timezone=Europe/Zagreb, jakarta.persistence.sharedCache.mode=UNSPECIFIED, org.jboss.logging.provider=slf4j, java.vm.specification.version=17, os.name=Windows 10, APPLICATION_NAME=backend, jakarta.persistence.nonJtaDataSource=HikariDataSource (HikariPool-1), user.country=HR, sun.java.launcher=SUN_STANDARD, sun.boot.library.path=C:\Program Files\Eclipse Adoptium\jdk-17.0.15.6-hotspot\bin, sun.java.command=worker.org.gradle.process.internal.worker.GradleWorkerMain 'Gradle Test Executor 4', javax.persistence.nonJtaDataSource=HikariDataSource (HikariPool-1), hibernate.transaction.jta.platform=org.hibernate.engine.transaction.jta.platform.internal.NoJtaPlatform@3ec211cc, jdk.debug=release, sun.cpu.endian=little, hibernate.cdi.extensions=true, user.home=C:\Users\korisnik, user.language=hr, java.specification.vendor=Oracle Corporation, java.version.date=2025-04-15, java.home=C:\Program Files\Eclipse Adoptium\jdk-17.0.15.6-hotspot, file.separator=\, java.vm.compressedOopsMode=32-bit, line.separator=
, hibernate.persistenceUnitName=default, java.vm.specification.vendor=Oracle Corporation, java.specification.name=Java Platform API Specification, FILE_LOG_CHARSET=windows-1250, hibernate.transaction.coordinator_class=class org.hibernate.resource.transaction.backend.jdbc.internal.JdbcResourceLocalTransactionCoordinatorBuilderImpl, java.awt.headless=true, jakarta.persistence.validation.mode=AUTO, user.script=, sun.management.compiler=HotSpot 64-Bit Tiered Compilers, java.runtime.version=17.0.15+6, user.name=korisnik, path.separator=;, os.version=10.0, java.runtime.name=OpenJDK Runtime Environment, file.encoding=windows-1250, java.vm.name=OpenJDK 64-Bit Server VM, hibernate.show_sql=true, java.vendor.version=Temurin-17.0.15+6, java.vendor.url.bug=https://github.com/adoptium/adoptium-support/issues, java.io.tmpdir=C:\Users\korisnik\AppData\Local\Temp\, java.version=17.0.15, hibernate.physical_naming_strategy=org.hibernate.boot.model.naming.CamelCaseToUnderscoresNamingStrategy, user.dir=C:\Users\korisnik\Documents\backend\Foodcription\backend\backend, os.arch=amd64, java.vm.specification.name=Java Virtual Machine Specification, PID=20180, org.gradle.internal.worker.tmpdir=C:\Users\korisnik\Documents\backend\Foodcription\backend\backend\build\tmp\test\work, sun.os.patch.level=, CONSOLE_LOG_CHARSET=windows-1250, hibernate.boot.CfgXmlAccessService.key=org.hibernate.boot.registry.StandardServiceRegistryBuilder$1@6b94c200, native.encoding=Cp1250, java.library.path=C:\Program Files\Eclipse Adoptium\jdk-17.0.15.6-hotspot\bin;C:\WINDOWS\Sun\Java\bin;C:\WINDOWS\system32;C:\WINDOWS;C:\Users\korisnik\bin;C:\Program Files\Git\mingw64\bin;C:\Program Files\Git\usr\local\bin;C:\Program Files\Git\usr\bin;C:\Program Files\Git\usr\bin;C:\Program Files\Git\mingw64\bin;C:\Program Files\Git\usr\bin;C:\Users\korisnik\bin;C:\Program Files\Eclipse Adoptium\jdk-17.0.15.6-hotspot\bin;C:\Python313\Scripts;C:\Python313;C:\Program Files\Common Files\Oracle\Java\javapath;C:\Program Files (x86)\Common Files\Oracle\Java\java8path;C:\Program Files (x86)\Common Files\Oracle\Java\javapath;C:\WINDOWS\system32;C:\WINDOWS;C:\WINDOWS\System32\Wbem;C:\WINDOWS\System32\WindowsPowerShell\v1.0;C:\WINDOWS\System32\OpenSSH;C:\Program Files\dotnet;C:\Program Files (x86)\NVIDIA Corporation\PhysX\Common;F:\Florijan\ATLauncher\spigot\Git\cmd;F:\WinSCP;C:\Program Files\NVIDIA Corporation\NVIDIA app\NvDLISR;C:\Program Files\Git\cmd;C:\Program Files\nodejs;C:\ProgramData\chocolatey\bin;F:\Florijan\Python1\Scripts;F:\Florijan\Python1;C:\Program Files (x86)\Nmap;C:\Users\korisnik\AppData\Local\Programs\Microsoft VS Code\bin;C:\Users\korisnik\AppData\Roaming\npm;C:\Users\korisnik\AppData\Roaming\Code\User\globalStorage\github.copilot-chat\debugCommand;C:\Program Files\Git\usr\bin\vendor_perl;C:\Program Files\Git\usr\bin\core_perl;., java.vendor=Eclipse Adoptium, java.vm.info=mixed mode, sharing, java.vm.version=17.0.15+6, java.specification.maintenance.version=1, sun.io.unicode.encoding=UnicodeLittle, hibernate.archive.scanner=org.hibernate.boot.archive.scan.internal.DisabledScanner, hibernate.connection.datasource=HikariDataSource (HikariPool-1), java.class.version=61.0, LOGGED_APPLICATION_NAME=[backend] }
2025-06-03T11:54:20.313+02:00 DEBUG 20180 --- [backend] [    Test worker] o.hibernate.internal.SessionFactoryImpl  : Session factory constructed with filter configurations : {}
2025-06-03T11:54:20.350+02:00 DEBUG 20180 --- [backend] [    Test worker] .h.t.s.s.SchemaManagementToolCoordinator : No schema actions specified for contributor `orm`; doing nothing
2025-06-03T11:54:20.505+02:00 DEBUG 20180 --- [backend] [    Test worker] o.h.q.sqm.function.SqmFunctionRegistry   : Registered SqmFunctionTemplate [NamedSqmFunctionTemplate(max)] under max; prior registration was null
2025-06-03T11:54:20.505+02:00 DEBUG 20180 --- [backend] [    Test worker] o.h.q.sqm.function.SqmFunctionRegistry   : Registered SqmFunctionTemplate [NamedSqmFunctionTemplate(min)] under min; prior registration was null
2025-06-03T11:54:20.506+02:00 DEBUG 20180 --- [backend] [    Test worker] o.h.q.sqm.function.SqmFunctionRegistry   : Registered SqmFunctionTemplate [NamedSqmFunctionTemplate(sum)] under sum; prior registration was null
2025-06-03T11:54:20.509+02:00 DEBUG 20180 --- [backend] [    Test worker] o.h.q.sqm.function.SqmFunctionRegistry   : Registered SqmFunctionTemplate [NamedSqmFunctionTemplate(avg)] under avg; prior registration was null
2025-06-03T11:54:20.513+02:00 DEBUG 20180 --- [backend] [    Test worker] o.h.q.sqm.function.SqmFunctionRegistry   : Registered SqmFunctionTemplate [org.hibernate.dialect.function.CountFunction@1958524b] under count; prior registration was null
2025-06-03T11:54:20.518+02:00 DEBUG 20180 --- [backend] [    Test worker] o.h.q.sqm.function.SqmFunctionRegistry   : Registered SqmFunctionTemplate [org.hibernate.dialect.function.EveryAnyEmulation@7c39193f] under every; prior registration was null
2025-06-03T11:54:20.523+02:00 DEBUG 20180 --- [backend] [    Test worker] o.h.q.sqm.function.SqmFunctionRegistry   : Registered SqmFunctionTemplate [org.hibernate.dialect.function.EveryAnyEmulation@230d013b] under any; prior registration was null
2025-06-03T11:54:20.525+02:00 DEBUG 20180 --- [backend] [    Test worker] o.h.q.sqm.function.SqmFunctionRegistry   : Registered SqmFunctionTemplate [NamedSqmFunctionTemplate(floor)] under floor; prior registration was null
2025-06-03T11:54:20.528+02:00 DEBUG 20180 --- [backend] [    Test worker] o.h.q.sqm.function.SqmFunctionRegistry   : Registered SqmFunctionTemplate [NamedSqmFunctionTemplate(ceiling)] under ceiling; prior registration was null
2025-06-03T11:54:20.528+02:00 DEBUG 20180 --- [backend] [    Test worker] o.h.q.sqm.function.SqmFunctionRegistry   : Registered SqmFunctionTemplate [NamedSqmFunctionTemplate(mod)] under mod; prior registration was null
2025-06-03T11:54:20.529+02:00 DEBUG 20180 --- [backend] [    Test worker] o.h.q.sqm.function.SqmFunctionRegistry   : Registered SqmFunctionTemplate [NamedSqmFunctionTemplate(abs)] under abs; prior registration was null
2025-06-03T11:54:20.529+02:00 DEBUG 20180 --- [backend] [    Test worker] o.h.q.sqm.function.SqmFunctionRegistry   : Registered SqmFunctionTemplate [NamedSqmFunctionTemplate(sign)] under sign; prior registration was null
2025-06-03T11:54:20.529+02:00 DEBUG 20180 --- [backend] [    Test worker] o.h.q.sqm.function.SqmFunctionRegistry   : Registered SqmFunctionTemplate [NamedSqmFunctionTemplate(sqrt)] under sqrt; prior registration was null
2025-06-03T11:54:20.529+02:00 DEBUG 20180 --- [backend] [    Test worker] o.h.q.sqm.function.SqmFunctionRegistry   : Registered SqmFunctionTemplate [NamedSqmFunctionTemplate(ln)] under ln; prior registration was null
2025-06-03T11:54:20.530+02:00 DEBUG 20180 --- [backend] [    Test worker] o.h.q.sqm.function.SqmFunctionRegistry   : Registered SqmFunctionTemplate [NamedSqmFunctionTemplate(exp)] under exp; prior registration was null
2025-06-03T11:54:20.530+02:00 DEBUG 20180 --- [backend] [    Test worker] o.h.q.sqm.function.SqmFunctionRegistry   : Registered SqmFunctionTemplate [NamedSqmFunctionTemplate(power)] under power; prior registration was null
2025-06-03T11:54:20.532+02:00 DEBUG 20180 --- [backend] [    Test worker] o.h.q.sqm.function.SqmFunctionRegistry   : Registered SqmFunctionTemplate [NamedSqmFunctionTemplate(round)] under round; prior registration was null
2025-06-03T11:54:20.535+02:00 DEBUG 20180 --- [backend] [    Test worker] o.h.q.sqm.function.SqmFunctionRegistry   : Registered SqmFunctionTemplate [NamedSqmFunctionTemplate(sin)] under sin; prior registration was null
2025-06-03T11:54:20.535+02:00 DEBUG 20180 --- [backend] [    Test worker] o.h.q.sqm.function.SqmFunctionRegistry   : Registered SqmFunctionTemplate [NamedSqmFunctionTemplate(cos)] under cos; prior registration was null
2025-06-03T11:54:20.540+02:00 DEBUG 20180 --- [backend] [    Test worker] o.h.q.sqm.function.SqmFunctionRegistry   : Registered SqmFunctionTemplate [NamedSqmFunctionTemplate(tan)] under tan; prior registration was null
2025-06-03T11:54:20.540+02:00 DEBUG 20180 --- [backend] [    Test worker] o.h.q.sqm.function.SqmFunctionRegistry   : Registered SqmFunctionTemplate [NamedSqmFunctionTemplate(asin)] under asin; prior registration was null
2025-06-03T11:54:20.541+02:00 DEBUG 20180 --- [backend] [    Test worker] o.h.q.sqm.function.SqmFunctionRegistry   : Registered SqmFunctionTemplate [NamedSqmFunctionTemplate(acos)] under acos; prior registration was null
2025-06-03T11:54:20.541+02:00 DEBUG 20180 --- [backend] [    Test worker] o.h.q.sqm.function.SqmFunctionRegistry   : Registered SqmFunctionTemplate [NamedSqmFunctionTemplate(atan)] under atan; prior registration was null
2025-06-03T11:54:20.541+02:00 DEBUG 20180 --- [backend] [    Test worker] o.h.q.sqm.function.SqmFunctionRegistry   : Registered SqmFunctionTemplate [NamedSqmFunctionTemplate(atan2)] under atan2; prior registration was null
2025-06-03T11:54:20.552+02:00 DEBUG 20180 --- [backend] [    Test worker] o.h.q.sqm.function.SqmFunctionRegistry   : Registered SqmFunctionTemplate [org.hibernate.query.sqm.function.PatternBasedSqmFunctionDescriptor@5513a46b] under sinh; prior registration was null
2025-06-03T11:54:20.552+02:00 DEBUG 20180 --- [backend] [    Test worker] o.h.q.sqm.function.SqmFunctionRegistry   : Registered SqmFunctionTemplate [org.hibernate.query.sqm.function.PatternBasedSqmFunctionDescriptor@5759edff] under cosh; prior registration was null
2025-06-03T11:54:20.554+02:00 DEBUG 20180 --- [backend] [    Test worker] o.h.q.sqm.function.SqmFunctionRegistry   : Registered SqmFunctionTemplate [org.hibernate.query.sqm.function.PatternBasedSqmFunctionDescriptor@5703c1fb] under tanh; prior registration was null
2025-06-03T11:54:20.555+02:00 DEBUG 20180 --- [backend] [    Test worker] o.h.q.sqm.function.SqmFunctionRegistry   : Registered SqmFunctionTemplate [org.hibernate.query.sqm.function.PatternBasedSqmFunctionDescriptor@7d2be319] under pi; prior registration was null
2025-06-03T11:54:20.556+02:00 DEBUG 20180 --- [backend] [    Test worker] o.h.q.sqm.function.SqmFunctionRegistry   : Registered SqmFunctionTemplate [org.hibernate.query.sqm.function.PatternBasedSqmFunctionDescriptor@35d3202b] under log; prior registration was null
2025-06-03T11:54:20.557+02:00 DEBUG 20180 --- [backend] [    Test worker] o.h.q.sqm.function.SqmFunctionRegistry   : Registered SqmFunctionTemplate [NamedSqmFunctionTemplate(coalesce)] under coalesce; prior registration was null
2025-06-03T11:54:20.557+02:00 DEBUG 20180 --- [backend] [    Test worker] o.h.q.sqm.function.SqmFunctionRegistry   : Registered SqmFunctionTemplate [NamedSqmFunctionTemplate(nullif)] under nullif; prior registration was null
2025-06-03T11:54:20.557+02:00 DEBUG 20180 --- [backend] [    Test worker] o.h.q.sqm.function.SqmFunctionRegistry   : Registered SqmFunctionTemplate [NamedSqmFunctionTemplate(left)] under left; prior registration was null
2025-06-03T11:54:20.558+02:00 DEBUG 20180 --- [backend] [    Test worker] o.h.q.sqm.function.SqmFunctionRegistry   : Registered SqmFunctionTemplate [NamedSqmFunctionTemplate(right)] under right; prior registration was null
2025-06-03T11:54:20.558+02:00 DEBUG 20180 --- [backend] [    Test worker] o.h.q.sqm.function.SqmFunctionRegistry   : Registered SqmFunctionTemplate [NamedSqmFunctionTemplate(replace)] under replace; prior registration was null
2025-06-03T11:54:20.559+02:00 DEBUG 20180 --- [backend] [    Test worker] o.h.q.sqm.function.SqmFunctionRegistry   : Registered SqmFunctionTemplate [NamedSqmFunctionTemplate(concat)] under concat; prior registration was null
2025-06-03T11:54:20.559+02:00 DEBUG 20180 --- [backend] [    Test worker] o.h.q.sqm.function.SqmFunctionRegistry   : Registered SqmFunctionTemplate [NamedSqmFunctionTemplate(lower)] under lower; prior registration was null
2025-06-03T11:54:20.560+02:00 DEBUG 20180 --- [backend] [    Test worker] o.h.q.sqm.function.SqmFunctionRegistry   : Registered SqmFunctionTemplate [NamedSqmFunctionTemplate(upper)] under upper; prior registration was null
2025-06-03T11:54:20.560+02:00 DEBUG 20180 --- [backend] [    Test worker] o.h.q.sqm.function.SqmFunctionRegistry   : Registered SqmFunctionTemplate [NamedSqmFunctionTemplate(substring)] under substring; prior registration was null
2025-06-03T11:54:20.560+02:00 DEBUG 20180 --- [backend] [    Test worker] o.h.q.sqm.function.SqmFunctionRegistry   : Registered SqmFunctionTemplate [NamedSqmFunctionTemplate(locate)] under locate; prior registration was null
2025-06-03T11:54:20.560+02:00 DEBUG 20180 --- [backend] [    Test worker] o.h.q.sqm.function.SqmFunctionRegistry   : Registered SqmFunctionTemplate [NamedSqmFunctionTemplate(character_length)] under character_length; prior registration was null
2025-06-03T11:54:20.560+02:00 DEBUG 20180 --- [backend] [    Test worker] o.h.q.sqm.function.SqmFunctionRegistry   : Registering alternate key : length -> character_length
2025-06-03T11:54:20.562+02:00 DEBUG 20180 --- [backend] [    Test worker] o.h.q.sqm.function.SqmFunctionRegistry   : Registered SqmFunctionTemplate [org.hibernate.dialect.function.LocatePositionEmulation@5b71af0d] under position; prior registration was null
2025-06-03T11:54:20.574+02:00 DEBUG 20180 --- [backend] [    Test worker] o.h.q.sqm.function.SqmFunctionRegistry   : Registered SqmFunctionTemplate [org.hibernate.dialect.function.InsertSubstringOverlayEmulation@fe09374] under overlay; prior registration was null
2025-06-03T11:54:20.576+02:00 DEBUG 20180 --- [backend] [    Test worker] o.h.q.sqm.function.SqmFunctionRegistry   : Registered SqmFunctionTemplate [org.hibernate.dialect.function.TrimFunction@5c1687d1] under trim; prior registration was null
2025-06-03T11:54:20.582+02:00 DEBUG 20180 --- [backend] [    Test worker] o.h.q.sqm.function.SqmFunctionRegistry   : Registered SqmFunctionTemplate [org.hibernate.dialect.function.CastFunction@27575bcd] under cast; prior registration was null
2025-06-03T11:54:20.582+02:00 DEBUG 20180 --- [backend] [    Test worker] o.h.q.sqm.function.SqmFunctionRegistry   : Registered SqmFunctionTemplate [org.hibernate.query.sqm.function.PatternBasedSqmFunctionDescriptor@21ed4a51] under collate; prior registration was null
2025-06-03T11:54:20.584+02:00 DEBUG 20180 --- [backend] [    Test worker] o.h.q.sqm.function.SqmFunctionRegistry   : Registered SqmFunctionTemplate [org.hibernate.dialect.function.ExtractFunction@1e7113f8] under extract; prior registration was null
2025-06-03T11:54:20.584+02:00 DEBUG 20180 --- [backend] [    Test worker] o.h.q.sqm.function.SqmFunctionRegistry   : Registered SqmFunctionTemplate [NamedSqmFunctionTemplate(least)] under least; prior registration was null
2025-06-03T11:54:20.584+02:00 DEBUG 20180 --- [backend] [    Test worker] o.h.q.sqm.function.SqmFunctionRegistry   : Registered SqmFunctionTemplate [NamedSqmFunctionTemplate(greatest)] under greatest; prior registration was null
2025-06-03T11:54:20.590+02:00 DEBUG 20180 --- [backend] [    Test worker] o.h.q.sqm.function.SqmFunctionRegistry   : Registered SqmFunctionTemplate [org.hibernate.dialect.function.CoalesceIfnullEmulation@105fe81e] under ifnull; prior registration was null
2025-06-03T11:54:20.590+02:00 DEBUG 20180 --- [backend] [    Test worker] o.h.q.sqm.function.SqmFunctionRegistry   : Registered SqmFunctionTemplate [NamedSqmFunctionTemplate(lpad)] under lpad; prior registration was null
2025-06-03T11:54:20.590+02:00 DEBUG 20180 --- [backend] [    Test worker] o.h.q.sqm.function.SqmFunctionRegistry   : Registered SqmFunctionTemplate [NamedSqmFunctionTemplate(rpad)] under rpad; prior registration was null
2025-06-03T11:54:20.591+02:00 DEBUG 20180 --- [backend] [    Test worker] o.h.q.sqm.function.SqmFunctionRegistry   : Registered SqmFunctionTemplate [org.hibernate.dialect.function.LpadRpadPadEmulation@7741507c] under pad; prior registration was null
2025-06-03T11:54:20.593+02:00 DEBUG 20180 --- [backend] [    Test worker] o.h.q.sqm.function.SqmFunctionRegistry   : Registered SqmFunctionTemplate [org.hibernate.dialect.function.CastStrEmulation@749c0669] under str; prior registration was null
2025-06-03T11:54:20.601+02:00 DEBUG 20180 --- [backend] [    Test worker] o.h.q.sqm.function.SqmFunctionRegistry   : Registered SqmFunctionTemplate [org.hibernate.dialect.function.FormatFunction@1a4ae53d] under format; prior registration was null
2025-06-03T11:54:20.602+02:00 DEBUG 20180 --- [backend] [    Test worker] o.h.q.sqm.function.SqmFunctionRegistry   : Registered SqmFunctionTemplate [org.hibernate.dialect.function.TimestampaddFunction@7348e75e] under timestampadd; prior registration was null
2025-06-03T11:54:20.606+02:00 DEBUG 20180 --- [backend] [    Test worker] o.h.q.sqm.function.SqmFunctionRegistry   : Registered SqmFunctionTemplate [org.hibernate.dialect.function.TimestampdiffFunction@857f1a7] under timestampdiff; prior registration was null
2025-06-03T11:54:20.606+02:00 DEBUG 20180 --- [backend] [    Test worker] o.h.q.sqm.function.SqmFunctionRegistry   : Registering alternate key : dateadd -> timestampadd
2025-06-03T11:54:20.606+02:00 DEBUG 20180 --- [backend] [    Test worker] o.h.q.sqm.function.SqmFunctionRegistry   : Registering alternate key : datediff -> timestampdiff
2025-06-03T11:54:20.607+02:00 DEBUG 20180 --- [backend] [    Test worker] o.h.q.sqm.function.SqmFunctionRegistry   : Registered SqmFunctionTemplate [org.hibernate.dialect.function.CurrentFunction@240df292] under current_date; prior registration was null
2025-06-03T11:54:20.607+02:00 DEBUG 20180 --- [backend] [    Test worker] o.h.q.sqm.function.SqmFunctionRegistry   : Registered SqmFunctionTemplate [org.hibernate.dialect.function.CurrentFunction@333efb51] under current_time; prior registration was null
2025-06-03T11:54:20.608+02:00 DEBUG 20180 --- [backend] [    Test worker] o.h.q.sqm.function.SqmFunctionRegistry   : Registered SqmFunctionTemplate [org.hibernate.dialect.function.CurrentFunction@2c451c4a] under current_timestamp; prior registration was null
2025-06-03T11:54:20.608+02:00 DEBUG 20180 --- [backend] [    Test worker] o.h.q.sqm.function.SqmFunctionRegistry   : Registering alternate key : current date -> current_date
2025-06-03T11:54:20.608+02:00 DEBUG 20180 --- [backend] [    Test worker] o.h.q.sqm.function.SqmFunctionRegistry   : Registering alternate key : current time -> current_time
2025-06-03T11:54:20.608+02:00 DEBUG 20180 --- [backend] [    Test worker] o.h.q.sqm.function.SqmFunctionRegistry   : Registering alternate key : current timestamp -> current_timestamp
2025-06-03T11:54:20.608+02:00 DEBUG 20180 --- [backend] [    Test worker] o.h.q.sqm.function.SqmFunctionRegistry   : Registered SqmFunctionTemplate [org.hibernate.dialect.function.CurrentFunction@38ad86b1] under local_date; prior registration was null
2025-06-03T11:54:20.608+02:00 DEBUG 20180 --- [backend] [    Test worker] o.h.q.sqm.function.SqmFunctionRegistry   : Registered SqmFunctionTemplate [org.hibernate.dialect.function.CurrentFunction@73ff7a54] under local_time; prior registration was null
2025-06-03T11:54:20.608+02:00 DEBUG 20180 --- [backend] [    Test worker] o.h.q.sqm.function.SqmFunctionRegistry   : Registered SqmFunctionTemplate [org.hibernate.dialect.function.CurrentFunction@375ff309] under local_datetime; prior registration was null
2025-06-03T11:54:20.609+02:00 DEBUG 20180 --- [backend] [    Test worker] o.h.q.sqm.function.SqmFunctionRegistry   : Registered SqmFunctionTemplate [org.hibernate.dialect.function.CurrentFunction@337c0ee4] under offset_datetime; prior registration was null
2025-06-03T11:54:20.609+02:00 DEBUG 20180 --- [backend] [    Test worker] o.h.q.sqm.function.SqmFunctionRegistry   : Registering alternate key : local date -> local_date
2025-06-03T11:54:20.609+02:00 DEBUG 20180 --- [backend] [    Test worker] o.h.q.sqm.function.SqmFunctionRegistry   : Registering alternate key : local time -> local_time
2025-06-03T11:54:20.609+02:00 DEBUG 20180 --- [backend] [    Test worker] o.h.q.sqm.function.SqmFunctionRegistry   : Registering alternate key : local datetime -> local_datetime
2025-06-03T11:54:20.609+02:00 DEBUG 20180 --- [backend] [    Test worker] o.h.q.sqm.function.SqmFunctionRegistry   : Registering alternate key : offset datetime -> offset_datetime
2025-06-03T11:54:20.609+02:00 DEBUG 20180 --- [backend] [    Test worker] o.h.q.sqm.function.SqmFunctionRegistry   : Registered SqmFunctionTemplate [org.hibernate.dialect.function.CurrentFunction@67b09e34] under instant; prior registration was null
2025-06-03T11:54:20.610+02:00 DEBUG 20180 --- [backend] [    Test worker] o.h.q.sqm.function.SqmFunctionRegistry   : Registering alternate key : current_instant -> instant
2025-06-03T11:54:20.611+02:00 DEBUG 20180 --- [backend] [    Test worker] o.h.q.sqm.function.SqmFunctionRegistry   : Registered SqmFunctionTemplate [org.hibernate.dialect.function.SqlFunction@176054b7] under sql; prior registration was null
2025-06-03T11:54:20.611+02:00 DEBUG 20180 --- [backend] [    Test worker] o.h.q.sqm.function.SqmFunctionRegistry   : Registered SqmFunctionTemplate [NamedSqmFunctionTemplate(soundex)] under soundex; prior registration was null
2025-06-03T11:54:20.611+02:00 DEBUG 20180 --- [backend] [    Test worker] o.h.q.sqm.function.SqmFunctionRegistry   : Registered SqmFunctionTemplate [NamedSqmFunctionTemplate(radians)] under radians; prior registration was null
2025-06-03T11:54:20.612+02:00 DEBUG 20180 --- [backend] [    Test worker] o.h.q.sqm.function.SqmFunctionRegistry   : Registered SqmFunctionTemplate [NamedSqmFunctionTemplate(degrees)] under degrees; prior registration was null
2025-06-03T11:54:20.612+02:00 DEBUG 20180 --- [backend] [    Test worker] o.h.q.sqm.function.SqmFunctionRegistry   : Registered SqmFunctionTemplate [NamedSqmFunctionTemplate(cot)] under cot; prior registration was null
2025-06-03T11:54:20.612+02:00 DEBUG 20180 --- [backend] [    Test worker] o.h.q.sqm.function.SqmFunctionRegistry   : Registered SqmFunctionTemplate [NamedSqmFunctionTemplate(log)] under log; prior registration was org.hibernate.query.sqm.function.PatternBasedSqmFunctionDescriptor@35d3202b
2025-06-03T11:54:20.612+02:00 DEBUG 20180 --- [backend] [    Test worker] o.h.q.sqm.function.SqmFunctionRegistry   : Registered SqmFunctionTemplate [NamedSqmFunctionTemplate(log2)] under log2; prior registration was null
2025-06-03T11:54:20.612+02:00 DEBUG 20180 --- [backend] [    Test worker] o.h.q.sqm.function.SqmFunctionRegistry   : Registered SqmFunctionTemplate [NamedSqmFunctionTemplate(log10)] under log10; prior registration was null
2025-06-03T11:54:20.613+02:00 DEBUG 20180 --- [backend] [    Test worker] o.h.q.sqm.function.SqmFunctionRegistry   : Registered SqmFunctionTemplate [NamedSqmFunctionTemplate(ltrim)] under ltrim; prior registration was null
2025-06-03T11:54:20.613+02:00 DEBUG 20180 --- [backend] [    Test worker] o.h.q.sqm.function.SqmFunctionRegistry   : Registered SqmFunctionTemplate [NamedSqmFunctionTemplate(rtrim)] under rtrim; prior registration was null
2025-06-03T11:54:20.613+02:00 DEBUG 20180 --- [backend] [    Test worker] o.h.q.sqm.function.SqmFunctionRegistry   : Registered SqmFunctionTemplate [NamedSqmFunctionTemplate(octet_length)] under octet_length; prior registration was null
2025-06-03T11:54:20.613+02:00 DEBUG 20180 --- [backend] [    Test worker] o.h.q.sqm.function.SqmFunctionRegistry   : Registered SqmFunctionTemplate [NamedSqmFunctionTemplate(reverse)] under reverse; prior registration was null
2025-06-03T11:54:20.613+02:00 DEBUG 20180 --- [backend] [    Test worker] o.h.q.sqm.function.SqmFunctionRegistry   : Registered SqmFunctionTemplate [NamedSqmFunctionTemplate(space)] under space; prior registration was null
2025-06-03T11:54:20.615+02:00 DEBUG 20180 --- [backend] [    Test worker] o.h.q.sqm.function.SqmFunctionRegistry   : Registered SqmFunctionTemplate [NamedSqmFunctionTemplate(repeat)] under repeat; prior registration was null
2025-06-03T11:54:20.617+02:00 DEBUG 20180 --- [backend] [    Test worker] o.h.q.sqm.function.SqmFunctionRegistry   : Registered SqmFunctionTemplate [org.hibernate.query.sqm.function.MultipatternSqmFunctionDescriptor@54087bdb] under lpad; prior registration was NamedSqmFunctionTemplate(lpad)
2025-06-03T11:54:20.618+02:00 DEBUG 20180 --- [backend] [    Test worker] o.h.q.sqm.function.SqmFunctionRegistry   : Registered SqmFunctionTemplate [org.hibernate.query.sqm.function.MultipatternSqmFunctionDescriptor@587f6634] under rpad; prior registration was NamedSqmFunctionTemplate(rpad)
2025-06-03T11:54:20.618+02:00 DEBUG 20180 --- [backend] [    Test worker] o.h.q.sqm.function.SqmFunctionRegistry   : Registered SqmFunctionTemplate [NamedSqmFunctionTemplate(md5)] under md5; prior registration was null
2025-06-03T11:54:20.619+02:00 DEBUG 20180 --- [backend] [    Test worker] o.h.q.sqm.function.SqmFunctionRegistry   : Registered SqmFunctionTemplate [NamedSqmFunctionTemplate(day)] under day; prior registration was null
2025-06-03T11:54:20.619+02:00 DEBUG 20180 --- [backend] [    Test worker] o.h.q.sqm.function.SqmFunctionRegistry   : Registered SqmFunctionTemplate [NamedSqmFunctionTemplate(month)] under month; prior registration was null
2025-06-03T11:54:20.619+02:00 DEBUG 20180 --- [backend] [    Test worker] o.h.q.sqm.function.SqmFunctionRegistry   : Registered SqmFunctionTemplate [NamedSqmFunctionTemplate(year)] under year; prior registration was null
2025-06-03T11:54:20.619+02:00 DEBUG 20180 --- [backend] [    Test worker] o.h.q.sqm.function.SqmFunctionRegistry   : Registered SqmFunctionTemplate [NamedSqmFunctionTemplate(hour)] under hour; prior registration was null
2025-06-03T11:54:20.619+02:00 DEBUG 20180 --- [backend] [    Test worker] o.h.q.sqm.function.SqmFunctionRegistry   : Registered SqmFunctionTemplate [NamedSqmFunctionTemplate(minute)] under minute; prior registration was null
2025-06-03T11:54:20.619+02:00 DEBUG 20180 --- [backend] [    Test worker] o.h.q.sqm.function.SqmFunctionRegistry   : Registered SqmFunctionTemplate [NamedSqmFunctionTemplate(second)] under second; prior registration was null
2025-06-03T11:54:20.621+02:00 DEBUG 20180 --- [backend] [    Test worker] o.h.q.sqm.function.SqmFunctionRegistry   : Registered SqmFunctionTemplate [NamedSqmFunctionTemplate(microsecond)] under microsecond; prior registration was null
2025-06-03T11:54:20.623+02:00 DEBUG 20180 --- [backend] [    Test worker] o.h.q.sqm.function.SqmFunctionRegistry   : Registered SqmFunctionTemplate [NamedSqmFunctionTemplate(dayofweek)] under dayofweek; prior registration was null
2025-06-03T11:54:20.623+02:00 DEBUG 20180 --- [backend] [    Test worker] o.h.q.sqm.function.SqmFunctionRegistry   : Registered SqmFunctionTemplate [NamedSqmFunctionTemplate(dayofmonth)] under dayofmonth; prior registration was null
2025-06-03T11:54:20.623+02:00 DEBUG 20180 --- [backend] [    Test worker] o.h.q.sqm.function.SqmFunctionRegistry   : Registering alternate key : day -> dayofmonth
2025-06-03T11:54:20.624+02:00 DEBUG 20180 --- [backend] [    Test worker] o.h.q.sqm.function.SqmFunctionRegistry   : Registered SqmFunctionTemplate [NamedSqmFunctionTemplate(dayofyear)] under dayofyear; prior registration was null
2025-06-03T11:54:20.624+02:00 DEBUG 20180 --- [backend] [    Test worker] o.h.q.sqm.function.SqmFunctionRegistry   : Registered SqmFunctionTemplate [NamedSqmFunctionTemplate(week)] under week; prior registration was null
2025-06-03T11:54:20.624+02:00 DEBUG 20180 --- [backend] [    Test worker] o.h.q.sqm.function.SqmFunctionRegistry   : Registered SqmFunctionTemplate [NamedSqmFunctionTemplate(quarter)] under quarter; prior registration was null
2025-06-03T11:54:20.625+02:00 DEBUG 20180 --- [backend] [    Test worker] o.h.q.sqm.function.SqmFunctionRegistry   : Registered SqmFunctionTemplate [NamedSqmFunctionTemplate(monthname)] under monthname; prior registration was null
2025-06-03T11:54:20.625+02:00 DEBUG 20180 --- [backend] [    Test worker] o.h.q.sqm.function.SqmFunctionRegistry   : Registered SqmFunctionTemplate [NamedSqmFunctionTemplate(dayname)] under dayname; prior registration was null
2025-06-03T11:54:20.625+02:00 DEBUG 20180 --- [backend] [    Test worker] o.h.q.sqm.function.SqmFunctionRegistry   : Registered SqmFunctionTemplate [NamedSqmFunctionTemplate(last_day)] under last_day; prior registration was null
2025-06-03T11:54:20.625+02:00 DEBUG 20180 --- [backend] [    Test worker] o.h.q.sqm.function.SqmFunctionRegistry   : Registered SqmFunctionTemplate [NamedSqmFunctionTemplate(date)] under date; prior registration was null
2025-06-03T11:54:20.625+02:00 DEBUG 20180 --- [backend] [    Test worker] o.h.q.sqm.function.SqmFunctionRegistry   : Registered SqmFunctionTemplate [NamedSqmFunctionTemplate(timestamp)] under timestamp; prior registration was null
2025-06-03T11:54:20.626+02:00 DEBUG 20180 --- [backend] [    Test worker] o.h.q.sqm.function.SqmFunctionRegistry   : Registered SqmFunctionTemplate [NamedSqmFunctionTemplate(time)] under time; prior registration was null
2025-06-03T11:54:20.626+02:00 DEBUG 20180 --- [backend] [    Test worker] o.h.q.sqm.function.SqmFunctionRegistry   : Registered SqmFunctionTemplate [NamedSqmFunctionTemplate(utc_date)] under utc_date; prior registration was null
2025-06-03T11:54:20.626+02:00 DEBUG 20180 --- [backend] [    Test worker] o.h.q.sqm.function.SqmFunctionRegistry   : Registered SqmFunctionTemplate [NamedSqmFunctionTemplate(utc_time)] under utc_time; prior registration was null
2025-06-03T11:54:20.626+02:00 DEBUG 20180 --- [backend] [    Test worker] o.h.q.sqm.function.SqmFunctionRegistry   : Registered SqmFunctionTemplate [NamedSqmFunctionTemplate(utc_timestamp)] under utc_timestamp; prior registration was null
2025-06-03T11:54:20.626+02:00 DEBUG 20180 --- [backend] [    Test worker] o.h.q.sqm.function.SqmFunctionRegistry   : Registered SqmFunctionTemplate [NamedSqmFunctionTemplate(rand)] under rand; prior registration was null
2025-06-03T11:54:20.627+02:00 DEBUG 20180 --- [backend] [    Test worker] o.h.q.sqm.function.SqmFunctionRegistry   : Registered SqmFunctionTemplate [NamedSqmFunctionTemplate(crc32)] under crc32; prior registration was null
2025-06-03T11:54:20.630+02:00 DEBUG 20180 --- [backend] [    Test worker] o.h.q.sqm.function.SqmFunctionRegistry   : Registered SqmFunctionTemplate [NamedSqmFunctionTemplate(sha1)] under sha1; prior registration was null
2025-06-03T11:54:20.631+02:00 DEBUG 20180 --- [backend] [    Test worker] o.h.q.sqm.function.SqmFunctionRegistry   : Registered SqmFunctionTemplate [NamedSqmFunctionTemplate(sha2)] under sha2; prior registration was null
2025-06-03T11:54:20.632+02:00 DEBUG 20180 --- [backend] [    Test worker] o.h.q.sqm.function.SqmFunctionRegistry   : Registered SqmFunctionTemplate [NamedSqmFunctionTemplate(sha)] under sha; prior registration was null
2025-06-03T11:54:20.632+02:00 DEBUG 20180 --- [backend] [    Test worker] o.h.q.sqm.function.SqmFunctionRegistry   : Registered SqmFunctionTemplate [NamedSqmFunctionTemplate(bit_length)] under bit_length; prior registration was null
2025-06-03T11:54:20.632+02:00 DEBUG 20180 --- [backend] [    Test worker] o.h.q.sqm.function.SqmFunctionRegistry   : Registered SqmFunctionTemplate [NamedSqmFunctionTemplate(octet_length)] under octet_length; prior registration was NamedSqmFunctionTemplate(octet_length)
2025-06-03T11:54:20.633+02:00 DEBUG 20180 --- [backend] [    Test worker] o.h.q.sqm.function.SqmFunctionRegistry   : Registered SqmFunctionTemplate [NamedSqmFunctionTemplate(ascii)] under ascii; prior registration was null
2025-06-03T11:54:20.633+02:00 DEBUG 20180 --- [backend] [    Test worker] o.h.q.sqm.function.SqmFunctionRegistry   : Registered SqmFunctionTemplate [NamedSqmFunctionTemplate(instr)] under instr; prior registration was null
2025-06-03T11:54:20.634+02:00 DEBUG 20180 --- [backend] [    Test worker] o.h.q.sqm.function.SqmFunctionRegistry   : Registered SqmFunctionTemplate [NamedSqmFunctionTemplate(substr)] under substr; prior registration was null
2025-06-03T11:54:20.634+02:00 DEBUG 20180 --- [backend] [    Test worker] o.h.q.sqm.function.SqmFunctionRegistry   : Registered SqmFunctionTemplate [org.hibernate.query.sqm.function.PatternBasedSqmFunctionDescriptor@4d7c9b42] under position; prior registration was org.hibernate.dialect.function.LocatePositionEmulation@5b71af0d
2025-06-03T11:54:20.634+02:00 DEBUG 20180 --- [backend] [    Test worker] o.h.q.sqm.function.SqmFunctionRegistry   : Registered SqmFunctionTemplate [NamedSqmFunctionTemplate(curtime)] under curtime; prior registration was null
2025-06-03T11:54:20.634+02:00 DEBUG 20180 --- [backend] [    Test worker] o.h.q.sqm.function.SqmFunctionRegistry   : Registered SqmFunctionTemplate [NamedSqmFunctionTemplate(curdate)] under curdate; prior registration was null
2025-06-03T11:54:20.636+02:00 DEBUG 20180 --- [backend] [    Test worker] o.h.q.sqm.function.SqmFunctionRegistry   : Registered SqmFunctionTemplate [NamedSqmFunctionTemplate(now)] under now; prior registration was null
2025-06-03T11:54:20.653+02:00 DEBUG 20180 --- [backend] [    Test worker] o.h.q.sqm.function.SqmFunctionRegistry   : Registered SqmFunctionTemplate [org.hibernate.dialect.function.TruncFunction@3b3f62d7] under trunc; prior registration was null
2025-06-03T11:54:20.653+02:00 DEBUG 20180 --- [backend] [    Test worker] o.h.q.sqm.function.SqmFunctionRegistry   : Registering alternate key : truncate -> trunc
2025-06-03T11:54:20.655+02:00 DEBUG 20180 --- [backend] [    Test worker] o.h.q.sqm.function.SqmFunctionRegistry   : Registered SqmFunctionTemplate [NamedSqmFunctionTemplate(insert)] under insert; prior registration was null
2025-06-03T11:54:20.655+02:00 DEBUG 20180 --- [backend] [    Test worker] o.h.q.sqm.function.SqmFunctionRegistry   : Registered SqmFunctionTemplate [org.hibernate.query.sqm.function.PatternBasedSqmFunctionDescriptor@5b3ee43e] under bitand; prior registration was null
2025-06-03T11:54:20.655+02:00 DEBUG 20180 --- [backend] [    Test worker] o.h.q.sqm.function.SqmFunctionRegistry   : Registered SqmFunctionTemplate [org.hibernate.query.sqm.function.PatternBasedSqmFunctionDescriptor@53da2aec] under bitor; prior registration was null
2025-06-03T11:54:20.656+02:00 DEBUG 20180 --- [backend] [    Test worker] o.h.q.sqm.function.SqmFunctionRegistry   : Registered SqmFunctionTemplate [org.hibernate.query.sqm.function.PatternBasedSqmFunctionDescriptor@18a38bba] under bitxor; prior registration was null
2025-06-03T11:54:20.656+02:00 DEBUG 20180 --- [backend] [    Test worker] o.h.q.sqm.function.SqmFunctionRegistry   : Registered SqmFunctionTemplate [org.hibernate.query.sqm.function.PatternBasedSqmFunctionDescriptor@58ca6ba3] under bitnot; prior registration was null
2025-06-03T11:54:20.656+02:00 DEBUG 20180 --- [backend] [    Test worker] o.h.q.sqm.function.SqmFunctionRegistry   : Registered SqmFunctionTemplate [NamedSqmFunctionTemplate(bit_and)] under bit_and; prior registration was null
2025-06-03T11:54:20.656+02:00 DEBUG 20180 --- [backend] [    Test worker] o.h.q.sqm.function.SqmFunctionRegistry   : Registered SqmFunctionTemplate [NamedSqmFunctionTemplate(bit_or)] under bit_or; prior registration was null
2025-06-03T11:54:20.656+02:00 DEBUG 20180 --- [backend] [    Test worker] o.h.q.sqm.function.SqmFunctionRegistry   : Registered SqmFunctionTemplate [NamedSqmFunctionTemplate(stddev)] under stddev; prior registration was null
2025-06-03T11:54:20.656+02:00 DEBUG 20180 --- [backend] [    Test worker] o.h.q.sqm.function.SqmFunctionRegistry   : Registered SqmFunctionTemplate [NamedSqmFunctionTemplate(stddev_pop)] under stddev_pop; prior registration was null
2025-06-03T11:54:20.656+02:00 DEBUG 20180 --- [backend] [    Test worker] o.h.q.sqm.function.SqmFunctionRegistry   : Registered SqmFunctionTemplate [NamedSqmFunctionTemplate(stddev_samp)] under stddev_samp; prior registration was null
2025-06-03T11:54:20.656+02:00 DEBUG 20180 --- [backend] [    Test worker] o.h.q.sqm.function.SqmFunctionRegistry   : Registered SqmFunctionTemplate [NamedSqmFunctionTemplate(variance)] under variance; prior registration was null
2025-06-03T11:54:20.657+02:00 DEBUG 20180 --- [backend] [    Test worker] o.h.q.sqm.function.SqmFunctionRegistry   : Registered SqmFunctionTemplate [NamedSqmFunctionTemplate(var_pop)] under var_pop; prior registration was null
2025-06-03T11:54:20.657+02:00 DEBUG 20180 --- [backend] [    Test worker] o.h.q.sqm.function.SqmFunctionRegistry   : Registered SqmFunctionTemplate [NamedSqmFunctionTemplate(var_samp)] under var_samp; prior registration was null
2025-06-03T11:54:20.657+02:00 DEBUG 20180 --- [backend] [    Test worker] o.h.q.sqm.function.SqmFunctionRegistry   : Registered SqmFunctionTemplate [NamedSqmFunctionTemplate(datediff)] under datediff; prior registration was null
2025-06-03T11:54:20.657+02:00 DEBUG 20180 --- [backend] [    Test worker] o.h.q.sqm.function.SqmFunctionRegistry   : Registered SqmFunctionTemplate [NamedSqmFunctionTemplate(adddate)] under adddate; prior registration was null
2025-06-03T11:54:20.657+02:00 DEBUG 20180 --- [backend] [    Test worker] o.h.q.sqm.function.SqmFunctionRegistry   : Registered SqmFunctionTemplate [NamedSqmFunctionTemplate(subdate)] under subdate; prior registration was null
2025-06-03T11:54:20.658+02:00 DEBUG 20180 --- [backend] [    Test worker] o.h.q.sqm.function.SqmFunctionRegistry   : Registered SqmFunctionTemplate [NamedSqmFunctionTemplate(addtime)] under addtime; prior registration was null
2025-06-03T11:54:20.658+02:00 DEBUG 20180 --- [backend] [    Test worker] o.h.q.sqm.function.SqmFunctionRegistry   : Registered SqmFunctionTemplate [NamedSqmFunctionTemplate(subtime)] under subtime; prior registration was null
2025-06-03T11:54:20.658+02:00 DEBUG 20180 --- [backend] [    Test worker] o.h.q.sqm.function.SqmFunctionRegistry   : Registered SqmFunctionTemplate [org.hibernate.dialect.function.FormatFunction@74797b90] under format; prior registration was org.hibernate.dialect.function.FormatFunction@1a4ae53d
2025-06-03T11:54:20.658+02:00 DEBUG 20180 --- [backend] [    Test worker] o.h.q.sqm.function.SqmFunctionRegistry   : Registered SqmFunctionTemplate [NamedSqmFunctionTemplate(makedate)] under makedate; prior registration was null
2025-06-03T11:54:20.658+02:00 DEBUG 20180 --- [backend] [    Test worker] o.h.q.sqm.function.SqmFunctionRegistry   : Registered SqmFunctionTemplate [NamedSqmFunctionTemplate(maketime)] under maketime; prior registration was null
2025-06-03T11:54:20.658+02:00 DEBUG 20180 --- [backend] [    Test worker] o.h.q.sqm.function.SqmFunctionRegistry   : Registered SqmFunctionTemplate [NamedSqmFunctionTemplate(localtime)] under localtime; prior registration was null
2025-06-03T11:54:20.658+02:00 DEBUG 20180 --- [backend] [    Test worker] o.h.q.sqm.function.SqmFunctionRegistry   : Registered SqmFunctionTemplate [NamedSqmFunctionTemplate(localtimestamp)] under localtimestamp; prior registration was null
2025-06-03T11:54:20.659+02:00 DEBUG 20180 --- [backend] [    Test worker] o.h.q.sqm.function.SqmFunctionRegistry   : Registered SqmFunctionTemplate [NamedSqmFunctionTemplate(localtime)] under local_time; prior registration was org.hibernate.dialect.function.CurrentFunction@73ff7a54
2025-06-03T11:54:20.659+02:00 DEBUG 20180 --- [backend] [    Test worker] o.h.q.sqm.function.SqmFunctionRegistry   : Registered SqmFunctionTemplate [NamedSqmFunctionTemplate(localtimestamp)] under local_datetime; prior registration was org.hibernate.dialect.function.CurrentFunction@375ff309
2025-06-03T11:54:20.659+02:00 DEBUG 20180 --- [backend] [    Test worker] o.h.q.sqm.function.SqmFunctionRegistry   : Registered SqmFunctionTemplate [NamedSqmFunctionTemplate(localtime)] under localtime; prior registration was NamedSqmFunctionTemplate(localtime)
2025-06-03T11:54:20.659+02:00 DEBUG 20180 --- [backend] [    Test worker] o.h.q.sqm.function.SqmFunctionRegistry   : Registered SqmFunctionTemplate [org.hibernate.query.sqm.function.PatternBasedSqmFunctionDescriptor@7676b2b9] under pi; prior registration was org.hibernate.query.sqm.function.PatternBasedSqmFunctionDescriptor@7d2be319
2025-06-03T11:54:20.659+02:00 DEBUG 20180 --- [backend] [    Test worker] o.h.q.sqm.function.SqmFunctionRegistry   : Registered SqmFunctionTemplate [org.hibernate.query.sqm.function.PatternBasedSqmFunctionDescriptor@720c0996] under chr; prior registration was null
2025-06-03T11:54:20.660+02:00 DEBUG 20180 --- [backend] [    Test worker] o.h.q.sqm.function.SqmFunctionRegistry   : Registering alternate key : char -> chr
2025-06-03T11:54:20.661+02:00 DEBUG 20180 --- [backend] [    Test worker] o.h.q.sqm.function.SqmFunctionRegistry   : Registered SqmFunctionTemplate [org.hibernate.query.sqm.function.PatternBasedSqmFunctionDescriptor@7910e307] under sysdate; prior registration was null
2025-06-03T11:54:20.663+02:00 DEBUG 20180 --- [backend] [    Test worker] o.h.q.sqm.function.SqmFunctionRegistry   : Registered SqmFunctionTemplate [org.hibernate.dialect.function.ListaggGroupConcatEmulation@698e1bf5] under listagg; prior registration was null
2025-06-03T11:54:20.663+02:00 DEBUG 20180 --- [backend] [    Test worker] o.h.q.sqm.function.SqmFunctionRegistry   : Registered SqmFunctionTemplate [NamedSqmFunctionTemplate(row_number)] under row_number; prior registration was null
2025-06-03T11:54:20.665+02:00 DEBUG 20180 --- [backend] [    Test worker] o.h.q.sqm.function.SqmFunctionRegistry   : Registered SqmFunctionTemplate [NamedSqmFunctionTemplate(lag)] under lag; prior registration was null
2025-06-03T11:54:20.665+02:00 DEBUG 20180 --- [backend] [    Test worker] o.h.q.sqm.function.SqmFunctionRegistry   : Registered SqmFunctionTemplate [NamedSqmFunctionTemplate(lead)] under lead; prior registration was null
2025-06-03T11:54:20.665+02:00 DEBUG 20180 --- [backend] [    Test worker] o.h.q.sqm.function.SqmFunctionRegistry   : Registered SqmFunctionTemplate [NamedSqmFunctionTemplate(first_value)] under first_value; prior registration was null
2025-06-03T11:54:20.666+02:00 DEBUG 20180 --- [backend] [    Test worker] o.h.q.sqm.function.SqmFunctionRegistry   : Registered SqmFunctionTemplate [NamedSqmFunctionTemplate(last_value)] under last_value; prior registration was null
2025-06-03T11:54:20.666+02:00 DEBUG 20180 --- [backend] [    Test worker] o.h.q.sqm.function.SqmFunctionRegistry   : Registered SqmFunctionTemplate [NamedSqmFunctionTemplate(nth_value)] under nth_value; prior registration was null
2025-06-03T11:54:20.673+02:00 DEBUG 20180 --- [backend] [    Test worker] o.h.q.sqm.function.SqmFunctionRegistry   : Registered SqmFunctionTemplate [org.hibernate.dialect.function.HypotheticalSetWindowEmulation@7fd4b9ec] under rank; prior registration was null
2025-06-03T11:54:20.674+02:00 DEBUG 20180 --- [backend] [    Test worker] o.h.q.sqm.function.SqmFunctionRegistry   : Registered SqmFunctionTemplate [org.hibernate.dialect.function.HypotheticalSetWindowEmulation@10553a61] under dense_rank; prior registration was null
2025-06-03T11:54:20.674+02:00 DEBUG 20180 --- [backend] [    Test worker] o.h.q.sqm.function.SqmFunctionRegistry   : Registered SqmFunctionTemplate [org.hibernate.dialect.function.HypotheticalSetWindowEmulation@3c8e4a82] under percent_rank; prior registration was null
2025-06-03T11:54:20.674+02:00 DEBUG 20180 --- [backend] [    Test worker] o.h.q.sqm.function.SqmFunctionRegistry   : Registered SqmFunctionTemplate [org.hibernate.dialect.function.HypotheticalSetWindowEmulation@1896299b] under cume_dist; prior registration was null
2025-06-03T11:54:20.674+02:00 DEBUG 20180 --- [backend] [    Test worker] o.h.q.sqm.function.SqmFunctionRegistry   : Registered SqmFunctionTemplate [NamedSqmFunctionTemplate(json_valid)] under json_valid; prior registration was null
2025-06-03T11:54:20.679+02:00 DEBUG 20180 --- [backend] [    Test worker] o.h.q.sqm.function.SqmFunctionRegistry   : Registered SqmFunctionTemplate [org.hibernate.dialect.function.InverseDistributionWindowEmulation@627d5f99] under percentile_cont; prior registration was null
2025-06-03T11:54:20.680+02:00 DEBUG 20180 --- [backend] [    Test worker] o.h.q.sqm.function.SqmFunctionRegistry   : Registered SqmFunctionTemplate [org.hibernate.dialect.function.InverseDistributionWindowEmulation@44e3f3e5] under percentile_disc; prior registration was null
2025-06-03T11:54:20.680+02:00 DEBUG 20180 --- [backend] [    Test worker] o.h.q.sqm.function.SqmFunctionRegistry   : Registered SqmFunctionTemplate [org.hibernate.query.sqm.function.PatternBasedSqmFunctionDescriptor@6be1f37f] under median; prior registration was null
2025-06-03T11:54:20.684+02:00 DEBUG 20180 --- [backend] [    Test worker] org.hibernate.HQL_FUNCTIONS              : abs(NUMERIC arg)
2025-06-03T11:54:20.685+02:00 DEBUG 20180 --- [backend] [    Test worker] org.hibernate.HQL_FUNCTIONS              : Double acos(NUMERIC arg)
2025-06-03T11:54:20.685+02:00 DEBUG 20180 --- [backend] [    Test worker] org.hibernate.HQL_FUNCTIONS              : adddate(DATE datetime, INTEGER days)
2025-06-03T11:54:20.685+02:00 DEBUG 20180 --- [backend] [    Test worker] org.hibernate.HQL_FUNCTIONS              : addtime(TIME datetime, TIME time)
2025-06-03T11:54:20.685+02:00 DEBUG 20180 --- [backend] [    Test worker] org.hibernate.HQL_FUNCTIONS              : Boolean any(BOOLEAN arg)
2025-06-03T11:54:20.686+02:00 DEBUG 20180 --- [backend] [    Test worker] org.hibernate.HQL_FUNCTIONS              : Integer ascii(STRING arg)
2025-06-03T11:54:20.686+02:00 DEBUG 20180 --- [backend] [    Test worker] org.hibernate.HQL_FUNCTIONS              : Double asin(NUMERIC arg)
2025-06-03T11:54:20.686+02:00 DEBUG 20180 --- [backend] [    Test worker] org.hibernate.HQL_FUNCTIONS              : Double atan(NUMERIC arg)
2025-06-03T11:54:20.686+02:00 DEBUG 20180 --- [backend] [    Test worker] org.hibernate.HQL_FUNCTIONS              : Double atan2(NUMERIC arg0, NUMERIC arg1)
2025-06-03T11:54:20.690+02:00 DEBUG 20180 --- [backend] [    Test worker] org.hibernate.HQL_FUNCTIONS              : avg(arg)
2025-06-03T11:54:20.690+02:00 DEBUG 20180 --- [backend] [    Test worker] org.hibernate.HQL_FUNCTIONS              : bit_and(arg)
2025-06-03T11:54:20.690+02:00 DEBUG 20180 --- [backend] [    Test worker] org.hibernate.HQL_FUNCTIONS              : Integer bit_length(STRING_OR_CLOB arg)
2025-06-03T11:54:20.690+02:00 DEBUG 20180 --- [backend] [    Test worker] org.hibernate.HQL_FUNCTIONS              : bit_or(arg)
2025-06-03T11:54:20.690+02:00 DEBUG 20180 --- [backend] [    Test worker] org.hibernate.HQL_FUNCTIONS              : bitand(arg0, arg1)
2025-06-03T11:54:20.690+02:00 DEBUG 20180 --- [backend] [    Test worker] org.hibernate.HQL_FUNCTIONS              : bitnot(arg)
2025-06-03T11:54:20.690+02:00 DEBUG 20180 --- [backend] [    Test worker] org.hibernate.HQL_FUNCTIONS              : bitor(arg0, arg1)
2025-06-03T11:54:20.691+02:00 DEBUG 20180 --- [backend] [    Test worker] org.hibernate.HQL_FUNCTIONS              : bitxor(arg0, arg1)
2025-06-03T11:54:20.691+02:00 DEBUG 20180 --- [backend] [    Test worker] org.hibernate.HQL_FUNCTIONS              : cast(arg as Type)
2025-06-03T11:54:20.691+02:00 DEBUG 20180 --- [backend] [    Test worker] org.hibernate.HQL_FUNCTIONS              : ceiling(NUMERIC arg)
2025-06-03T11:54:20.691+02:00 DEBUG 20180 --- [backend] [    Test worker] org.hibernate.HQL_FUNCTIONS              : Character char(INTEGER arg)
2025-06-03T11:54:20.691+02:00 DEBUG 20180 --- [backend] [    Test worker] org.hibernate.HQL_FUNCTIONS              : Integer character_length(STRING_OR_CLOB arg)
2025-06-03T11:54:20.691+02:00 DEBUG 20180 --- [backend] [    Test worker] org.hibernate.HQL_FUNCTIONS              : Character chr(INTEGER arg)
2025-06-03T11:54:20.691+02:00 DEBUG 20180 --- [backend] [    Test worker] org.hibernate.HQL_FUNCTIONS              : coalesce(arg0[, arg1[, ...]])
2025-06-03T11:54:20.691+02:00 DEBUG 20180 --- [backend] [    Test worker] org.hibernate.HQL_FUNCTIONS              : String collate(STRING string as COLLATION collation)
2025-06-03T11:54:20.691+02:00 DEBUG 20180 --- [backend] [    Test worker] org.hibernate.HQL_FUNCTIONS              : String concat(STRING string0[, STRING string1[, ...]])
2025-06-03T11:54:20.691+02:00 DEBUG 20180 --- [backend] [    Test worker] org.hibernate.HQL_FUNCTIONS              : Double cos(NUMERIC arg)
2025-06-03T11:54:20.691+02:00 DEBUG 20180 --- [backend] [    Test worker] org.hibernate.HQL_FUNCTIONS              : Double cosh(NUMERIC arg)
2025-06-03T11:54:20.691+02:00 DEBUG 20180 --- [backend] [    Test worker] org.hibernate.HQL_FUNCTIONS              : Double cot(NUMERIC arg)
2025-06-03T11:54:20.691+02:00 DEBUG 20180 --- [backend] [    Test worker] org.hibernate.HQL_FUNCTIONS              : Long count([distinct ]{arg|*})
2025-06-03T11:54:20.691+02:00 DEBUG 20180 --- [backend] [    Test worker] org.hibernate.HQL_FUNCTIONS              : Integer crc32(arg)
2025-06-03T11:54:20.691+02:00 DEBUG 20180 --- [backend] [    Test worker] org.hibernate.HQL_FUNCTIONS              : Double cume_dist([arg0[, ...]])
2025-06-03T11:54:20.691+02:00 DEBUG 20180 --- [backend] [    Test worker] org.hibernate.HQL_FUNCTIONS              : Date curdate()
2025-06-03T11:54:20.692+02:00 DEBUG 20180 --- [backend] [    Test worker] org.hibernate.HQL_FUNCTIONS              : Date current date
2025-06-03T11:54:20.692+02:00 DEBUG 20180 --- [backend] [    Test worker] org.hibernate.HQL_FUNCTIONS              : Time current time
2025-06-03T11:54:20.692+02:00 DEBUG 20180 --- [backend] [    Test worker] org.hibernate.HQL_FUNCTIONS              : Timestamp current timestamp
2025-06-03T11:54:20.692+02:00 DEBUG 20180 --- [backend] [    Test worker] org.hibernate.HQL_FUNCTIONS              : Date current_date
2025-06-03T11:54:20.692+02:00 DEBUG 20180 --- [backend] [    Test worker] org.hibernate.HQL_FUNCTIONS              : Instant current_instant
2025-06-03T11:54:20.692+02:00 DEBUG 20180 --- [backend] [    Test worker] org.hibernate.HQL_FUNCTIONS              : Time current_time
2025-06-03T11:54:20.692+02:00 DEBUG 20180 --- [backend] [    Test worker] org.hibernate.HQL_FUNCTIONS              : Timestamp current_timestamp
2025-06-03T11:54:20.692+02:00 DEBUG 20180 --- [backend] [    Test worker] org.hibernate.HQL_FUNCTIONS              : Time curtime()
2025-06-03T11:54:20.692+02:00 DEBUG 20180 --- [backend] [    Test worker] org.hibernate.HQL_FUNCTIONS              : Date date(arg)
2025-06-03T11:54:20.692+02:00 DEBUG 20180 --- [backend] [    Test worker] org.hibernate.HQL_FUNCTIONS              : dateadd(TEMPORAL_UNIT field, INTEGER magnitude, TEMPORAL datetime)
2025-06-03T11:54:20.692+02:00 DEBUG 20180 --- [backend] [    Test worker] org.hibernate.HQL_FUNCTIONS              : Integer datediff(DATE end, DATE start)
2025-06-03T11:54:20.692+02:00 DEBUG 20180 --- [backend] [    Test worker] org.hibernate.HQL_FUNCTIONS              : Integer day(DATE arg)
2025-06-03T11:54:20.692+02:00 DEBUG 20180 --- [backend] [    Test worker] org.hibernate.HQL_FUNCTIONS              : String dayname(DATE arg)
2025-06-03T11:54:20.692+02:00 DEBUG 20180 --- [backend] [    Test worker] org.hibernate.HQL_FUNCTIONS              : Integer dayofmonth(DATE arg)
2025-06-03T11:54:20.692+02:00 DEBUG 20180 --- [backend] [    Test worker] org.hibernate.HQL_FUNCTIONS              : Integer dayofweek(DATE arg)
2025-06-03T11:54:20.692+02:00 DEBUG 20180 --- [backend] [    Test worker] org.hibernate.HQL_FUNCTIONS              : Integer dayofyear(DATE arg)
2025-06-03T11:54:20.693+02:00 DEBUG 20180 --- [backend] [    Test worker] org.hibernate.HQL_FUNCTIONS              : Double degrees(NUMERIC arg)
2025-06-03T11:54:20.693+02:00 DEBUG 20180 --- [backend] [    Test worker] org.hibernate.HQL_FUNCTIONS              : Long dense_rank([arg0[, ...]])
2025-06-03T11:54:20.693+02:00 DEBUG 20180 --- [backend] [    Test worker] org.hibernate.HQL_FUNCTIONS              : Boolean every(BOOLEAN arg)
2025-06-03T11:54:20.693+02:00 DEBUG 20180 --- [backend] [    Test worker] org.hibernate.HQL_FUNCTIONS              : Double exp(NUMERIC arg)
2025-06-03T11:54:20.693+02:00 DEBUG 20180 --- [backend] [    Test worker] org.hibernate.HQL_FUNCTIONS              : extract(TEMPORAL_UNIT field from TEMPORAL arg)
2025-06-03T11:54:20.693+02:00 DEBUG 20180 --- [backend] [    Test worker] org.hibernate.HQL_FUNCTIONS              : first_valueANY value
2025-06-03T11:54:20.693+02:00 DEBUG 20180 --- [backend] [    Test worker] org.hibernate.HQL_FUNCTIONS              : floor(NUMERIC arg)
2025-06-03T11:54:20.693+02:00 DEBUG 20180 --- [backend] [    Test worker] org.hibernate.HQL_FUNCTIONS              : String format(TEMPORAL datetime as STRING pattern)
2025-06-03T11:54:20.693+02:00 DEBUG 20180 --- [backend] [    Test worker] org.hibernate.HQL_FUNCTIONS              : greatest(COMPARABLE arg0, COMPARABLE arg1[, arg2[, ...]])
2025-06-03T11:54:20.693+02:00 DEBUG 20180 --- [backend] [    Test worker] org.hibernate.HQL_FUNCTIONS              : Integer hour(TIME arg)
2025-06-03T11:54:20.693+02:00 DEBUG 20180 --- [backend] [    Test worker] org.hibernate.HQL_FUNCTIONS              : ifnull(arg0, arg1)
2025-06-03T11:54:20.693+02:00 DEBUG 20180 --- [backend] [    Test worker] org.hibernate.HQL_FUNCTIONS              : String insert(STRING string, INTEGER start, INTEGER length, STRING replacement)
2025-06-03T11:54:20.693+02:00 DEBUG 20180 --- [backend] [    Test worker] org.hibernate.HQL_FUNCTIONS              : Instant instant
2025-06-03T11:54:20.693+02:00 DEBUG 20180 --- [backend] [    Test worker] org.hibernate.HQL_FUNCTIONS              : Integer instr(STRING string, STRING pattern[, INTEGER start[, INTEGER occurrence]])
2025-06-03T11:54:20.695+02:00 DEBUG 20180 --- [backend] [    Test worker] org.hibernate.HQL_FUNCTIONS              : Boolean json_valid([arg0[, ...]])
2025-06-03T11:54:20.695+02:00 DEBUG 20180 --- [backend] [    Test worker] org.hibernate.HQL_FUNCTIONS              : lagANY value[, INTEGER offset[, ANY default]]
2025-06-03T11:54:20.695+02:00 DEBUG 20180 --- [backend] [    Test worker] org.hibernate.HQL_FUNCTIONS              : Date last_day(DATE arg)
2025-06-03T11:54:20.695+02:00 DEBUG 20180 --- [backend] [    Test worker] org.hibernate.HQL_FUNCTIONS              : last_valueANY value
2025-06-03T11:54:20.695+02:00 DEBUG 20180 --- [backend] [    Test worker] org.hibernate.HQL_FUNCTIONS              : leadANY value[, INTEGER offset[, ANY default]]
2025-06-03T11:54:20.696+02:00 DEBUG 20180 --- [backend] [    Test worker] org.hibernate.HQL_FUNCTIONS              : least(COMPARABLE arg0, COMPARABLE arg1[, arg2[, ...]])
2025-06-03T11:54:20.696+02:00 DEBUG 20180 --- [backend] [    Test worker] org.hibernate.HQL_FUNCTIONS              : String left(STRING string, INTEGER length)
2025-06-03T11:54:20.696+02:00 DEBUG 20180 --- [backend] [    Test worker] org.hibernate.HQL_FUNCTIONS              : Integer length(STRING_OR_CLOB arg)
2025-06-03T11:54:20.696+02:00 DEBUG 20180 --- [backend] [    Test worker] org.hibernate.HQL_FUNCTIONS              : String listagg(STRING arg0, STRING arg1)
2025-06-03T11:54:20.696+02:00 DEBUG 20180 --- [backend] [    Test worker] org.hibernate.HQL_FUNCTIONS              : Double ln(NUMERIC arg)
2025-06-03T11:54:20.699+02:00 DEBUG 20180 --- [backend] [    Test worker] org.hibernate.HQL_FUNCTIONS              : LocalDate local date
2025-06-03T11:54:20.699+02:00 DEBUG 20180 --- [backend] [    Test worker] org.hibernate.HQL_FUNCTIONS              : LocalDateTime local datetime
2025-06-03T11:54:20.699+02:00 DEBUG 20180 --- [backend] [    Test worker] org.hibernate.HQL_FUNCTIONS              : LocalTime local time
2025-06-03T11:54:20.699+02:00 DEBUG 20180 --- [backend] [    Test worker] org.hibernate.HQL_FUNCTIONS              : LocalDate local_date
2025-06-03T11:54:20.699+02:00 DEBUG 20180 --- [backend] [    Test worker] org.hibernate.HQL_FUNCTIONS              : LocalDateTime local_datetime
2025-06-03T11:54:20.699+02:00 DEBUG 20180 --- [backend] [    Test worker] org.hibernate.HQL_FUNCTIONS              : LocalTime local_time
2025-06-03T11:54:20.699+02:00 DEBUG 20180 --- [backend] [    Test worker] org.hibernate.HQL_FUNCTIONS              : Timestamp localtime
2025-06-03T11:54:20.699+02:00 DEBUG 20180 --- [backend] [    Test worker] org.hibernate.HQL_FUNCTIONS              : Timestamp localtimestamp
2025-06-03T11:54:20.699+02:00 DEBUG 20180 --- [backend] [    Test worker] org.hibernate.HQL_FUNCTIONS              : Integer locate(STRING pattern, STRING string[, INTEGER start])
2025-06-03T11:54:20.700+02:00 DEBUG 20180 --- [backend] [    Test worker] org.hibernate.HQL_FUNCTIONS              : Double log(NUMERIC arg0[, NUMERIC arg1])
2025-06-03T11:54:20.700+02:00 DEBUG 20180 --- [backend] [    Test worker] org.hibernate.HQL_FUNCTIONS              : Double log10(NUMERIC arg)
2025-06-03T11:54:20.700+02:00 DEBUG 20180 --- [backend] [    Test worker] org.hibernate.HQL_FUNCTIONS              : Double log2(NUMERIC arg)
2025-06-03T11:54:20.700+02:00 DEBUG 20180 --- [backend] [    Test worker] org.hibernate.HQL_FUNCTIONS              : String lower(STRING string)
2025-06-03T11:54:20.700+02:00 DEBUG 20180 --- [backend] [    Test worker] org.hibernate.HQL_FUNCTIONS              : String lpad(string, length[, padding])
2025-06-03T11:54:20.700+02:00 DEBUG 20180 --- [backend] [    Test worker] org.hibernate.HQL_FUNCTIONS              : String ltrim(STRING string[, STRING characters])
2025-06-03T11:54:20.700+02:00 DEBUG 20180 --- [backend] [    Test worker] org.hibernate.HQL_FUNCTIONS              : Date makedate(INTEGER year, INTEGER dayofyear)
2025-06-03T11:54:20.700+02:00 DEBUG 20180 --- [backend] [    Test worker] org.hibernate.HQL_FUNCTIONS              : Time maketime(INTEGER hour, INTEGER min, INTEGER sec)
2025-06-03T11:54:20.700+02:00 DEBUG 20180 --- [backend] [    Test worker] org.hibernate.HQL_FUNCTIONS              : max(COMPARABLE arg)
2025-06-03T11:54:20.700+02:00 DEBUG 20180 --- [backend] [    Test worker] org.hibernate.HQL_FUNCTIONS              : String md5(arg)
2025-06-03T11:54:20.700+02:00 DEBUG 20180 --- [backend] [    Test worker] org.hibernate.HQL_FUNCTIONS              : Double median(NUMERIC arg)
2025-06-03T11:54:20.700+02:00 DEBUG 20180 --- [backend] [    Test worker] org.hibernate.HQL_FUNCTIONS              : Integer microsecond(TIME arg)
2025-06-03T11:54:20.702+02:00 DEBUG 20180 --- [backend] [    Test worker] org.hibernate.HQL_FUNCTIONS              : min(COMPARABLE arg)
2025-06-03T11:54:20.708+02:00 DEBUG 20180 --- [backend] [    Test worker] org.hibernate.HQL_FUNCTIONS              : Integer minute(TIME arg)
2025-06-03T11:54:20.709+02:00 DEBUG 20180 --- [backend] [    Test worker] org.hibernate.HQL_FUNCTIONS              : Integer mod(INTEGER arg0, INTEGER arg1)
2025-06-03T11:54:20.709+02:00 DEBUG 20180 --- [backend] [    Test worker] org.hibernate.HQL_FUNCTIONS              : Integer month(DATE arg)
2025-06-03T11:54:20.709+02:00 DEBUG 20180 --- [backend] [    Test worker] org.hibernate.HQL_FUNCTIONS              : String monthname(DATE arg)
2025-06-03T11:54:20.709+02:00 DEBUG 20180 --- [backend] [    Test worker] org.hibernate.HQL_FUNCTIONS              : Timestamp now()
2025-06-03T11:54:20.709+02:00 DEBUG 20180 --- [backend] [    Test worker] org.hibernate.HQL_FUNCTIONS              : nth_valueANY value, INTEGER nth
2025-06-03T11:54:20.709+02:00 DEBUG 20180 --- [backend] [    Test worker] org.hibernate.HQL_FUNCTIONS              : nullif(arg0, arg1)
2025-06-03T11:54:20.709+02:00 DEBUG 20180 --- [backend] [    Test worker] org.hibernate.HQL_FUNCTIONS              : Integer octet_length(STRING_OR_CLOB arg)
2025-06-03T11:54:20.709+02:00 DEBUG 20180 --- [backend] [    Test worker] org.hibernate.HQL_FUNCTIONS              : OffsetDateTime offset datetime
2025-06-03T11:54:20.709+02:00 DEBUG 20180 --- [backend] [    Test worker] org.hibernate.HQL_FUNCTIONS              : OffsetDateTime offset_datetime
2025-06-03T11:54:20.710+02:00 DEBUG 20180 --- [backend] [    Test worker] org.hibernate.HQL_FUNCTIONS              : String overlay(STRING string placing STRING replacement from INTEGER start[ for INTEGER length])
2025-06-03T11:54:20.710+02:00 DEBUG 20180 --- [backend] [    Test worker] org.hibernate.HQL_FUNCTIONS              : String pad(STRING string with INTEGER length {leading|trailing}[ STRING character])
2025-06-03T11:54:20.710+02:00 DEBUG 20180 --- [backend] [    Test worker] org.hibernate.HQL_FUNCTIONS              : Double percent_rank([arg0[, ...]])
2025-06-03T11:54:20.710+02:00 DEBUG 20180 --- [backend] [    Test worker] org.hibernate.HQL_FUNCTIONS              : percentile_cont(NUMERIC arg)
2025-06-03T11:54:20.710+02:00 DEBUG 20180 --- [backend] [    Test worker] org.hibernate.HQL_FUNCTIONS              : percentile_disc(NUMERIC arg)
2025-06-03T11:54:20.710+02:00 DEBUG 20180 --- [backend] [    Test worker] org.hibernate.HQL_FUNCTIONS              : Double pi
2025-06-03T11:54:20.710+02:00 DEBUG 20180 --- [backend] [    Test worker] org.hibernate.HQL_FUNCTIONS              : Integer position(STRING pattern in STRING string)
2025-06-03T11:54:20.710+02:00 DEBUG 20180 --- [backend] [    Test worker] org.hibernate.HQL_FUNCTIONS              : Double power(NUMERIC arg0, NUMERIC arg1)
2025-06-03T11:54:20.710+02:00 DEBUG 20180 --- [backend] [    Test worker] org.hibernate.HQL_FUNCTIONS              : Integer quarter(DATE arg)
2025-06-03T11:54:20.710+02:00 DEBUG 20180 --- [backend] [    Test worker] org.hibernate.HQL_FUNCTIONS              : Double radians(NUMERIC arg)
2025-06-03T11:54:20.710+02:00 DEBUG 20180 --- [backend] [    Test worker] org.hibernate.HQL_FUNCTIONS              : Double rand([INTEGER seed])
2025-06-03T11:54:20.711+02:00 DEBUG 20180 --- [backend] [    Test worker] org.hibernate.HQL_FUNCTIONS              : Long rank([arg0[, ...]])
2025-06-03T11:54:20.711+02:00 DEBUG 20180 --- [backend] [    Test worker] org.hibernate.HQL_FUNCTIONS              : String repeat(STRING string, INTEGER times)
2025-06-03T11:54:20.711+02:00 DEBUG 20180 --- [backend] [    Test worker] org.hibernate.HQL_FUNCTIONS              : String replace(STRING string, STRING pattern, STRING replacement)
2025-06-03T11:54:20.711+02:00 DEBUG 20180 --- [backend] [    Test worker] org.hibernate.HQL_FUNCTIONS              : String reverse(STRING arg)
2025-06-03T11:54:20.711+02:00 DEBUG 20180 --- [backend] [    Test worker] org.hibernate.HQL_FUNCTIONS              : String right(STRING string, INTEGER length)
2025-06-03T11:54:20.711+02:00 DEBUG 20180 --- [backend] [    Test worker] org.hibernate.HQL_FUNCTIONS              : round(NUMERIC number[, INTEGER places])
2025-06-03T11:54:20.711+02:00 DEBUG 20180 --- [backend] [    Test worker] org.hibernate.HQL_FUNCTIONS              : Long row_number()
2025-06-03T11:54:20.712+02:00 DEBUG 20180 --- [backend] [    Test worker] org.hibernate.HQL_FUNCTIONS              : String rpad(string, length[, padding])
2025-06-03T11:54:20.712+02:00 DEBUG 20180 --- [backend] [    Test worker] org.hibernate.HQL_FUNCTIONS              : String rtrim(STRING string[, STRING characters])
2025-06-03T11:54:20.712+02:00 DEBUG 20180 --- [backend] [    Test worker] org.hibernate.HQL_FUNCTIONS              : Integer second(TIME arg)
2025-06-03T11:54:20.712+02:00 DEBUG 20180 --- [backend] [    Test worker] org.hibernate.HQL_FUNCTIONS              : String sha(arg)
2025-06-03T11:54:20.712+02:00 DEBUG 20180 --- [backend] [    Test worker] org.hibernate.HQL_FUNCTIONS              : String sha1(arg)
2025-06-03T11:54:20.712+02:00 DEBUG 20180 --- [backend] [    Test worker] org.hibernate.HQL_FUNCTIONS              : String sha2(arg0, arg1)
2025-06-03T11:54:20.713+02:00 DEBUG 20180 --- [backend] [    Test worker] org.hibernate.HQL_FUNCTIONS              : Integer sign(NUMERIC arg)
2025-06-03T11:54:20.713+02:00 DEBUG 20180 --- [backend] [    Test worker] org.hibernate.HQL_FUNCTIONS              : Double sin(NUMERIC arg)
2025-06-03T11:54:20.713+02:00 DEBUG 20180 --- [backend] [    Test worker] org.hibernate.HQL_FUNCTIONS              : Double sinh(NUMERIC arg)
2025-06-03T11:54:20.713+02:00 DEBUG 20180 --- [backend] [    Test worker] org.hibernate.HQL_FUNCTIONS              : String soundex(arg)
2025-06-03T11:54:20.714+02:00 DEBUG 20180 --- [backend] [    Test worker] org.hibernate.HQL_FUNCTIONS              : String space(INTEGER arg)
2025-06-03T11:54:20.714+02:00 DEBUG 20180 --- [backend] [    Test worker] org.hibernate.HQL_FUNCTIONS              : Object sql
2025-06-03T11:54:20.714+02:00 DEBUG 20180 --- [backend] [    Test worker] org.hibernate.HQL_FUNCTIONS              : Double sqrt(NUMERIC arg)
2025-06-03T11:54:20.714+02:00 DEBUG 20180 --- [backend] [    Test worker] org.hibernate.HQL_FUNCTIONS              : Double stddev(NUMERIC arg)
2025-06-03T11:54:20.714+02:00 DEBUG 20180 --- [backend] [    Test worker] org.hibernate.HQL_FUNCTIONS              : Double stddev_pop(NUMERIC arg)
2025-06-03T11:54:20.714+02:00 DEBUG 20180 --- [backend] [    Test worker] org.hibernate.HQL_FUNCTIONS              : Double stddev_samp(NUMERIC arg)
2025-06-03T11:54:20.715+02:00 DEBUG 20180 --- [backend] [    Test worker] org.hibernate.HQL_FUNCTIONS              : String str(arg)
2025-06-03T11:54:20.715+02:00 DEBUG 20180 --- [backend] [    Test worker] org.hibernate.HQL_FUNCTIONS              : subdate(DATE datetime, INTEGER days)
2025-06-03T11:54:20.715+02:00 DEBUG 20180 --- [backend] [    Test worker] org.hibernate.HQL_FUNCTIONS              : String substr(STRING string, INTEGER start[, INTEGER length])
2025-06-03T11:54:20.715+02:00 DEBUG 20180 --- [backend] [    Test worker] org.hibernate.HQL_FUNCTIONS              : String substring(STRING string{ from|,} INTEGER start[{ for|,} INTEGER length])
2025-06-03T11:54:20.715+02:00 DEBUG 20180 --- [backend] [    Test worker] org.hibernate.HQL_FUNCTIONS              : subtime(TIME datetime, TIME time)
2025-06-03T11:54:20.715+02:00 DEBUG 20180 --- [backend] [    Test worker] org.hibernate.HQL_FUNCTIONS              : sum(arg)
2025-06-03T11:54:20.715+02:00 DEBUG 20180 --- [backend] [    Test worker] org.hibernate.HQL_FUNCTIONS              : Timestamp sysdate()
2025-06-03T11:54:20.715+02:00 DEBUG 20180 --- [backend] [    Test worker] org.hibernate.HQL_FUNCTIONS              : Double tan(NUMERIC arg)
2025-06-03T11:54:20.715+02:00 DEBUG 20180 --- [backend] [    Test worker] org.hibernate.HQL_FUNCTIONS              : Double tanh(NUMERIC arg)
2025-06-03T11:54:20.715+02:00 DEBUG 20180 --- [backend] [    Test worker] org.hibernate.HQL_FUNCTIONS              : String time(arg)
2025-06-03T11:54:20.716+02:00 DEBUG 20180 --- [backend] [    Test worker] org.hibernate.HQL_FUNCTIONS              : Timestamp timestamp(arg0[, arg1])
2025-06-03T11:54:20.716+02:00 DEBUG 20180 --- [backend] [    Test worker] org.hibernate.HQL_FUNCTIONS              : timestampadd(TEMPORAL_UNIT field, INTEGER magnitude, TEMPORAL datetime)
2025-06-03T11:54:20.716+02:00 DEBUG 20180 --- [backend] [    Test worker] org.hibernate.HQL_FUNCTIONS              : Long|Double timestampdiff(TEMPORAL_UNIT field, TEMPORAL start, TEMPORAL end)
2025-06-03T11:54:20.717+02:00 DEBUG 20180 --- [backend] [    Test worker] org.hibernate.HQL_FUNCTIONS              : String trim([[{leading|trailing|both} ][STRING arg0 ]from] STRING arg1)
2025-06-03T11:54:20.719+02:00 DEBUG 20180 --- [backend] [    Test worker] org.hibernate.HQL_FUNCTIONS              : trunc( ... )
2025-06-03T11:54:20.719+02:00 DEBUG 20180 --- [backend] [    Test worker] org.hibernate.HQL_FUNCTIONS              : truncate( ... )
2025-06-03T11:54:20.722+02:00 DEBUG 20180 --- [backend] [    Test worker] org.hibernate.HQL_FUNCTIONS              : String upper(STRING string)
2025-06-03T11:54:20.722+02:00 DEBUG 20180 --- [backend] [    Test worker] org.hibernate.HQL_FUNCTIONS              : Date utc_date
2025-06-03T11:54:20.722+02:00 DEBUG 20180 --- [backend] [    Test worker] org.hibernate.HQL_FUNCTIONS              : Time utc_time
2025-06-03T11:54:20.722+02:00 DEBUG 20180 --- [backend] [    Test worker] org.hibernate.HQL_FUNCTIONS              : Timestamp utc_timestamp
2025-06-03T11:54:20.722+02:00 DEBUG 20180 --- [backend] [    Test worker] org.hibernate.HQL_FUNCTIONS              : Double var_pop(NUMERIC arg)
2025-06-03T11:54:20.722+02:00 DEBUG 20180 --- [backend] [    Test worker] org.hibernate.HQL_FUNCTIONS              : Double var_samp(NUMERIC arg)
2025-06-03T11:54:20.723+02:00 DEBUG 20180 --- [backend] [    Test worker] org.hibernate.HQL_FUNCTIONS              : Double variance(NUMERIC arg)
2025-06-03T11:54:20.723+02:00 DEBUG 20180 --- [backend] [    Test worker] org.hibernate.HQL_FUNCTIONS              : Integer week(DATE arg)
2025-06-03T11:54:20.723+02:00 DEBUG 20180 --- [backend] [    Test worker] org.hibernate.HQL_FUNCTIONS              : Integer year(DATE arg)
2025-06-03T11:54:20.752+02:00 DEBUG 20180 --- [backend] [    Test worker] org.hibernate.orm.query.plan.cache       : Starting QueryInterpretationCache(2048)
2025-06-03T11:54:21.072+02:00 DEBUG 20180 --- [backend] [    Test worker] .h.s.i.SessionFactoryServiceRegistryImpl : EventListenerRegistry access via ServiceRegistry is deprecated.  Use `sessionFactory.getEventEngine().getListenerRegistry()` instead
2025-06-03T11:54:21.080+02:00 DEBUG 20180 --- [backend] [    Test worker] h.e.i.EntityCopyObserverFactoryInitiator : Configured EntityCopyObserver strategy: disallow
2025-06-03T11:54:21.580+02:00 DEBUG 20180 --- [backend] [    Test worker] o.h.boot.internal.ClassLoaderAccessImpl  : Not known whether passed class name [backend.model.Pretplata] is safe
2025-06-03T11:54:21.582+02:00 DEBUG 20180 --- [backend] [    Test worker] o.h.boot.internal.ClassLoaderAccessImpl  : No temp ClassLoader provided; using live ClassLoader for loading potentially unsafe class : backend.model.Pretplata
2025-06-03T11:54:22.141+02:00 DEBUG 20180 --- [backend] [    Test worker] o.h.b.i.bytebuddy.BytecodeProviderImpl   : HHH000513: Unable to create the ReflectionOptimizer for [backend.model.Pretplata]: private accessor [tipPretplate]
2025-06-03T11:54:22.261+02:00 DEBUG 20180 --- [backend] [    Test worker] org.hibernate.ormbytecode.interceptor    : To-one property `backend.model.Korisnik#pretplata` was mapped with LAZY + NO_PROXY but the class was not enhanced
2025-06-03T11:54:22.267+02:00 DEBUG 20180 --- [backend] [    Test worker] org.hibernate.ormbytecode.interceptor    : To-one property `backend.model.Korisnik#pretplata` was mapped with LAZY + NO_PROXY but the class was not enhanced
2025-06-03T11:54:22.268+02:00 DEBUG 20180 --- [backend] [    Test worker] o.h.boot.internal.ClassLoaderAccessImpl  : Not known whether passed class name [backend.model.Korisnik] is safe
2025-06-03T11:54:22.268+02:00 DEBUG 20180 --- [backend] [    Test worker] o.h.boot.internal.ClassLoaderAccessImpl  : No temp ClassLoader provided; using live ClassLoader for loading potentially unsafe class : backend.model.Korisnik
2025-06-03T11:54:22.405+02:00 DEBUG 20180 --- [backend] [    Test worker] o.h.b.i.bytebuddy.BytecodeProviderImpl   : HHH000513: Unable to create the ReflectionOptimizer for [backend.model.Korisnik]: private accessor [emailKorisnika]
2025-06-03T11:54:22.414+02:00 DEBUG 20180 --- [backend] [    Test worker] org.hibernate.ormbytecode.interceptor    : To-one property `backend.model.Korisnik#pretplata` was mapped with LAZY + NO_PROXY but the class was not enhanced
2025-06-03T11:54:22.434+02:00 DEBUG 20180 --- [backend] [    Test worker] o.h.boot.internal.ClassLoaderAccessImpl  : Not known whether passed class name [backend.model.Jelo] is safe
2025-06-03T11:54:22.434+02:00 DEBUG 20180 --- [backend] [    Test worker] o.h.boot.internal.ClassLoaderAccessImpl  : No temp ClassLoader provided; using live ClassLoader for loading potentially unsafe class : backend.model.Jelo
2025-06-03T11:54:22.509+02:00 DEBUG 20180 --- [backend] [    Test worker] o.h.b.i.bytebuddy.BytecodeProviderImpl   : HHH000513: Unable to create the ReflectionOptimizer for [backend.model.Jelo]: private accessor [cijena]
2025-06-03T11:54:22.510+02:00 DEBUG 20180 --- [backend] [    Test worker] org.hibernate.ormbytecode.interceptor    : To-one property `backend.model.PretplataPoKorisniku#korisnik` was mapped with LAZY + NO_PROXY but the class was not enhanced
2025-06-03T11:54:22.511+02:00 DEBUG 20180 --- [backend] [    Test worker] org.hibernate.ormbytecode.interceptor    : To-one property `backend.model.PretplataPoKorisniku#korisnik` was mapped with LAZY + NO_PROXY but the class was not enhanced
2025-06-03T11:54:22.511+02:00 DEBUG 20180 --- [backend] [    Test worker] org.hibernate.ormbytecode.interceptor    : To-one property `backend.model.PretplataPoKorisniku#pretplata` was mapped with LAZY + NO_PROXY but the class was not enhanced
2025-06-03T11:54:22.511+02:00 DEBUG 20180 --- [backend] [    Test worker] org.hibernate.ormbytecode.interceptor    : To-one property `backend.model.PretplataPoKorisniku#pretplata` was mapped with LAZY + NO_PROXY but the class was not enhanced
2025-06-03T11:54:22.511+02:00 DEBUG 20180 --- [backend] [    Test worker] o.h.boot.internal.ClassLoaderAccessImpl  : Not known whether passed class name [backend.model.PretplataPoKorisniku] is safe
2025-06-03T11:54:22.511+02:00 DEBUG 20180 --- [backend] [    Test worker] o.h.boot.internal.ClassLoaderAccessImpl  : No temp ClassLoader provided; using live ClassLoader for loading potentially unsafe class : backend.model.PretplataPoKorisniku
2025-06-03T11:54:22.577+02:00 DEBUG 20180 --- [backend] [    Test worker] o.h.b.i.bytebuddy.BytecodeProviderImpl   : HHH000513: Unable to create the ReflectionOptimizer for [backend.model.PretplataPoKorisniku]: private accessor [datumPocetka]
2025-06-03T11:54:22.577+02:00 DEBUG 20180 --- [backend] [    Test worker] org.hibernate.ormbytecode.interceptor    : To-one property `backend.model.PretplataPoKorisniku#korisnik` was mapped with LAZY + NO_PROXY but the class was not enhanced
2025-06-03T11:54:22.577+02:00 DEBUG 20180 --- [backend] [    Test worker] org.hibernate.ormbytecode.interceptor    : To-one property `backend.model.PretplataPoKorisniku#pretplata` was mapped with LAZY + NO_PROXY but the class was not enhanced
2025-06-03T11:54:22.695+02:00 DEBUG 20180 --- [backend] [    Test worker] o.hibernate.orm.model.mapping.creation   : Starting post-init callbacks
2025-06-03T11:54:22.696+02:00 DEBUG 20180 --- [backend] [    Test worker] o.hibernate.orm.model.mapping.creation   : Starting PostInitCallbackEntry : Entity(backend.model.Pretplata) `staticFetchableList` generator
2025-06-03T11:54:22.698+02:00 DEBUG 20180 --- [backend] [    Test worker] o.hibernate.orm.model.mapping.creation   : Starting PostInitCallbackEntry : To-one key - NavigableRole[backend.model.Korisnik.pretplata]
2025-06-03T11:54:22.714+02:00 DEBUG 20180 --- [backend] [    Test worker] o.hibernate.orm.model.mapping.creation   : Starting PostInitCallbackEntry : Entity(backend.model.Korisnik) `staticFetchableList` generator
2025-06-03T11:54:22.714+02:00 DEBUG 20180 --- [backend] [    Test worker] o.hibernate.orm.model.mapping.creation   : Starting PostInitCallbackEntry : Entity(backend.model.Jelo) `staticFetchableList` generator
2025-06-03T11:54:22.714+02:00 DEBUG 20180 --- [backend] [    Test worker] o.hibernate.orm.model.mapping.creation   : Starting PostInitCallbackEntry : To-one key - NavigableRole[backend.model.PretplataPoKorisniku.korisnik]
2025-06-03T11:54:22.715+02:00 DEBUG 20180 --- [backend] [    Test worker] o.hibernate.orm.model.mapping.creation   : Starting PostInitCallbackEntry : To-one key - NavigableRole[backend.model.PretplataPoKorisniku.pretplata]
2025-06-03T11:54:22.715+02:00 DEBUG 20180 --- [backend] [    Test worker] o.hibernate.orm.model.mapping.creation   : Starting PostInitCallbackEntry : Entity(backend.model.PretplataPoKorisniku) `staticFetchableList` generator
2025-06-03T11:54:23.393+02:00 DEBUG 20180 --- [backend] [    Test worker] org.hibernate.orm.sql.ast.create         : Created new SQL alias : p1_0
2025-06-03T11:54:23.399+02:00 DEBUG 20180 --- [backend] [    Test worker] org.hibernate.orm.sql.ast.create         : Registration of TableGroup [StandardTableGroup(backend.model.Pretplata)] with identifierForTableGroup [backend.model.Pretplata] for NavigablePath [backend.model.Pretplata] 
2025-06-03T11:54:23.446+02:00 DEBUG 20180 --- [backend] [    Test worker] org.hibernate.orm.results.graph.AST      : DomainResult Graph:
 \-EntityResultImpl [backend.model.Pretplata]
 |  \-BasicFetch [backend.model.Pretplata.tipPretplate]

2025-06-03T11:54:23.455+02:00 DEBUG 20180 --- [backend] [    Test worker] org.hibernate.orm.sql.ast.tree           : SQL AST Tree:
    SelectStatement {
      FromClause {
        StandardTableGroup (p1 : backend.model.Pretplata) {
          primaryTableReference : fc_pretplata as p1_0
        }
      }
    }

2025-06-03T11:54:23.475+02:00 DEBUG 20180 --- [backend] [    Test worker] o.h.p.entity.AbstractEntityPersister     : Static SQL for entity: backend.model.Pretplata
2025-06-03T11:54:23.475+02:00 DEBUG 20180 --- [backend] [    Test worker] o.h.p.entity.AbstractEntityPersister     :  Version select: select id_pretplata from fc_pretplata where id_pretplata=?
2025-06-03T11:54:23.475+02:00 DEBUG 20180 --- [backend] [    Test worker] o.h.p.entity.AbstractEntityPersister     :  Insert (0): insert into fc_pretplata (tip_pretplate) values (?)
2025-06-03T11:54:23.475+02:00 DEBUG 20180 --- [backend] [    Test worker] o.h.p.entity.AbstractEntityPersister     :  Update (0): update fc_pretplata set tip_pretplate=? where id_pretplata=?
2025-06-03T11:54:23.475+02:00 DEBUG 20180 --- [backend] [    Test worker] o.h.p.entity.AbstractEntityPersister     :  Delete (0): delete from fc_pretplata where id_pretplata=?
2025-06-03T11:54:23.475+02:00 DEBUG 20180 --- [backend] [    Test worker] org.hibernate.orm.sql.ast.create         : Created new SQL alias : k1_0
2025-06-03T11:54:23.475+02:00 DEBUG 20180 --- [backend] [    Test worker] org.hibernate.orm.sql.ast.create         : Registration of TableGroup [StandardTableGroup(backend.model.Korisnik)] with identifierForTableGroup [backend.model.Korisnik] for NavigablePath [backend.model.Korisnik] 
2025-06-03T11:54:23.490+02:00 DEBUG 20180 --- [backend] [    Test worker] org.hibernate.orm.sql.ast.create         : Registration of TableGroup [org.hibernate.sql.ast.tree.from.LazyTableGroup@580e01cd] with identifierForTableGroup [backend.model.Korisnik.pretplata] for NavigablePath [backend.model.Korisnik.pretplata] 
2025-06-03T11:54:23.492+02:00 DEBUG 20180 --- [backend] [    Test worker] org.hibernate.orm.sql.ast.create         : Created new SQL alias : p1_0
2025-06-03T11:54:23.496+02:00 DEBUG 20180 --- [backend] [    Test worker] org.hibernate.orm.results.graph.AST      : DomainResult Graph:
 \-EntityResultImpl [backend.model.Korisnik]
 |  +-BasicFetch [backend.model.Korisnik.emailKorisnika]
 |  +-BasicFetch [backend.model.Korisnik.imeKorisnika]
 |  +-BasicFetch [backend.model.Korisnik.lozinkaKorisnika]
 |  +-BasicFetch [backend.model.Korisnik.phone]
 |  +-EntityFetchJoinedImpl [backend.model.Korisnik.pretplata]
 |  |  \-BasicFetch [backend.model.Korisnik.pretplata.tipPretplate]
 |  +-BasicFetch [backend.model.Korisnik.prezimeKorisnika]
 |  \-BasicFetch [backend.model.Korisnik.role]

2025-06-03T11:54:23.498+02:00 DEBUG 20180 --- [backend] [    Test worker] org.hibernate.orm.sql.ast.tree           : SQL AST Tree:
    SelectStatement {
      FromClause {
        StandardTableGroup (k1 : backend.model.Korisnik) {
          primaryTableReference : fc_korisnik as k1_0
          TableGroupJoins {
            left  join LazyTableGroup (p1 : backend.model.Korisnik.pretplata) {
              primaryTableReference : fc_pretplata as p1_0
            }
          }
        }
      }
    }

2025-06-03T11:54:23.505+02:00 DEBUG 20180 --- [backend] [    Test worker] o.h.p.entity.AbstractEntityPersister     : Static SQL for entity: backend.model.Korisnik
2025-06-03T11:54:23.505+02:00 DEBUG 20180 --- [backend] [    Test worker] o.h.p.entity.AbstractEntityPersister     :  Version select: select id_korisnika from fc_korisnik where id_korisnika=?
2025-06-03T11:54:23.505+02:00 DEBUG 20180 --- [backend] [    Test worker] o.h.p.entity.AbstractEntityPersister     :  Insert (0): insert into fc_korisnik (email_korisnika,ime_korisnika,lozinka_korisnika,mob_korisnika,pretplata_id,prezime_korisnika,role) values (?,?,?,?,?,?,?)
2025-06-03T11:54:23.505+02:00 DEBUG 20180 --- [backend] [    Test worker] o.h.p.entity.AbstractEntityPersister     :  Update (0): update fc_korisnik set email_korisnika=?,ime_korisnika=?,lozinka_korisnika=?,mob_korisnika=?,pretplata_id=?,prezime_korisnika=?,role=? where id_korisnika=?
2025-06-03T11:54:23.505+02:00 DEBUG 20180 --- [backend] [    Test worker] o.h.p.entity.AbstractEntityPersister     :  Delete (0): delete from fc_korisnik where id_korisnika=?
2025-06-03T11:54:23.506+02:00 DEBUG 20180 --- [backend] [    Test worker] org.hibernate.orm.sql.ast.create         : Created new SQL alias : j1_0
2025-06-03T11:54:23.506+02:00 DEBUG 20180 --- [backend] [    Test worker] org.hibernate.orm.sql.ast.create         : Registration of TableGroup [StandardTableGroup(backend.model.Jelo)] with identifierForTableGroup [backend.model.Jelo] for NavigablePath [backend.model.Jelo] 
2025-06-03T11:54:23.507+02:00 DEBUG 20180 --- [backend] [    Test worker] org.hibernate.orm.results.graph.AST      : DomainResult Graph:
 \-EntityResultImpl [backend.model.Jelo]
 |  +-BasicFetch [backend.model.Jelo.cijena]
 |  +-BasicFetch [backend.model.Jelo.imgPath]
 |  +-BasicFetch [backend.model.Jelo.naziv]
 |  +-BasicFetch [backend.model.Jelo.nutritivneVrijednosti]
 |  \-BasicFetch [backend.model.Jelo.opis]

2025-06-03T11:54:23.509+02:00 DEBUG 20180 --- [backend] [    Test worker] org.hibernate.orm.sql.ast.tree           : SQL AST Tree:
    SelectStatement {
      FromClause {
        StandardTableGroup (j1 : backend.model.Jelo) {
          primaryTableReference : fc_jelo as j1_0
        }
      }
    }

2025-06-03T11:54:23.509+02:00 DEBUG 20180 --- [backend] [    Test worker] o.h.p.entity.AbstractEntityPersister     : Static SQL for entity: backend.model.Jelo
2025-06-03T11:54:23.509+02:00 DEBUG 20180 --- [backend] [    Test worker] o.h.p.entity.AbstractEntityPersister     :  Version select: select id_jela from fc_jelo where id_jela=?
2025-06-03T11:54:23.509+02:00 DEBUG 20180 --- [backend] [    Test worker] o.h.p.entity.AbstractEntityPersister     :  Insert (0): insert into fc_jelo (cijena_jela,img_path,naziv_jela,nutritivne_vrijednosti,opis_jela) values (?,?,?,?,?)
2025-06-03T11:54:23.509+02:00 DEBUG 20180 --- [backend] [    Test worker] o.h.p.entity.AbstractEntityPersister     :  Update (0): update fc_jelo set cijena_jela=?,img_path=?,naziv_jela=?,nutritivne_vrijednosti=?,opis_jela=? where id_jela=?
2025-06-03T11:54:23.510+02:00 DEBUG 20180 --- [backend] [    Test worker] o.h.p.entity.AbstractEntityPersister     :  Delete (0): delete from fc_jelo where id_jela=?
2025-06-03T11:54:23.510+02:00 DEBUG 20180 --- [backend] [    Test worker] org.hibernate.orm.sql.ast.create         : Created new SQL alias : ppk1_0
2025-06-03T11:54:23.510+02:00 DEBUG 20180 --- [backend] [    Test worker] org.hibernate.orm.sql.ast.create         : Registration of TableGroup [StandardTableGroup(backend.model.PretplataPoKorisniku)] with identifierForTableGroup [backend.model.PretplataPoKorisniku] for NavigablePath [backend.model.PretplataPoKorisniku] 
2025-06-03T11:54:23.512+02:00 DEBUG 20180 --- [backend] [    Test worker] org.hibernate.orm.sql.ast.create         : Registration of TableGroup [org.hibernate.sql.ast.tree.from.LazyTableGroup@4645a575] with identifierForTableGroup [backend.model.PretplataPoKorisniku.korisnik] for NavigablePath [backend.model.PretplataPoKorisniku.korisnik] 
2025-06-03T11:54:23.523+02:00 DEBUG 20180 --- [backend] [    Test worker] org.hibernate.orm.sql.ast.create         : Created new SQL alias : k1_0
2025-06-03T11:54:23.534+02:00 DEBUG 20180 --- [backend] [    Test worker] org.hibernate.orm.sql.ast.create         : Registration of TableGroup [org.hibernate.sql.ast.tree.from.LazyTableGroup@56017274] with identifierForTableGroup [backend.model.PretplataPoKorisniku.korisnik.pretplata] for NavigablePath [backend.model.PretplataPoKorisniku.korisnik.pretplata] 
2025-06-03T11:54:23.534+02:00 DEBUG 20180 --- [backend] [    Test worker] org.hibernate.orm.sql.ast.create         : Created new SQL alias : p1_0
2025-06-03T11:54:23.542+02:00 DEBUG 20180 --- [backend] [    Test worker] org.hibernate.orm.sql.ast.create         : Registration of TableGroup [org.hibernate.sql.ast.tree.from.LazyTableGroup@2bf0bb93] with identifierForTableGroup [backend.model.PretplataPoKorisniku.pretplata] for NavigablePath [backend.model.PretplataPoKorisniku.pretplata] 
2025-06-03T11:54:23.559+02:00 DEBUG 20180 --- [backend] [    Test worker] org.hibernate.orm.sql.ast.create         : Created new SQL alias : p2_0
2025-06-03T11:54:23.560+02:00 DEBUG 20180 --- [backend] [    Test worker] org.hibernate.orm.results.graph.AST      : DomainResult Graph:
 \-EntityResultImpl [backend.model.PretplataPoKorisniku]
 |  +-BasicFetch [backend.model.PretplataPoKorisniku.datumPocetka]
 |  +-BasicFetch [backend.model.PretplataPoKorisniku.datumZavrsetka]
 |  +-EntityFetchJoinedImpl [backend.model.PretplataPoKorisniku.korisnik]
 |  |  +-BasicFetch [backend.model.PretplataPoKorisniku.korisnik.emailKorisnika]
 |  |  +-BasicFetch [backend.model.PretplataPoKorisniku.korisnik.imeKorisnika]
 |  |  +-BasicFetch [backend.model.PretplataPoKorisniku.korisnik.lozinkaKorisnika]
 |  |  +-BasicFetch [backend.model.PretplataPoKorisniku.korisnik.phone]
 |  |  +-EntityFetchJoinedImpl [backend.model.PretplataPoKorisniku.korisnik.pretplata]
 |  |  |  \-BasicFetch [backend.model.PretplataPoKorisniku.korisnik.pretplata.tipPretplate]
 |  |  +-BasicFetch [backend.model.PretplataPoKorisniku.korisnik.prezimeKorisnika]
 |  |  \-BasicFetch [backend.model.PretplataPoKorisniku.korisnik.role]
 |  +-EntityFetchJoinedImpl [backend.model.PretplataPoKorisniku.pretplata]
 |  |  \-BasicFetch [backend.model.PretplataPoKorisniku.pretplata.tipPretplate]
 |  +-BasicFetch [backend.model.PretplataPoKorisniku.status]
 |  \-BasicFetch [backend.model.PretplataPoKorisniku.tipPlacanja]

2025-06-03T11:54:23.561+02:00 DEBUG 20180 --- [backend] [    Test worker] org.hibernate.orm.sql.ast.tree           : SQL AST Tree:
    SelectStatement {
      FromClause {
        StandardTableGroup (ppk1 : backend.model.PretplataPoKorisniku) {
          primaryTableReference : fc_pretplata_po_korisniku as ppk1_0
          TableGroupJoins {
             join LazyTableGroup (k1 : backend.model.PretplataPoKorisniku.korisnik) {
              primaryTableReference : fc_korisnik as k1_0
              TableGroupJoins {
                left  join LazyTableGroup (p1 : backend.model.PretplataPoKorisniku.korisnik.pretplata) {
                  primaryTableReference : fc_pretplata as p1_0
                }
              }
            }
             join LazyTableGroup (p2 : backend.model.PretplataPoKorisniku.pretplata) {
              primaryTableReference : fc_pretplata as p2_0
            }
          }
        }
      }
    }

2025-06-03T11:54:23.562+02:00 DEBUG 20180 --- [backend] [    Test worker] o.h.p.entity.AbstractEntityPersister     : Static SQL for entity: backend.model.PretplataPoKorisniku
2025-06-03T11:54:23.562+02:00 DEBUG 20180 --- [backend] [    Test worker] o.h.p.entity.AbstractEntityPersister     :  Version select: select id_pretplate_po_korisniku from fc_pretplata_po_korisniku where id_pretplate_po_korisniku=?
2025-06-03T11:54:23.562+02:00 DEBUG 20180 --- [backend] [    Test worker] o.h.p.entity.AbstractEntityPersister     :  Insert (0): insert into fc_pretplata_po_korisniku (datum_pocetka,datum_zavrsetka,id_korisnika,id_pretplate,status,tip_placanja) values (?,?,?,?,?,?)
2025-06-03T11:54:23.562+02:00 DEBUG 20180 --- [backend] [    Test worker] o.h.p.entity.AbstractEntityPersister     :  Update (0): update fc_pretplata_po_korisniku set datum_pocetka=?,datum_zavrsetka=?,id_korisnika=?,id_pretplate=?,status=?,tip_placanja=? where id_pretplate_po_korisniku=?
2025-06-03T11:54:23.562+02:00 DEBUG 20180 --- [backend] [    Test worker] o.h.p.entity.AbstractEntityPersister     :  Delete (0): delete from fc_pretplata_po_korisniku where id_pretplate_po_korisniku=?
2025-06-03T11:54:23.642+02:00  INFO 20180 --- [backend] [    Test worker] o.h.e.t.j.p.i.JtaPlatformInitiator       : HHH000489: No JTA platform available (set 'hibernate.transaction.jta.platform' to enable JTA platform integration)
2025-06-03T11:54:23.644+02:00 DEBUG 20180 --- [backend] [    Test worker] o.h.type.spi.TypeConfiguration$Scope     : Scoping TypeConfiguration [org.hibernate.type.spi.TypeConfiguration@798b36fd] to SessionFactoryImplementor [org.hibernate.internal.SessionFactoryImpl@7b55fc83]
2025-06-03T11:54:23.648+02:00 DEBUG 20180 --- [backend] [    Test worker] o.h.query.named.NamedObjectRepository    : Checking 0 named HQL queries
2025-06-03T11:54:23.648+02:00 DEBUG 20180 --- [backend] [    Test worker] o.h.query.named.NamedObjectRepository    : Checking 0 named SQL queries
2025-06-03T11:54:23.650+02:00 DEBUG 20180 --- [backend] [    Test worker] .h.t.s.s.SchemaManagementToolCoordinator : No schema actions specified for contributor `orm`; doing nothing
2025-06-03T11:54:23.650+02:00 DEBUG 20180 --- [backend] [    Test worker] .h.t.s.s.SchemaManagementToolCoordinator : No actions found; doing nothing
2025-06-03T11:54:23.655+02:00 DEBUG 20180 --- [backend] [    Test worker] o.h.internal.SessionFactoryRegistry      : Initializing SessionFactoryRegistry : org.hibernate.internal.SessionFactoryRegistry@2b98c310
2025-06-03T11:54:23.655+02:00 DEBUG 20180 --- [backend] [    Test worker] o.h.internal.SessionFactoryRegistry      : Registering SessionFactory: cbc204f7-f6fc-415f-9c15-1868da6483ff (<unnamed>)
2025-06-03T11:54:23.655+02:00 DEBUG 20180 --- [backend] [    Test worker] o.h.internal.SessionFactoryRegistry      : Not binding SessionFactory to JNDI, no JNDI name configured
2025-06-03T11:54:23.655+02:00 DEBUG 20180 --- [backend] [    Test worker] o.hibernate.internal.SessionFactoryImpl  : Instantiated SessionFactory
2025-06-03T11:54:23.656+02:00  INFO 20180 --- [backend] [    Test worker] j.LocalContainerEntityManagerFactoryBean : Initialized JPA EntityManagerFactory for persistence unit 'default'
2025-06-03T11:54:25.134+02:00 DEBUG 20180 --- [backend] [    Test worker] o.h.stat.internal.StatisticsInitiator    : Statistics initialized [enabled=false]
2025-06-03T11:54:27.474+02:00 DEBUG 20180 --- [backend] [    Test worker] cResourceLocalTransactionCoordinatorImpl : JDBC transaction marked for rollback-only (exception provided for stack trace)

java.lang.Exception: exception just for purpose of providing stack trace
	at org.hibernate.resource.transaction.backend.jdbc.internal.JdbcResourceLocalTransactionCoordinatorImpl$TransactionDriverControlImpl.markRollbackOnly(JdbcResourceLocalTransactionCoordinatorImpl.java:309) ~[hibernate-core-6.6.13.Final.jar:6.6.13.Final]
	at org.hibernate.internal.AbstractSharedSessionContract.buildNamedQuery(AbstractSharedSessionContract.java:1141) ~[hibernate-core-6.6.13.Final.jar:6.6.13.Final]
	at org.hibernate.internal.AbstractSharedSessionContract.createNamedQuery(AbstractSharedSessionContract.java:1019) ~[hibernate-core-6.6.13.Final.jar:6.6.13.Final]
	at org.hibernate.internal.AbstractSharedSessionContract.createNamedQuery(AbstractSharedSessionContract.java:143) ~[hibernate-core-6.6.13.Final.jar:6.6.13.Final]
	at java.base/jdk.internal.reflect.NativeMethodAccessorImpl.invoke0(Native Method) ~[na:na]
	at java.base/jdk.internal.reflect.NativeMethodAccessorImpl.invoke(NativeMethodAccessorImpl.java:77) ~[na:na]
	at java.base/jdk.internal.reflect.DelegatingMethodAccessorImpl.invoke(DelegatingMethodAccessorImpl.java:43) ~[na:na]
	at java.base/java.lang.reflect.Method.invoke(Method.java:569) ~[na:na]
	at org.springframework.orm.jpa.ExtendedEntityManagerCreator$ExtendedEntityManagerInvocationHandler.invoke(ExtendedEntityManagerCreator.java:364) ~[spring-orm-6.2.6.jar:6.2.6]
	at jdk.proxy3/jdk.proxy3.$Proxy146.createNamedQuery(Unknown Source) ~[na:na]
	at org.springframework.data.jpa.repository.query.NamedQuery.hasNamedQuery(NamedQuery.java:120) ~[spring-data-jpa-3.4.5.jar:3.4.5]
	at org.springframework.data.jpa.repository.query.NamedQuery.lookupFrom(NamedQuery.java:147) ~[spring-data-jpa-3.4.5.jar:3.4.5]
	at org.springframework.data.jpa.repository.query.JpaQueryLookupStrategy$DeclaredQueryLookupStrategy.resolveQuery(JpaQueryLookupStrategy.java:184) ~[spring-data-jpa-3.4.5.jar:3.4.5]
	at org.springframework.data.jpa.repository.query.JpaQueryLookupStrategy$CreateIfNotFoundQueryLookupStrategy.resolveQuery(JpaQueryLookupStrategy.java:254) ~[spring-data-jpa-3.4.5.jar:3.4.5]
	at org.springframework.data.jpa.repository.query.JpaQueryLookupStrategy$AbstractQueryLookupStrategy.resolveQuery(JpaQueryLookupStrategy.java:99) ~[spring-data-jpa-3.4.5.jar:3.4.5]
	at org.springframework.data.repository.core.support.QueryExecutorMethodInterceptor.lookupQuery(QueryExecutorMethodInterceptor.java:116) ~[spring-data-commons-3.4.5.jar:3.4.5]
	at org.springframework.data.repository.core.support.QueryExecutorMethodInterceptor.mapMethodsToQuery(QueryExecutorMethodInterceptor.java:104) ~[spring-data-commons-3.4.5.jar:3.4.5]
	at org.springframework.data.repository.core.support.QueryExecutorMethodInterceptor.lambda$new$0(QueryExecutorMethodInterceptor.java:92) ~[spring-data-commons-3.4.5.jar:3.4.5]
	at java.base/java.util.Optional.map(Optional.java:260) ~[na:na]
	at org.springframework.data.repository.core.support.QueryExecutorMethodInterceptor.<init>(QueryExecutorMethodInterceptor.java:92) ~[spring-data-commons-3.4.5.jar:3.4.5]
	at org.springframework.data.repository.core.support.RepositoryFactorySupport.getRepository(RepositoryFactorySupport.java:431) ~[spring-data-commons-3.4.5.jar:3.4.5]
	at org.springframework.data.repository.core.support.RepositoryFactoryBeanSupport.lambda$afterPropertiesSet$4(RepositoryFactoryBeanSupport.java:350) ~[spring-data-commons-3.4.5.jar:3.4.5]
	at org.springframework.data.util.Lazy.getNullable(Lazy.java:135) ~[spring-data-commons-3.4.5.jar:3.4.5]
	at org.springframework.data.util.Lazy.get(Lazy.java:113) ~[spring-data-commons-3.4.5.jar:3.4.5]
	at org.springframework.data.repository.core.support.RepositoryFactoryBeanSupport.afterPropertiesSet(RepositoryFactoryBeanSupport.java:356) ~[spring-data-commons-3.4.5.jar:3.4.5]
	at org.springframework.data.jpa.repository.support.JpaRepositoryFactoryBean.afterPropertiesSet(JpaRepositoryFactoryBean.java:132) ~[spring-data-jpa-3.4.5.jar:3.4.5]
	at org.springframework.beans.factory.support.AbstractAutowireCapableBeanFactory.invokeInitMethods(AbstractAutowireCapableBeanFactory.java:1865) ~[spring-beans-6.2.6.jar:6.2.6]
	at org.springframework.beans.factory.support.AbstractAutowireCapableBeanFactory.initializeBean(AbstractAutowireCapableBeanFactory.java:1814) ~[spring-beans-6.2.6.jar:6.2.6]
	at org.springframework.beans.factory.support.AbstractAutowireCapableBeanFactory.doCreateBean(AbstractAutowireCapableBeanFactory.java:607) ~[spring-beans-6.2.6.jar:6.2.6]
	at org.springframework.beans.factory.support.AbstractAutowireCapableBeanFactory.createBean(AbstractAutowireCapableBeanFactory.java:529) ~[spring-beans-6.2.6.jar:6.2.6]
	at org.springframework.beans.factory.support.AbstractBeanFactory.lambda$doGetBean$0(AbstractBeanFactory.java:339) ~[spring-beans-6.2.6.jar:6.2.6]
	at org.springframework.beans.factory.support.DefaultSingletonBeanRegistry.getSingleton(DefaultSingletonBeanRegistry.java:371) ~[spring-beans-6.2.6.jar:6.2.6]
	at org.springframework.beans.factory.support.AbstractBeanFactory.doGetBean(AbstractBeanFactory.java:337) ~[spring-beans-6.2.6.jar:6.2.6]
	at org.springframework.beans.factory.support.AbstractBeanFactory.getBean(AbstractBeanFactory.java:202) ~[spring-beans-6.2.6.jar:6.2.6]
	at org.springframework.beans.factory.support.DefaultListableBeanFactory.doResolveDependency(DefaultListableBeanFactory.java:1681) ~[spring-beans-6.2.6.jar:6.2.6]
	at org.springframework.beans.factory.support.DefaultListableBeanFactory.resolveDependency(DefaultListableBeanFactory.java:1627) ~[spring-beans-6.2.6.jar:6.2.6]
	at org.springframework.beans.factory.support.ConstructorResolver.resolveAutowiredArgument(ConstructorResolver.java:913) ~[spring-beans-6.2.6.jar:6.2.6]
	at org.springframework.beans.factory.support.ConstructorResolver.createArgumentArray(ConstructorResolver.java:791) ~[spring-beans-6.2.6.jar:6.2.6]
	at org.springframework.beans.factory.support.ConstructorResolver.autowireConstructor(ConstructorResolver.java:240) ~[spring-beans-6.2.6.jar:6.2.6]
	at org.springframework.beans.factory.support.AbstractAutowireCapableBeanFactory.autowireConstructor(AbstractAutowireCapableBeanFactory.java:1387) ~[spring-beans-6.2.6.jar:6.2.6]
	at org.springframework.beans.factory.support.AbstractAutowireCapableBeanFactory.createBeanInstance(AbstractAutowireCapableBeanFactory.java:1224) ~[spring-beans-6.2.6.jar:6.2.6]
	at org.springframework.beans.factory.support.AbstractAutowireCapableBeanFactory.doCreateBean(AbstractAutowireCapableBeanFactory.java:569) ~[spring-beans-6.2.6.jar:6.2.6]
	at org.springframework.beans.factory.support.AbstractAutowireCapableBeanFactory.createBean(AbstractAutowireCapableBeanFactory.java:529) ~[spring-beans-6.2.6.jar:6.2.6]
	at org.springframework.beans.factory.support.AbstractBeanFactory.lambda$doGetBean$0(AbstractBeanFactory.java:339) ~[spring-beans-6.2.6.jar:6.2.6]
	at org.springframework.beans.factory.support.DefaultSingletonBeanRegistry.getSingleton(DefaultSingletonBeanRegistry.java:371) ~[spring-beans-6.2.6.jar:6.2.6]
	at org.springframework.beans.factory.support.AbstractBeanFactory.doGetBean(AbstractBeanFactory.java:337) ~[spring-beans-6.2.6.jar:6.2.6]
	at org.springframework.beans.factory.support.AbstractBeanFactory.getBean(AbstractBeanFactory.java:202) ~[spring-beans-6.2.6.jar:6.2.6]
	at org.springframework.beans.factory.support.DefaultListableBeanFactory.doResolveDependency(DefaultListableBeanFactory.java:1681) ~[spring-beans-6.2.6.jar:6.2.6]
	at org.springframework.beans.factory.support.DefaultListableBeanFactory.resolveDependency(DefaultListableBeanFactory.java:1627) ~[spring-beans-6.2.6.jar:6.2.6]
	at org.springframework.beans.factory.support.ConstructorResolver.resolveAutowiredArgument(ConstructorResolver.java:913) ~[spring-beans-6.2.6.jar:6.2.6]
	at org.springframework.beans.factory.support.ConstructorResolver.createArgumentArray(ConstructorResolver.java:791) ~[spring-beans-6.2.6.jar:6.2.6]
	at org.springframework.beans.factory.support.ConstructorResolver.autowireConstructor(ConstructorResolver.java:240) ~[spring-beans-6.2.6.jar:6.2.6]
	at org.springframework.beans.factory.support.AbstractAutowireCapableBeanFactory.autowireConstructor(AbstractAutowireCapableBeanFactory.java:1387) ~[spring-beans-6.2.6.jar:6.2.6]
	at org.springframework.beans.factory.support.AbstractAutowireCapableBeanFactory.createBeanInstance(AbstractAutowireCapableBeanFactory.java:1224) ~[spring-beans-6.2.6.jar:6.2.6]
	at org.springframework.beans.factory.support.AbstractAutowireCapableBeanFactory.doCreateBean(AbstractAutowireCapableBeanFactory.java:569) ~[spring-beans-6.2.6.jar:6.2.6]
	at org.springframework.beans.factory.support.AbstractAutowireCapableBeanFactory.createBean(AbstractAutowireCapableBeanFactory.java:529) ~[spring-beans-6.2.6.jar:6.2.6]
	at org.springframework.beans.factory.support.AbstractBeanFactory.lambda$doGetBean$0(AbstractBeanFactory.java:339) ~[spring-beans-6.2.6.jar:6.2.6]
	at org.springframework.beans.factory.support.DefaultSingletonBeanRegistry.getSingleton(DefaultSingletonBeanRegistry.java:371) ~[spring-beans-6.2.6.jar:6.2.6]
	at org.springframework.beans.factory.support.AbstractBeanFactory.doGetBean(AbstractBeanFactory.java:337) ~[spring-beans-6.2.6.jar:6.2.6]
	at org.springframework.beans.factory.support.AbstractBeanFactory.getBean(AbstractBeanFactory.java:202) ~[spring-beans-6.2.6.jar:6.2.6]
	at org.springframework.beans.factory.support.DefaultListableBeanFactory.instantiateSingleton(DefaultListableBeanFactory.java:1221) ~[spring-beans-6.2.6.jar:6.2.6]
	at org.springframework.beans.factory.support.DefaultListableBeanFactory.preInstantiateSingleton(DefaultListableBeanFactory.java:1187) ~[spring-beans-6.2.6.jar:6.2.6]
	at org.springframework.beans.factory.support.DefaultListableBeanFactory.preInstantiateSingletons(DefaultListableBeanFactory.java:1122) ~[spring-beans-6.2.6.jar:6.2.6]
	at org.springframework.context.support.AbstractApplicationContext.finishBeanFactoryInitialization(AbstractApplicationContext.java:987) ~[spring-context-6.2.6.jar:6.2.6]
	at org.springframework.context.support.AbstractApplicationContext.refresh(AbstractApplicationContext.java:627) ~[spring-context-6.2.6.jar:6.2.6]
	at org.springframework.boot.SpringApplication.refresh(SpringApplication.java:753) ~[spring-boot-3.4.5.jar:3.4.5]
	at org.springframework.boot.SpringApplication.refreshContext(SpringApplication.java:439) ~[spring-boot-3.4.5.jar:3.4.5]
	at org.springframework.boot.SpringApplication.run(SpringApplication.java:318) ~[spring-boot-3.4.5.jar:3.4.5]
	at org.springframework.boot.test.context.SpringBootContextLoader.lambda$loadContext$3(SpringBootContextLoader.java:144) ~[spring-boot-test-3.4.5.jar:3.4.5]
	at org.springframework.util.function.ThrowingSupplier.get(ThrowingSupplier.java:58) ~[spring-core-6.2.6.jar:6.2.6]
	at org.springframework.util.function.ThrowingSupplier.get(ThrowingSupplier.java:46) ~[spring-core-6.2.6.jar:6.2.6]
	at org.springframework.boot.SpringApplication.withHook(SpringApplication.java:1462) ~[spring-boot-3.4.5.jar:3.4.5]
	at org.springframework.boot.test.context.SpringBootContextLoader$ContextLoaderHook.run(SpringBootContextLoader.java:563) ~[spring-boot-test-3.4.5.jar:3.4.5]
	at org.springframework.boot.test.context.SpringBootContextLoader.loadContext(SpringBootContextLoader.java:144) ~[spring-boot-test-3.4.5.jar:3.4.5]
	at org.springframework.boot.test.context.SpringBootContextLoader.loadContext(SpringBootContextLoader.java:110) ~[spring-boot-test-3.4.5.jar:3.4.5]
	at org.springframework.test.context.cache.DefaultCacheAwareContextLoaderDelegate.loadContextInternal(DefaultCacheAwareContextLoaderDelegate.java:225) ~[spring-test-6.2.6.jar:6.2.6]
	at org.springframework.test.context.cache.DefaultCacheAwareContextLoaderDelegate.loadContext(DefaultCacheAwareContextLoaderDelegate.java:152) ~[spring-test-6.2.6.jar:6.2.6]
	at org.springframework.test.context.support.DefaultTestContext.getApplicationContext(DefaultTestContext.java:130) ~[spring-test-6.2.6.jar:6.2.6]
	at org.springframework.test.context.web.ServletTestExecutionListener.setUpRequestContextIfNecessary(ServletTestExecutionListener.java:200) ~[spring-test-6.2.6.jar:6.2.6]
	at org.springframework.test.context.web.ServletTestExecutionListener.prepareTestInstance(ServletTestExecutionListener.java:139) ~[spring-test-6.2.6.jar:6.2.6]
	at org.springframework.test.context.TestContextManager.prepareTestInstance(TestContextManager.java:260) ~[spring-test-6.2.6.jar:6.2.6]
	at org.springframework.test.context.junit.jupiter.SpringExtension.postProcessTestInstance(SpringExtension.java:159) ~[spring-test-6.2.6.jar:6.2.6]
	at org.junit.jupiter.engine.descriptor.ClassBasedTestDescriptor.lambda$invokeTestInstancePostProcessors$11(ClassBasedTestDescriptor.java:378) ~[junit-jupiter-engine-5.11.4.jar:5.11.4]
	at org.junit.jupiter.engine.descriptor.ClassBasedTestDescriptor.executeAndMaskThrowable(ClassBasedTestDescriptor.java:383) ~[junit-jupiter-engine-5.11.4.jar:5.11.4]
	at org.junit.jupiter.engine.descriptor.ClassBasedTestDescriptor.lambda$invokeTestInstancePostProcessors$12(ClassBasedTestDescriptor.java:378) ~[junit-jupiter-engine-5.11.4.jar:5.11.4]
	at java.base/java.util.stream.ForEachOps$ForEachOp$OfRef.accept(ForEachOps.java:183) ~[na:na]
	at java.base/java.util.stream.ReferencePipeline$3$1.accept(ReferencePipeline.java:197) ~[na:na]
	at java.base/java.util.stream.ReferencePipeline$2$1.accept(ReferencePipeline.java:179) ~[na:na]
	at java.base/java.util.stream.ReferencePipeline$3$1.accept(ReferencePipeline.java:197) ~[na:na]
	at java.base/java.util.ArrayList$ArrayListSpliterator.forEachRemaining(ArrayList.java:1625) ~[na:na]
	at java.base/java.util.stream.AbstractPipeline.copyInto(AbstractPipeline.java:509) ~[na:na]
	at java.base/java.util.stream.AbstractPipeline.wrapAndCopyInto(AbstractPipeline.java:499) ~[na:na]
	at java.base/java.util.stream.ForEachOps$ForEachOp.evaluateSequential(ForEachOps.java:150) ~[na:na]
	at java.base/java.util.stream.ForEachOps$ForEachOp$OfRef.evaluateSequential(ForEachOps.java:173) ~[na:na]
	at java.base/java.util.stream.AbstractPipeline.evaluate(AbstractPipeline.java:234) ~[na:na]
	at java.base/java.util.stream.ReferencePipeline.forEach(ReferencePipeline.java:596) ~[na:na]
	at org.junit.jupiter.engine.descriptor.ClassBasedTestDescriptor.invokeTestInstancePostProcessors(ClassBasedTestDescriptor.java:377) ~[junit-jupiter-engine-5.11.4.jar:5.11.4]
	at org.junit.jupiter.engine.descriptor.ClassBasedTestDescriptor.lambda$instantiateAndPostProcessTestInstance$7(ClassBasedTestDescriptor.java:290) ~[junit-jupiter-engine-5.11.4.jar:5.11.4]
	at org.junit.platform.engine.support.hierarchical.ThrowableCollector.execute(ThrowableCollector.java:73) ~[junit-platform-engine-1.11.4.jar:1.11.4]
	at org.junit.jupiter.engine.descriptor.ClassBasedTestDescriptor.instantiateAndPostProcessTestInstance(ClassBasedTestDescriptor.java:289) ~[junit-jupiter-engine-5.11.4.jar:5.11.4]
	at org.junit.jupiter.engine.descriptor.ClassBasedTestDescriptor.lambda$testInstancesProvider$5(ClassBasedTestDescriptor.java:279) ~[junit-jupiter-engine-5.11.4.jar:5.11.4]
	at java.base/java.util.Optional.orElseGet(Optional.java:364) ~[na:na]
	at org.junit.jupiter.engine.descriptor.ClassBasedTestDescriptor.lambda$testInstancesProvider$6(ClassBasedTestDescriptor.java:278) ~[junit-jupiter-engine-5.11.4.jar:5.11.4]
	at org.junit.jupiter.engine.execution.TestInstancesProvider.getTestInstances(TestInstancesProvider.java:31) ~[junit-jupiter-engine-5.11.4.jar:5.11.4]
	at org.junit.jupiter.engine.descriptor.TestMethodTestDescriptor.lambda$prepare$1(TestMethodTestDescriptor.java:105) ~[junit-jupiter-engine-5.11.4.jar:5.11.4]
	at org.junit.platform.engine.support.hierarchical.ThrowableCollector.execute(ThrowableCollector.java:73) ~[junit-platform-engine-1.11.4.jar:1.11.4]
	at org.junit.jupiter.engine.descriptor.TestMethodTestDescriptor.prepare(TestMethodTestDescriptor.java:104) ~[junit-jupiter-engine-5.11.4.jar:5.11.4]
	at org.junit.jupiter.engine.descriptor.TestMethodTestDescriptor.prepare(TestMethodTestDescriptor.java:68) ~[junit-jupiter-engine-5.11.4.jar:5.11.4]
	at org.junit.platform.engine.support.hierarchical.NodeTestTask.lambda$prepare$2(NodeTestTask.java:128) ~[junit-platform-engine-1.11.4.jar:1.11.4]
	at org.junit.platform.engine.support.hierarchical.ThrowableCollector.execute(ThrowableCollector.java:73) ~[junit-platform-engine-1.11.4.jar:1.11.4]
	at org.junit.platform.engine.support.hierarchical.NodeTestTask.prepare(NodeTestTask.java:128) ~[junit-platform-engine-1.11.4.jar:1.11.4]
	at org.junit.platform.engine.support.hierarchical.NodeTestTask.execute(NodeTestTask.java:95) ~[junit-platform-engine-1.11.4.jar:1.11.4]
	at java.base/java.util.ArrayList.forEach(ArrayList.java:1511) ~[na:na]
	at org.junit.platform.engine.support.hierarchical.SameThreadHierarchicalTestExecutorService.invokeAll(SameThreadHierarchicalTestExecutorService.java:41) ~[junit-platform-engine-1.11.4.jar:1.11.4]
	at org.junit.platform.engine.support.hierarchical.NodeTestTask.lambda$executeRecursively$6(NodeTestTask.java:160) ~[junit-platform-engine-1.11.4.jar:1.11.4]
	at org.junit.platform.engine.support.hierarchical.ThrowableCollector.execute(ThrowableCollector.java:73) ~[junit-platform-engine-1.11.4.jar:1.11.4]
	at org.junit.platform.engine.support.hierarchical.NodeTestTask.lambda$executeRecursively$8(NodeTestTask.java:146) ~[junit-platform-engine-1.11.4.jar:1.11.4]
	at org.junit.platform.engine.support.hierarchical.Node.around(Node.java:137) ~[junit-platform-engine-1.11.4.jar:1.11.4]
	at org.junit.platform.engine.support.hierarchical.NodeTestTask.lambda$executeRecursively$9(NodeTestTask.java:144) ~[junit-platform-engine-1.11.4.jar:1.11.4]
	at org.junit.platform.engine.support.hierarchical.ThrowableCollector.execute(ThrowableCollector.java:73) ~[junit-platform-engine-1.11.4.jar:1.11.4]
	at org.junit.platform.engine.support.hierarchical.NodeTestTask.executeRecursively(NodeTestTask.java:143) ~[junit-platform-engine-1.11.4.jar:1.11.4]
	at org.junit.platform.engine.support.hierarchical.NodeTestTask.execute(NodeTestTask.java:100) ~[junit-platform-engine-1.11.4.jar:1.11.4]
	at java.base/java.util.ArrayList.forEach(ArrayList.java:1511) ~[na:na]
	at org.junit.platform.engine.support.hierarchical.SameThreadHierarchicalTestExecutorService.invokeAll(SameThreadHierarchicalTestExecutorService.java:41) ~[junit-platform-engine-1.11.4.jar:1.11.4]
	at org.junit.platform.engine.support.hierarchical.NodeTestTask.lambda$executeRecursively$6(NodeTestTask.java:160) ~[junit-platform-engine-1.11.4.jar:1.11.4]
	at org.junit.platform.engine.support.hierarchical.ThrowableCollector.execute(ThrowableCollector.java:73) ~[junit-platform-engine-1.11.4.jar:1.11.4]
	at org.junit.platform.engine.support.hierarchical.NodeTestTask.lambda$executeRecursively$8(NodeTestTask.java:146) ~[junit-platform-engine-1.11.4.jar:1.11.4]
	at org.junit.platform.engine.support.hierarchical.Node.around(Node.java:137) ~[junit-platform-engine-1.11.4.jar:1.11.4]
	at org.junit.platform.engine.support.hierarchical.NodeTestTask.lambda$executeRecursively$9(NodeTestTask.java:144) ~[junit-platform-engine-1.11.4.jar:1.11.4]
	at org.junit.platform.engine.support.hierarchical.ThrowableCollector.execute(ThrowableCollector.java:73) ~[junit-platform-engine-1.11.4.jar:1.11.4]
	at org.junit.platform.engine.support.hierarchical.NodeTestTask.executeRecursively(NodeTestTask.java:143) ~[junit-platform-engine-1.11.4.jar:1.11.4]
	at org.junit.platform.engine.support.hierarchical.NodeTestTask.execute(NodeTestTask.java:100) ~[junit-platform-engine-1.11.4.jar:1.11.4]
	at org.junit.platform.engine.support.hierarchical.SameThreadHierarchicalTestExecutorService.submit(SameThreadHierarchicalTestExecutorService.java:35) ~[junit-platform-engine-1.11.4.jar:1.11.4]
	at org.junit.platform.engine.support.hierarchical.HierarchicalTestExecutor.execute(HierarchicalTestExecutor.java:57) ~[junit-platform-engine-1.11.4.jar:1.11.4]
	at org.junit.platform.engine.support.hierarchical.HierarchicalTestEngine.execute(HierarchicalTestEngine.java:54) ~[junit-platform-engine-1.11.4.jar:1.11.4]
	at org.junit.platform.launcher.core.EngineExecutionOrchestrator.execute(EngineExecutionOrchestrator.java:198) ~[junit-platform-launcher-1.11.4.jar:1.11.4]
	at org.junit.platform.launcher.core.EngineExecutionOrchestrator.execute(EngineExecutionOrchestrator.java:169) ~[junit-platform-launcher-1.11.4.jar:1.11.4]
	at org.junit.platform.launcher.core.EngineExecutionOrchestrator.execute(EngineExecutionOrchestrator.java:93) ~[junit-platform-launcher-1.11.4.jar:1.11.4]
	at org.junit.platform.launcher.core.EngineExecutionOrchestrator.lambda$execute$0(EngineExecutionOrchestrator.java:58) ~[junit-platform-launcher-1.11.4.jar:1.11.4]
	at org.junit.platform.launcher.core.EngineExecutionOrchestrator.withInterceptedStreams(EngineExecutionOrchestrator.java:141) ~[junit-platform-launcher-1.11.4.jar:1.11.4]
	at org.junit.platform.launcher.core.EngineExecutionOrchestrator.execute(EngineExecutionOrchestrator.java:57) ~[junit-platform-launcher-1.11.4.jar:1.11.4]
	at org.junit.platform.launcher.core.DefaultLauncher.execute(DefaultLauncher.java:103) ~[junit-platform-launcher-1.11.4.jar:1.11.4]
	at org.junit.platform.launcher.core.DefaultLauncher.execute(DefaultLauncher.java:85) ~[junit-platform-launcher-1.11.4.jar:1.11.4]
	at org.junit.platform.launcher.core.DelegatingLauncher.execute(DelegatingLauncher.java:47) ~[junit-platform-launcher-1.11.4.jar:1.11.4]
	at org.gradle.api.internal.tasks.testing.junitplatform.JUnitPlatformTestClassProcessor$CollectAllTestClassesExecutor.processAllTestClasses(JUnitPlatformTestClassProcessor.java:124) ~[na:na]
	at org.gradle.api.internal.tasks.testing.junitplatform.JUnitPlatformTestClassProcessor$CollectAllTestClassesExecutor.access$000(JUnitPlatformTestClassProcessor.java:99) ~[na:na]
	at org.gradle.api.internal.tasks.testing.junitplatform.JUnitPlatformTestClassProcessor.stop(JUnitPlatformTestClassProcessor.java:94) ~[na:na]
	at org.gradle.api.internal.tasks.testing.SuiteTestClassProcessor.stop(SuiteTestClassProcessor.java:63) ~[na:na]
	at java.base/jdk.internal.reflect.NativeMethodAccessorImpl.invoke0(Native Method) ~[na:na]
	at java.base/jdk.internal.reflect.NativeMethodAccessorImpl.invoke(NativeMethodAccessorImpl.java:77) ~[na:na]
	at java.base/jdk.internal.reflect.DelegatingMethodAccessorImpl.invoke(DelegatingMethodAccessorImpl.java:43) ~[na:na]
	at java.base/java.lang.reflect.Method.invoke(Method.java:569) ~[na:na]
	at org.gradle.internal.dispatch.ReflectionDispatch.dispatch(ReflectionDispatch.java:36) ~[na:na]
	at org.gradle.internal.dispatch.ReflectionDispatch.dispatch(ReflectionDispatch.java:24) ~[na:na]
	at org.gradle.internal.dispatch.ContextClassLoaderDispatch.dispatch(ContextClassLoaderDispatch.java:33) ~[na:na]
	at org.gradle.internal.dispatch.ProxyDispatchAdapter$DispatchingInvocationHandler.invoke(ProxyDispatchAdapter.java:92) ~[na:na]
	at jdk.proxy1/jdk.proxy1.$Proxy4.stop(Unknown Source) ~[na:na]
	at org.gradle.api.internal.tasks.testing.worker.TestWorker$3.run(TestWorker.java:200) ~[na:na]
	at org.gradle.api.internal.tasks.testing.worker.TestWorker.executeAndMaintainThreadName(TestWorker.java:132) ~[na:na]
	at org.gradle.api.internal.tasks.testing.worker.TestWorker.execute(TestWorker.java:103) ~[na:na]
	at org.gradle.api.internal.tasks.testing.worker.TestWorker.execute(TestWorker.java:63) ~[na:na]
	at org.gradle.process.internal.worker.child.ActionExecutionWorker.execute(ActionExecutionWorker.java:56) ~[na:na]
	at org.gradle.process.internal.worker.child.SystemApplicationClassLoaderWorker.call(SystemApplicationClassLoaderWorker.java:121) ~[na:na]
	at org.gradle.process.internal.worker.child.SystemApplicationClassLoaderWorker.call(SystemApplicationClassLoaderWorker.java:71) ~[na:na]
	at worker.org.gradle.process.internal.worker.GradleWorkerMain.run(GradleWorkerMain.java:69) ~[gradle-worker.jar:na]
	at worker.org.gradle.process.internal.worker.GradleWorkerMain.main(GradleWorkerMain.java:74) ~[gradle-worker.jar:na]

2025-06-03T11:54:29.382+02:00 DEBUG 20180 --- [backend] [    Test worker] cResourceLocalTransactionCoordinatorImpl : JDBC transaction marked for rollback-only (exception provided for stack trace)

java.lang.Exception: exception just for purpose of providing stack trace
	at org.hibernate.resource.transaction.backend.jdbc.internal.JdbcResourceLocalTransactionCoordinatorImpl$TransactionDriverControlImpl.markRollbackOnly(JdbcResourceLocalTransactionCoordinatorImpl.java:309) ~[hibernate-core-6.6.13.Final.jar:6.6.13.Final]
	at org.hibernate.internal.AbstractSharedSessionContract.buildNamedQuery(AbstractSharedSessionContract.java:1141) ~[hibernate-core-6.6.13.Final.jar:6.6.13.Final]
	at org.hibernate.internal.AbstractSharedSessionContract.createNamedQuery(AbstractSharedSessionContract.java:1019) ~[hibernate-core-6.6.13.Final.jar:6.6.13.Final]
	at org.hibernate.internal.AbstractSharedSessionContract.createNamedQuery(AbstractSharedSessionContract.java:143) ~[hibernate-core-6.6.13.Final.jar:6.6.13.Final]
	at java.base/jdk.internal.reflect.NativeMethodAccessorImpl.invoke0(Native Method) ~[na:na]
	at java.base/jdk.internal.reflect.NativeMethodAccessorImpl.invoke(NativeMethodAccessorImpl.java:77) ~[na:na]
	at java.base/jdk.internal.reflect.DelegatingMethodAccessorImpl.invoke(DelegatingMethodAccessorImpl.java:43) ~[na:na]
	at java.base/java.lang.reflect.Method.invoke(Method.java:569) ~[na:na]
	at org.springframework.orm.jpa.ExtendedEntityManagerCreator$ExtendedEntityManagerInvocationHandler.invoke(ExtendedEntityManagerCreator.java:364) ~[spring-orm-6.2.6.jar:6.2.6]
	at jdk.proxy3/jdk.proxy3.$Proxy146.createNamedQuery(Unknown Source) ~[na:na]
	at org.springframework.data.jpa.repository.query.NamedQuery.hasNamedQuery(NamedQuery.java:120) ~[spring-data-jpa-3.4.5.jar:3.4.5]
	at org.springframework.data.jpa.repository.query.NamedQuery.lookupFrom(NamedQuery.java:147) ~[spring-data-jpa-3.4.5.jar:3.4.5]
	at org.springframework.data.jpa.repository.query.JpaQueryLookupStrategy$DeclaredQueryLookupStrategy.resolveQuery(JpaQueryLookupStrategy.java:184) ~[spring-data-jpa-3.4.5.jar:3.4.5]
	at org.springframework.data.jpa.repository.query.JpaQueryLookupStrategy$CreateIfNotFoundQueryLookupStrategy.resolveQuery(JpaQueryLookupStrategy.java:254) ~[spring-data-jpa-3.4.5.jar:3.4.5]
	at org.springframework.data.jpa.repository.query.JpaQueryLookupStrategy$AbstractQueryLookupStrategy.resolveQuery(JpaQueryLookupStrategy.java:99) ~[spring-data-jpa-3.4.5.jar:3.4.5]
	at org.springframework.data.repository.core.support.QueryExecutorMethodInterceptor.lookupQuery(QueryExecutorMethodInterceptor.java:116) ~[spring-data-commons-3.4.5.jar:3.4.5]
	at org.springframework.data.repository.core.support.QueryExecutorMethodInterceptor.mapMethodsToQuery(QueryExecutorMethodInterceptor.java:104) ~[spring-data-commons-3.4.5.jar:3.4.5]
	at org.springframework.data.repository.core.support.QueryExecutorMethodInterceptor.lambda$new$0(QueryExecutorMethodInterceptor.java:92) ~[spring-data-commons-3.4.5.jar:3.4.5]
	at java.base/java.util.Optional.map(Optional.java:260) ~[na:na]
	at org.springframework.data.repository.core.support.QueryExecutorMethodInterceptor.<init>(QueryExecutorMethodInterceptor.java:92) ~[spring-data-commons-3.4.5.jar:3.4.5]
	at org.springframework.data.repository.core.support.RepositoryFactorySupport.getRepository(RepositoryFactorySupport.java:431) ~[spring-data-commons-3.4.5.jar:3.4.5]
	at org.springframework.data.repository.core.support.RepositoryFactoryBeanSupport.lambda$afterPropertiesSet$4(RepositoryFactoryBeanSupport.java:350) ~[spring-data-commons-3.4.5.jar:3.4.5]
	at org.springframework.data.util.Lazy.getNullable(Lazy.java:135) ~[spring-data-commons-3.4.5.jar:3.4.5]
	at org.springframework.data.util.Lazy.get(Lazy.java:113) ~[spring-data-commons-3.4.5.jar:3.4.5]
	at org.springframework.data.repository.core.support.RepositoryFactoryBeanSupport.afterPropertiesSet(RepositoryFactoryBeanSupport.java:356) ~[spring-data-commons-3.4.5.jar:3.4.5]
	at org.springframework.data.jpa.repository.support.JpaRepositoryFactoryBean.afterPropertiesSet(JpaRepositoryFactoryBean.java:132) ~[spring-data-jpa-3.4.5.jar:3.4.5]
	at org.springframework.beans.factory.support.AbstractAutowireCapableBeanFactory.invokeInitMethods(AbstractAutowireCapableBeanFactory.java:1865) ~[spring-beans-6.2.6.jar:6.2.6]
	at org.springframework.beans.factory.support.AbstractAutowireCapableBeanFactory.initializeBean(AbstractAutowireCapableBeanFactory.java:1814) ~[spring-beans-6.2.6.jar:6.2.6]
	at org.springframework.beans.factory.support.AbstractAutowireCapableBeanFactory.doCreateBean(AbstractAutowireCapableBeanFactory.java:607) ~[spring-beans-6.2.6.jar:6.2.6]
	at org.springframework.beans.factory.support.AbstractAutowireCapableBeanFactory.createBean(AbstractAutowireCapableBeanFactory.java:529) ~[spring-beans-6.2.6.jar:6.2.6]
	at org.springframework.beans.factory.support.AbstractBeanFactory.lambda$doGetBean$0(AbstractBeanFactory.java:339) ~[spring-beans-6.2.6.jar:6.2.6]
	at org.springframework.beans.factory.support.DefaultSingletonBeanRegistry.getSingleton(DefaultSingletonBeanRegistry.java:371) ~[spring-beans-6.2.6.jar:6.2.6]
	at org.springframework.beans.factory.support.AbstractBeanFactory.doGetBean(AbstractBeanFactory.java:337) ~[spring-beans-6.2.6.jar:6.2.6]
	at org.springframework.beans.factory.support.AbstractBeanFactory.getBean(AbstractBeanFactory.java:202) ~[spring-beans-6.2.6.jar:6.2.6]
	at org.springframework.beans.factory.config.DependencyDescriptor.resolveCandidate(DependencyDescriptor.java:254) ~[spring-beans-6.2.6.jar:6.2.6]
	at org.springframework.beans.factory.support.DefaultListableBeanFactory.doResolveDependency(DefaultListableBeanFactory.java:1739) ~[spring-beans-6.2.6.jar:6.2.6]
	at org.springframework.beans.factory.support.DefaultListableBeanFactory.resolveDependency(DefaultListableBeanFactory.java:1627) ~[spring-beans-6.2.6.jar:6.2.6]
	at org.springframework.beans.factory.support.ConstructorResolver.resolveAutowiredArgument(ConstructorResolver.java:913) ~[spring-beans-6.2.6.jar:6.2.6]
	at org.springframework.beans.factory.support.ConstructorResolver.createArgumentArray(ConstructorResolver.java:791) ~[spring-beans-6.2.6.jar:6.2.6]
	at org.springframework.beans.factory.support.ConstructorResolver.autowireConstructor(ConstructorResolver.java:240) ~[spring-beans-6.2.6.jar:6.2.6]
	at org.springframework.beans.factory.support.AbstractAutowireCapableBeanFactory.autowireConstructor(AbstractAutowireCapableBeanFactory.java:1387) ~[spring-beans-6.2.6.jar:6.2.6]
	at org.springframework.beans.factory.support.AbstractAutowireCapableBeanFactory.createBeanInstance(AbstractAutowireCapableBeanFactory.java:1224) ~[spring-beans-6.2.6.jar:6.2.6]
	at org.springframework.beans.factory.support.AbstractAutowireCapableBeanFactory.doCreateBean(AbstractAutowireCapableBeanFactory.java:569) ~[spring-beans-6.2.6.jar:6.2.6]
	at org.springframework.beans.factory.support.AbstractAutowireCapableBeanFactory.createBean(AbstractAutowireCapableBeanFactory.java:529) ~[spring-beans-6.2.6.jar:6.2.6]
	at org.springframework.beans.factory.support.AbstractBeanFactory.lambda$doGetBean$0(AbstractBeanFactory.java:339) ~[spring-beans-6.2.6.jar:6.2.6]
	at org.springframework.beans.factory.support.DefaultSingletonBeanRegistry.getSingleton(DefaultSingletonBeanRegistry.java:371) ~[spring-beans-6.2.6.jar:6.2.6]
	at org.springframework.beans.factory.support.AbstractBeanFactory.doGetBean(AbstractBeanFactory.java:337) ~[spring-beans-6.2.6.jar:6.2.6]
	at org.springframework.beans.factory.support.AbstractBeanFactory.getBean(AbstractBeanFactory.java:202) ~[spring-beans-6.2.6.jar:6.2.6]
	at org.springframework.beans.factory.support.DefaultListableBeanFactory.doResolveDependency(DefaultListableBeanFactory.java:1681) ~[spring-beans-6.2.6.jar:6.2.6]
	at org.springframework.beans.factory.support.DefaultListableBeanFactory.resolveDependency(DefaultListableBeanFactory.java:1627) ~[spring-beans-6.2.6.jar:6.2.6]
	at org.springframework.beans.factory.support.ConstructorResolver.resolveAutowiredArgument(ConstructorResolver.java:913) ~[spring-beans-6.2.6.jar:6.2.6]
	at org.springframework.beans.factory.support.ConstructorResolver.createArgumentArray(ConstructorResolver.java:791) ~[spring-beans-6.2.6.jar:6.2.6]
	at org.springframework.beans.factory.support.ConstructorResolver.autowireConstructor(ConstructorResolver.java:240) ~[spring-beans-6.2.6.jar:6.2.6]
	at org.springframework.beans.factory.support.AbstractAutowireCapableBeanFactory.autowireConstructor(AbstractAutowireCapableBeanFactory.java:1387) ~[spring-beans-6.2.6.jar:6.2.6]
	at org.springframework.beans.factory.support.AbstractAutowireCapableBeanFactory.createBeanInstance(AbstractAutowireCapableBeanFactory.java:1224) ~[spring-beans-6.2.6.jar:6.2.6]
	at org.springframework.beans.factory.support.AbstractAutowireCapableBeanFactory.doCreateBean(AbstractAutowireCapableBeanFactory.java:569) ~[spring-beans-6.2.6.jar:6.2.6]
	at org.springframework.beans.factory.support.AbstractAutowireCapableBeanFactory.createBean(AbstractAutowireCapableBeanFactory.java:529) ~[spring-beans-6.2.6.jar:6.2.6]
	at org.springframework.beans.factory.support.AbstractBeanFactory.lambda$doGetBean$0(AbstractBeanFactory.java:339) ~[spring-beans-6.2.6.jar:6.2.6]
	at org.springframework.beans.factory.support.DefaultSingletonBeanRegistry.getSingleton(DefaultSingletonBeanRegistry.java:371) ~[spring-beans-6.2.6.jar:6.2.6]
	at org.springframework.beans.factory.support.AbstractBeanFactory.doGetBean(AbstractBeanFactory.java:337) ~[spring-beans-6.2.6.jar:6.2.6]
	at org.springframework.beans.factory.support.AbstractBeanFactory.getBean(AbstractBeanFactory.java:202) ~[spring-beans-6.2.6.jar:6.2.6]
	at org.springframework.beans.factory.support.DefaultListableBeanFactory.instantiateSingleton(DefaultListableBeanFactory.java:1221) ~[spring-beans-6.2.6.jar:6.2.6]
	at org.springframework.beans.factory.support.DefaultListableBeanFactory.preInstantiateSingleton(DefaultListableBeanFactory.java:1187) ~[spring-beans-6.2.6.jar:6.2.6]
	at org.springframework.beans.factory.support.DefaultListableBeanFactory.preInstantiateSingletons(DefaultListableBeanFactory.java:1122) ~[spring-beans-6.2.6.jar:6.2.6]
	at org.springframework.context.support.AbstractApplicationContext.finishBeanFactoryInitialization(AbstractApplicationContext.java:987) ~[spring-context-6.2.6.jar:6.2.6]
	at org.springframework.context.support.AbstractApplicationContext.refresh(AbstractApplicationContext.java:627) ~[spring-context-6.2.6.jar:6.2.6]
	at org.springframework.boot.SpringApplication.refresh(SpringApplication.java:753) ~[spring-boot-3.4.5.jar:3.4.5]
	at org.springframework.boot.SpringApplication.refreshContext(SpringApplication.java:439) ~[spring-boot-3.4.5.jar:3.4.5]
	at org.springframework.boot.SpringApplication.run(SpringApplication.java:318) ~[spring-boot-3.4.5.jar:3.4.5]
	at org.springframework.boot.test.context.SpringBootContextLoader.lambda$loadContext$3(SpringBootContextLoader.java:144) ~[spring-boot-test-3.4.5.jar:3.4.5]
	at org.springframework.util.function.ThrowingSupplier.get(ThrowingSupplier.java:58) ~[spring-core-6.2.6.jar:6.2.6]
	at org.springframework.util.function.ThrowingSupplier.get(ThrowingSupplier.java:46) ~[spring-core-6.2.6.jar:6.2.6]
	at org.springframework.boot.SpringApplication.withHook(SpringApplication.java:1462) ~[spring-boot-3.4.5.jar:3.4.5]
	at org.springframework.boot.test.context.SpringBootContextLoader$ContextLoaderHook.run(SpringBootContextLoader.java:563) ~[spring-boot-test-3.4.5.jar:3.4.5]
	at org.springframework.boot.test.context.SpringBootContextLoader.loadContext(SpringBootContextLoader.java:144) ~[spring-boot-test-3.4.5.jar:3.4.5]
	at org.springframework.boot.test.context.SpringBootContextLoader.loadContext(SpringBootContextLoader.java:110) ~[spring-boot-test-3.4.5.jar:3.4.5]
	at org.springframework.test.context.cache.DefaultCacheAwareContextLoaderDelegate.loadContextInternal(DefaultCacheAwareContextLoaderDelegate.java:225) ~[spring-test-6.2.6.jar:6.2.6]
	at org.springframework.test.context.cache.DefaultCacheAwareContextLoaderDelegate.loadContext(DefaultCacheAwareContextLoaderDelegate.java:152) ~[spring-test-6.2.6.jar:6.2.6]
	at org.springframework.test.context.support.DefaultTestContext.getApplicationContext(DefaultTestContext.java:130) ~[spring-test-6.2.6.jar:6.2.6]
	at org.springframework.test.context.web.ServletTestExecutionListener.setUpRequestContextIfNecessary(ServletTestExecutionListener.java:200) ~[spring-test-6.2.6.jar:6.2.6]
	at org.springframework.test.context.web.ServletTestExecutionListener.prepareTestInstance(ServletTestExecutionListener.java:139) ~[spring-test-6.2.6.jar:6.2.6]
	at org.springframework.test.context.TestContextManager.prepareTestInstance(TestContextManager.java:260) ~[spring-test-6.2.6.jar:6.2.6]
	at org.springframework.test.context.junit.jupiter.SpringExtension.postProcessTestInstance(SpringExtension.java:159) ~[spring-test-6.2.6.jar:6.2.6]
	at org.junit.jupiter.engine.descriptor.ClassBasedTestDescriptor.lambda$invokeTestInstancePostProcessors$11(ClassBasedTestDescriptor.java:378) ~[junit-jupiter-engine-5.11.4.jar:5.11.4]
	at org.junit.jupiter.engine.descriptor.ClassBasedTestDescriptor.executeAndMaskThrowable(ClassBasedTestDescriptor.java:383) ~[junit-jupiter-engine-5.11.4.jar:5.11.4]
	at org.junit.jupiter.engine.descriptor.ClassBasedTestDescriptor.lambda$invokeTestInstancePostProcessors$12(ClassBasedTestDescriptor.java:378) ~[junit-jupiter-engine-5.11.4.jar:5.11.4]
	at java.base/java.util.stream.ForEachOps$ForEachOp$OfRef.accept(ForEachOps.java:183) ~[na:na]
	at java.base/java.util.stream.ReferencePipeline$3$1.accept(ReferencePipeline.java:197) ~[na:na]
	at java.base/java.util.stream.ReferencePipeline$2$1.accept(ReferencePipeline.java:179) ~[na:na]
	at java.base/java.util.stream.ReferencePipeline$3$1.accept(ReferencePipeline.java:197) ~[na:na]
	at java.base/java.util.ArrayList$ArrayListSpliterator.forEachRemaining(ArrayList.java:1625) ~[na:na]
	at java.base/java.util.stream.AbstractPipeline.copyInto(AbstractPipeline.java:509) ~[na:na]
	at java.base/java.util.stream.AbstractPipeline.wrapAndCopyInto(AbstractPipeline.java:499) ~[na:na]
	at java.base/java.util.stream.ForEachOps$ForEachOp.evaluateSequential(ForEachOps.java:150) ~[na:na]
	at java.base/java.util.stream.ForEachOps$ForEachOp$OfRef.evaluateSequential(ForEachOps.java:173) ~[na:na]
	at java.base/java.util.stream.AbstractPipeline.evaluate(AbstractPipeline.java:234) ~[na:na]
	at java.base/java.util.stream.ReferencePipeline.forEach(ReferencePipeline.java:596) ~[na:na]
	at org.junit.jupiter.engine.descriptor.ClassBasedTestDescriptor.invokeTestInstancePostProcessors(ClassBasedTestDescriptor.java:377) ~[junit-jupiter-engine-5.11.4.jar:5.11.4]
	at org.junit.jupiter.engine.descriptor.ClassBasedTestDescriptor.lambda$instantiateAndPostProcessTestInstance$7(ClassBasedTestDescriptor.java:290) ~[junit-jupiter-engine-5.11.4.jar:5.11.4]
	at org.junit.platform.engine.support.hierarchical.ThrowableCollector.execute(ThrowableCollector.java:73) ~[junit-platform-engine-1.11.4.jar:1.11.4]
	at org.junit.jupiter.engine.descriptor.ClassBasedTestDescriptor.instantiateAndPostProcessTestInstance(ClassBasedTestDescriptor.java:289) ~[junit-jupiter-engine-5.11.4.jar:5.11.4]
	at org.junit.jupiter.engine.descriptor.ClassBasedTestDescriptor.lambda$testInstancesProvider$5(ClassBasedTestDescriptor.java:279) ~[junit-jupiter-engine-5.11.4.jar:5.11.4]
	at java.base/java.util.Optional.orElseGet(Optional.java:364) ~[na:na]
	at org.junit.jupiter.engine.descriptor.ClassBasedTestDescriptor.lambda$testInstancesProvider$6(ClassBasedTestDescriptor.java:278) ~[junit-jupiter-engine-5.11.4.jar:5.11.4]
	at org.junit.jupiter.engine.execution.TestInstancesProvider.getTestInstances(TestInstancesProvider.java:31) ~[junit-jupiter-engine-5.11.4.jar:5.11.4]
	at org.junit.jupiter.engine.descriptor.TestMethodTestDescriptor.lambda$prepare$1(TestMethodTestDescriptor.java:105) ~[junit-jupiter-engine-5.11.4.jar:5.11.4]
	at org.junit.platform.engine.support.hierarchical.ThrowableCollector.execute(ThrowableCollector.java:73) ~[junit-platform-engine-1.11.4.jar:1.11.4]
	at org.junit.jupiter.engine.descriptor.TestMethodTestDescriptor.prepare(TestMethodTestDescriptor.java:104) ~[junit-jupiter-engine-5.11.4.jar:5.11.4]
	at org.junit.jupiter.engine.descriptor.TestMethodTestDescriptor.prepare(TestMethodTestDescriptor.java:68) ~[junit-jupiter-engine-5.11.4.jar:5.11.4]
	at org.junit.platform.engine.support.hierarchical.NodeTestTask.lambda$prepare$2(NodeTestTask.java:128) ~[junit-platform-engine-1.11.4.jar:1.11.4]
	at org.junit.platform.engine.support.hierarchical.ThrowableCollector.execute(ThrowableCollector.java:73) ~[junit-platform-engine-1.11.4.jar:1.11.4]
	at org.junit.platform.engine.support.hierarchical.NodeTestTask.prepare(NodeTestTask.java:128) ~[junit-platform-engine-1.11.4.jar:1.11.4]
	at org.junit.platform.engine.support.hierarchical.NodeTestTask.execute(NodeTestTask.java:95) ~[junit-platform-engine-1.11.4.jar:1.11.4]
	at java.base/java.util.ArrayList.forEach(ArrayList.java:1511) ~[na:na]
	at org.junit.platform.engine.support.hierarchical.SameThreadHierarchicalTestExecutorService.invokeAll(SameThreadHierarchicalTestExecutorService.java:41) ~[junit-platform-engine-1.11.4.jar:1.11.4]
	at org.junit.platform.engine.support.hierarchical.NodeTestTask.lambda$executeRecursively$6(NodeTestTask.java:160) ~[junit-platform-engine-1.11.4.jar:1.11.4]
	at org.junit.platform.engine.support.hierarchical.ThrowableCollector.execute(ThrowableCollector.java:73) ~[junit-platform-engine-1.11.4.jar:1.11.4]
	at org.junit.platform.engine.support.hierarchical.NodeTestTask.lambda$executeRecursively$8(NodeTestTask.java:146) ~[junit-platform-engine-1.11.4.jar:1.11.4]
	at org.junit.platform.engine.support.hierarchical.Node.around(Node.java:137) ~[junit-platform-engine-1.11.4.jar:1.11.4]
	at org.junit.platform.engine.support.hierarchical.NodeTestTask.lambda$executeRecursively$9(NodeTestTask.java:144) ~[junit-platform-engine-1.11.4.jar:1.11.4]
	at org.junit.platform.engine.support.hierarchical.ThrowableCollector.execute(ThrowableCollector.java:73) ~[junit-platform-engine-1.11.4.jar:1.11.4]
	at org.junit.platform.engine.support.hierarchical.NodeTestTask.executeRecursively(NodeTestTask.java:143) ~[junit-platform-engine-1.11.4.jar:1.11.4]
	at org.junit.platform.engine.support.hierarchical.NodeTestTask.execute(NodeTestTask.java:100) ~[junit-platform-engine-1.11.4.jar:1.11.4]
	at java.base/java.util.ArrayList.forEach(ArrayList.java:1511) ~[na:na]
	at org.junit.platform.engine.support.hierarchical.SameThreadHierarchicalTestExecutorService.invokeAll(SameThreadHierarchicalTestExecutorService.java:41) ~[junit-platform-engine-1.11.4.jar:1.11.4]
	at org.junit.platform.engine.support.hierarchical.NodeTestTask.lambda$executeRecursively$6(NodeTestTask.java:160) ~[junit-platform-engine-1.11.4.jar:1.11.4]
	at org.junit.platform.engine.support.hierarchical.ThrowableCollector.execute(ThrowableCollector.java:73) ~[junit-platform-engine-1.11.4.jar:1.11.4]
	at org.junit.platform.engine.support.hierarchical.NodeTestTask.lambda$executeRecursively$8(NodeTestTask.java:146) ~[junit-platform-engine-1.11.4.jar:1.11.4]
	at org.junit.platform.engine.support.hierarchical.Node.around(Node.java:137) ~[junit-platform-engine-1.11.4.jar:1.11.4]
	at org.junit.platform.engine.support.hierarchical.NodeTestTask.lambda$executeRecursively$9(NodeTestTask.java:144) ~[junit-platform-engine-1.11.4.jar:1.11.4]
	at org.junit.platform.engine.support.hierarchical.ThrowableCollector.execute(ThrowableCollector.java:73) ~[junit-platform-engine-1.11.4.jar:1.11.4]
	at org.junit.platform.engine.support.hierarchical.NodeTestTask.executeRecursively(NodeTestTask.java:143) ~[junit-platform-engine-1.11.4.jar:1.11.4]
	at org.junit.platform.engine.support.hierarchical.NodeTestTask.execute(NodeTestTask.java:100) ~[junit-platform-engine-1.11.4.jar:1.11.4]
	at org.junit.platform.engine.support.hierarchical.SameThreadHierarchicalTestExecutorService.submit(SameThreadHierarchicalTestExecutorService.java:35) ~[junit-platform-engine-1.11.4.jar:1.11.4]
	at org.junit.platform.engine.support.hierarchical.HierarchicalTestExecutor.execute(HierarchicalTestExecutor.java:57) ~[junit-platform-engine-1.11.4.jar:1.11.4]
	at org.junit.platform.engine.support.hierarchical.HierarchicalTestEngine.execute(HierarchicalTestEngine.java:54) ~[junit-platform-engine-1.11.4.jar:1.11.4]
	at org.junit.platform.launcher.core.EngineExecutionOrchestrator.execute(EngineExecutionOrchestrator.java:198) ~[junit-platform-launcher-1.11.4.jar:1.11.4]
	at org.junit.platform.launcher.core.EngineExecutionOrchestrator.execute(EngineExecutionOrchestrator.java:169) ~[junit-platform-launcher-1.11.4.jar:1.11.4]
	at org.junit.platform.launcher.core.EngineExecutionOrchestrator.execute(EngineExecutionOrchestrator.java:93) ~[junit-platform-launcher-1.11.4.jar:1.11.4]
	at org.junit.platform.launcher.core.EngineExecutionOrchestrator.lambda$execute$0(EngineExecutionOrchestrator.java:58) ~[junit-platform-launcher-1.11.4.jar:1.11.4]
	at org.junit.platform.launcher.core.EngineExecutionOrchestrator.withInterceptedStreams(EngineExecutionOrchestrator.java:141) ~[junit-platform-launcher-1.11.4.jar:1.11.4]
	at org.junit.platform.launcher.core.EngineExecutionOrchestrator.execute(EngineExecutionOrchestrator.java:57) ~[junit-platform-launcher-1.11.4.jar:1.11.4]
	at org.junit.platform.launcher.core.DefaultLauncher.execute(DefaultLauncher.java:103) ~[junit-platform-launcher-1.11.4.jar:1.11.4]
	at org.junit.platform.launcher.core.DefaultLauncher.execute(DefaultLauncher.java:85) ~[junit-platform-launcher-1.11.4.jar:1.11.4]
	at org.junit.platform.launcher.core.DelegatingLauncher.execute(DelegatingLauncher.java:47) ~[junit-platform-launcher-1.11.4.jar:1.11.4]
	at org.gradle.api.internal.tasks.testing.junitplatform.JUnitPlatformTestClassProcessor$CollectAllTestClassesExecutor.processAllTestClasses(JUnitPlatformTestClassProcessor.java:124) ~[na:na]
	at org.gradle.api.internal.tasks.testing.junitplatform.JUnitPlatformTestClassProcessor$CollectAllTestClassesExecutor.access$000(JUnitPlatformTestClassProcessor.java:99) ~[na:na]
	at org.gradle.api.internal.tasks.testing.junitplatform.JUnitPlatformTestClassProcessor.stop(JUnitPlatformTestClassProcessor.java:94) ~[na:na]
	at org.gradle.api.internal.tasks.testing.SuiteTestClassProcessor.stop(SuiteTestClassProcessor.java:63) ~[na:na]
	at java.base/jdk.internal.reflect.NativeMethodAccessorImpl.invoke0(Native Method) ~[na:na]
	at java.base/jdk.internal.reflect.NativeMethodAccessorImpl.invoke(NativeMethodAccessorImpl.java:77) ~[na:na]
	at java.base/jdk.internal.reflect.DelegatingMethodAccessorImpl.invoke(DelegatingMethodAccessorImpl.java:43) ~[na:na]
	at java.base/java.lang.reflect.Method.invoke(Method.java:569) ~[na:na]
	at org.gradle.internal.dispatch.ReflectionDispatch.dispatch(ReflectionDispatch.java:36) ~[na:na]
	at org.gradle.internal.dispatch.ReflectionDispatch.dispatch(ReflectionDispatch.java:24) ~[na:na]
	at org.gradle.internal.dispatch.ContextClassLoaderDispatch.dispatch(ContextClassLoaderDispatch.java:33) ~[na:na]
	at org.gradle.internal.dispatch.ProxyDispatchAdapter$DispatchingInvocationHandler.invoke(ProxyDispatchAdapter.java:92) ~[na:na]
	at jdk.proxy1/jdk.proxy1.$Proxy4.stop(Unknown Source) ~[na:na]
	at org.gradle.api.internal.tasks.testing.worker.TestWorker$3.run(TestWorker.java:200) ~[na:na]
	at org.gradle.api.internal.tasks.testing.worker.TestWorker.executeAndMaintainThreadName(TestWorker.java:132) ~[na:na]
	at org.gradle.api.internal.tasks.testing.worker.TestWorker.execute(TestWorker.java:103) ~[na:na]
	at org.gradle.api.internal.tasks.testing.worker.TestWorker.execute(TestWorker.java:63) ~[na:na]
	at org.gradle.process.internal.worker.child.ActionExecutionWorker.execute(ActionExecutionWorker.java:56) ~[na:na]
	at org.gradle.process.internal.worker.child.SystemApplicationClassLoaderWorker.call(SystemApplicationClassLoaderWorker.java:121) ~[na:na]
	at org.gradle.process.internal.worker.child.SystemApplicationClassLoaderWorker.call(SystemApplicationClassLoaderWorker.java:71) ~[na:na]
	at worker.org.gradle.process.internal.worker.GradleWorkerMain.run(GradleWorkerMain.java:69) ~[gradle-worker.jar:na]
	at worker.org.gradle.process.internal.worker.GradleWorkerMain.main(GradleWorkerMain.java:74) ~[gradle-worker.jar:na]

2025-06-03T11:54:29.680+02:00 DEBUG 20180 --- [backend] [    Test worker] cResourceLocalTransactionCoordinatorImpl : JDBC transaction marked for rollback-only (exception provided for stack trace)

java.lang.Exception: exception just for purpose of providing stack trace
	at org.hibernate.resource.transaction.backend.jdbc.internal.JdbcResourceLocalTransactionCoordinatorImpl$TransactionDriverControlImpl.markRollbackOnly(JdbcResourceLocalTransactionCoordinatorImpl.java:309) ~[hibernate-core-6.6.13.Final.jar:6.6.13.Final]
	at org.hibernate.internal.AbstractSharedSessionContract.buildNamedQuery(AbstractSharedSessionContract.java:1141) ~[hibernate-core-6.6.13.Final.jar:6.6.13.Final]
	at org.hibernate.internal.AbstractSharedSessionContract.createNamedQuery(AbstractSharedSessionContract.java:1019) ~[hibernate-core-6.6.13.Final.jar:6.6.13.Final]
	at org.hibernate.internal.AbstractSharedSessionContract.createNamedQuery(AbstractSharedSessionContract.java:143) ~[hibernate-core-6.6.13.Final.jar:6.6.13.Final]
	at java.base/jdk.internal.reflect.NativeMethodAccessorImpl.invoke0(Native Method) ~[na:na]
	at java.base/jdk.internal.reflect.NativeMethodAccessorImpl.invoke(NativeMethodAccessorImpl.java:77) ~[na:na]
	at java.base/jdk.internal.reflect.DelegatingMethodAccessorImpl.invoke(DelegatingMethodAccessorImpl.java:43) ~[na:na]
	at java.base/java.lang.reflect.Method.invoke(Method.java:569) ~[na:na]
	at org.springframework.orm.jpa.ExtendedEntityManagerCreator$ExtendedEntityManagerInvocationHandler.invoke(ExtendedEntityManagerCreator.java:364) ~[spring-orm-6.2.6.jar:6.2.6]
	at jdk.proxy3/jdk.proxy3.$Proxy146.createNamedQuery(Unknown Source) ~[na:na]
	at org.springframework.data.jpa.repository.query.NamedQuery.hasNamedQuery(NamedQuery.java:120) ~[spring-data-jpa-3.4.5.jar:3.4.5]
	at org.springframework.data.jpa.repository.query.NamedQuery.lookupFrom(NamedQuery.java:147) ~[spring-data-jpa-3.4.5.jar:3.4.5]
	at org.springframework.data.jpa.repository.query.JpaQueryLookupStrategy$DeclaredQueryLookupStrategy.resolveQuery(JpaQueryLookupStrategy.java:184) ~[spring-data-jpa-3.4.5.jar:3.4.5]
	at org.springframework.data.jpa.repository.query.JpaQueryLookupStrategy$CreateIfNotFoundQueryLookupStrategy.resolveQuery(JpaQueryLookupStrategy.java:254) ~[spring-data-jpa-3.4.5.jar:3.4.5]
	at org.springframework.data.jpa.repository.query.JpaQueryLookupStrategy$AbstractQueryLookupStrategy.resolveQuery(JpaQueryLookupStrategy.java:99) ~[spring-data-jpa-3.4.5.jar:3.4.5]
	at org.springframework.data.repository.core.support.QueryExecutorMethodInterceptor.lookupQuery(QueryExecutorMethodInterceptor.java:116) ~[spring-data-commons-3.4.5.jar:3.4.5]
	at org.springframework.data.repository.core.support.QueryExecutorMethodInterceptor.mapMethodsToQuery(QueryExecutorMethodInterceptor.java:104) ~[spring-data-commons-3.4.5.jar:3.4.5]
	at org.springframework.data.repository.core.support.QueryExecutorMethodInterceptor.lambda$new$0(QueryExecutorMethodInterceptor.java:92) ~[spring-data-commons-3.4.5.jar:3.4.5]
	at java.base/java.util.Optional.map(Optional.java:260) ~[na:na]
	at org.springframework.data.repository.core.support.QueryExecutorMethodInterceptor.<init>(QueryExecutorMethodInterceptor.java:92) ~[spring-data-commons-3.4.5.jar:3.4.5]
	at org.springframework.data.repository.core.support.RepositoryFactorySupport.getRepository(RepositoryFactorySupport.java:431) ~[spring-data-commons-3.4.5.jar:3.4.5]
	at org.springframework.data.repository.core.support.RepositoryFactoryBeanSupport.lambda$afterPropertiesSet$4(RepositoryFactoryBeanSupport.java:350) ~[spring-data-commons-3.4.5.jar:3.4.5]
	at org.springframework.data.util.Lazy.getNullable(Lazy.java:135) ~[spring-data-commons-3.4.5.jar:3.4.5]
	at org.springframework.data.util.Lazy.get(Lazy.java:113) ~[spring-data-commons-3.4.5.jar:3.4.5]
	at org.springframework.data.repository.core.support.RepositoryFactoryBeanSupport.afterPropertiesSet(RepositoryFactoryBeanSupport.java:356) ~[spring-data-commons-3.4.5.jar:3.4.5]
	at org.springframework.data.jpa.repository.support.JpaRepositoryFactoryBean.afterPropertiesSet(JpaRepositoryFactoryBean.java:132) ~[spring-data-jpa-3.4.5.jar:3.4.5]
	at org.springframework.beans.factory.support.AbstractAutowireCapableBeanFactory.invokeInitMethods(AbstractAutowireCapableBeanFactory.java:1865) ~[spring-beans-6.2.6.jar:6.2.6]
	at org.springframework.beans.factory.support.AbstractAutowireCapableBeanFactory.initializeBean(AbstractAutowireCapableBeanFactory.java:1814) ~[spring-beans-6.2.6.jar:6.2.6]
	at org.springframework.beans.factory.support.AbstractAutowireCapableBeanFactory.doCreateBean(AbstractAutowireCapableBeanFactory.java:607) ~[spring-beans-6.2.6.jar:6.2.6]
	at org.springframework.beans.factory.support.AbstractAutowireCapableBeanFactory.createBean(AbstractAutowireCapableBeanFactory.java:529) ~[spring-beans-6.2.6.jar:6.2.6]
	at org.springframework.beans.factory.support.AbstractBeanFactory.lambda$doGetBean$0(AbstractBeanFactory.java:339) ~[spring-beans-6.2.6.jar:6.2.6]
	at org.springframework.beans.factory.support.DefaultSingletonBeanRegistry.getSingleton(DefaultSingletonBeanRegistry.java:371) ~[spring-beans-6.2.6.jar:6.2.6]
	at org.springframework.beans.factory.support.AbstractBeanFactory.doGetBean(AbstractBeanFactory.java:337) ~[spring-beans-6.2.6.jar:6.2.6]
	at org.springframework.beans.factory.support.AbstractBeanFactory.getBean(AbstractBeanFactory.java:202) ~[spring-beans-6.2.6.jar:6.2.6]
	at org.springframework.beans.factory.config.DependencyDescriptor.resolveCandidate(DependencyDescriptor.java:254) ~[spring-beans-6.2.6.jar:6.2.6]
	at org.springframework.beans.factory.support.DefaultListableBeanFactory.doResolveDependency(DefaultListableBeanFactory.java:1739) ~[spring-beans-6.2.6.jar:6.2.6]
	at org.springframework.beans.factory.support.DefaultListableBeanFactory.resolveDependency(DefaultListableBeanFactory.java:1627) ~[spring-beans-6.2.6.jar:6.2.6]
	at org.springframework.beans.factory.support.ConstructorResolver.resolveAutowiredArgument(ConstructorResolver.java:913) ~[spring-beans-6.2.6.jar:6.2.6]
	at org.springframework.beans.factory.support.ConstructorResolver.createArgumentArray(ConstructorResolver.java:791) ~[spring-beans-6.2.6.jar:6.2.6]
	at org.springframework.beans.factory.support.ConstructorResolver.autowireConstructor(ConstructorResolver.java:240) ~[spring-beans-6.2.6.jar:6.2.6]
	at org.springframework.beans.factory.support.AbstractAutowireCapableBeanFactory.autowireConstructor(AbstractAutowireCapableBeanFactory.java:1387) ~[spring-beans-6.2.6.jar:6.2.6]
	at org.springframework.beans.factory.support.AbstractAutowireCapableBeanFactory.createBeanInstance(AbstractAutowireCapableBeanFactory.java:1224) ~[spring-beans-6.2.6.jar:6.2.6]
	at org.springframework.beans.factory.support.AbstractAutowireCapableBeanFactory.doCreateBean(AbstractAutowireCapableBeanFactory.java:569) ~[spring-beans-6.2.6.jar:6.2.6]
	at org.springframework.beans.factory.support.AbstractAutowireCapableBeanFactory.createBean(AbstractAutowireCapableBeanFactory.java:529) ~[spring-beans-6.2.6.jar:6.2.6]
	at org.springframework.beans.factory.support.AbstractBeanFactory.lambda$doGetBean$0(AbstractBeanFactory.java:339) ~[spring-beans-6.2.6.jar:6.2.6]
	at org.springframework.beans.factory.support.DefaultSingletonBeanRegistry.getSingleton(DefaultSingletonBeanRegistry.java:371) ~[spring-beans-6.2.6.jar:6.2.6]
	at org.springframework.beans.factory.support.AbstractBeanFactory.doGetBean(AbstractBeanFactory.java:337) ~[spring-beans-6.2.6.jar:6.2.6]
	at org.springframework.beans.factory.support.AbstractBeanFactory.getBean(AbstractBeanFactory.java:202) ~[spring-beans-6.2.6.jar:6.2.6]
	at org.springframework.beans.factory.support.DefaultListableBeanFactory.doResolveDependency(DefaultListableBeanFactory.java:1681) ~[spring-beans-6.2.6.jar:6.2.6]
	at org.springframework.beans.factory.support.DefaultListableBeanFactory.resolveDependency(DefaultListableBeanFactory.java:1627) ~[spring-beans-6.2.6.jar:6.2.6]
	at org.springframework.beans.factory.support.ConstructorResolver.resolveAutowiredArgument(ConstructorResolver.java:913) ~[spring-beans-6.2.6.jar:6.2.6]
	at org.springframework.beans.factory.support.ConstructorResolver.createArgumentArray(ConstructorResolver.java:791) ~[spring-beans-6.2.6.jar:6.2.6]
	at org.springframework.beans.factory.support.ConstructorResolver.autowireConstructor(ConstructorResolver.java:240) ~[spring-beans-6.2.6.jar:6.2.6]
	at org.springframework.beans.factory.support.AbstractAutowireCapableBeanFactory.autowireConstructor(AbstractAutowireCapableBeanFactory.java:1387) ~[spring-beans-6.2.6.jar:6.2.6]
	at org.springframework.beans.factory.support.AbstractAutowireCapableBeanFactory.createBeanInstance(AbstractAutowireCapableBeanFactory.java:1224) ~[spring-beans-6.2.6.jar:6.2.6]
	at org.springframework.beans.factory.support.AbstractAutowireCapableBeanFactory.doCreateBean(AbstractAutowireCapableBeanFactory.java:569) ~[spring-beans-6.2.6.jar:6.2.6]
	at org.springframework.beans.factory.support.AbstractAutowireCapableBeanFactory.createBean(AbstractAutowireCapableBeanFactory.java:529) ~[spring-beans-6.2.6.jar:6.2.6]
	at org.springframework.beans.factory.support.AbstractBeanFactory.lambda$doGetBean$0(AbstractBeanFactory.java:339) ~[spring-beans-6.2.6.jar:6.2.6]
	at org.springframework.beans.factory.support.DefaultSingletonBeanRegistry.getSingleton(DefaultSingletonBeanRegistry.java:371) ~[spring-beans-6.2.6.jar:6.2.6]
	at org.springframework.beans.factory.support.AbstractBeanFactory.doGetBean(AbstractBeanFactory.java:337) ~[spring-beans-6.2.6.jar:6.2.6]
	at org.springframework.beans.factory.support.AbstractBeanFactory.getBean(AbstractBeanFactory.java:202) ~[spring-beans-6.2.6.jar:6.2.6]
	at org.springframework.beans.factory.support.DefaultListableBeanFactory.instantiateSingleton(DefaultListableBeanFactory.java:1221) ~[spring-beans-6.2.6.jar:6.2.6]
	at org.springframework.beans.factory.support.DefaultListableBeanFactory.preInstantiateSingleton(DefaultListableBeanFactory.java:1187) ~[spring-beans-6.2.6.jar:6.2.6]
	at org.springframework.beans.factory.support.DefaultListableBeanFactory.preInstantiateSingletons(DefaultListableBeanFactory.java:1122) ~[spring-beans-6.2.6.jar:6.2.6]
	at org.springframework.context.support.AbstractApplicationContext.finishBeanFactoryInitialization(AbstractApplicationContext.java:987) ~[spring-context-6.2.6.jar:6.2.6]
	at org.springframework.context.support.AbstractApplicationContext.refresh(AbstractApplicationContext.java:627) ~[spring-context-6.2.6.jar:6.2.6]
	at org.springframework.boot.SpringApplication.refresh(SpringApplication.java:753) ~[spring-boot-3.4.5.jar:3.4.5]
	at org.springframework.boot.SpringApplication.refreshContext(SpringApplication.java:439) ~[spring-boot-3.4.5.jar:3.4.5]
	at org.springframework.boot.SpringApplication.run(SpringApplication.java:318) ~[spring-boot-3.4.5.jar:3.4.5]
	at org.springframework.boot.test.context.SpringBootContextLoader.lambda$loadContext$3(SpringBootContextLoader.java:144) ~[spring-boot-test-3.4.5.jar:3.4.5]
	at org.springframework.util.function.ThrowingSupplier.get(ThrowingSupplier.java:58) ~[spring-core-6.2.6.jar:6.2.6]
	at org.springframework.util.function.ThrowingSupplier.get(ThrowingSupplier.java:46) ~[spring-core-6.2.6.jar:6.2.6]
	at org.springframework.boot.SpringApplication.withHook(SpringApplication.java:1462) ~[spring-boot-3.4.5.jar:3.4.5]
	at org.springframework.boot.test.context.SpringBootContextLoader$ContextLoaderHook.run(SpringBootContextLoader.java:563) ~[spring-boot-test-3.4.5.jar:3.4.5]
	at org.springframework.boot.test.context.SpringBootContextLoader.loadContext(SpringBootContextLoader.java:144) ~[spring-boot-test-3.4.5.jar:3.4.5]
	at org.springframework.boot.test.context.SpringBootContextLoader.loadContext(SpringBootContextLoader.java:110) ~[spring-boot-test-3.4.5.jar:3.4.5]
	at org.springframework.test.context.cache.DefaultCacheAwareContextLoaderDelegate.loadContextInternal(DefaultCacheAwareContextLoaderDelegate.java:225) ~[spring-test-6.2.6.jar:6.2.6]
	at org.springframework.test.context.cache.DefaultCacheAwareContextLoaderDelegate.loadContext(DefaultCacheAwareContextLoaderDelegate.java:152) ~[spring-test-6.2.6.jar:6.2.6]
	at org.springframework.test.context.support.DefaultTestContext.getApplicationContext(DefaultTestContext.java:130) ~[spring-test-6.2.6.jar:6.2.6]
	at org.springframework.test.context.web.ServletTestExecutionListener.setUpRequestContextIfNecessary(ServletTestExecutionListener.java:200) ~[spring-test-6.2.6.jar:6.2.6]
	at org.springframework.test.context.web.ServletTestExecutionListener.prepareTestInstance(ServletTestExecutionListener.java:139) ~[spring-test-6.2.6.jar:6.2.6]
	at org.springframework.test.context.TestContextManager.prepareTestInstance(TestContextManager.java:260) ~[spring-test-6.2.6.jar:6.2.6]
	at org.springframework.test.context.junit.jupiter.SpringExtension.postProcessTestInstance(SpringExtension.java:159) ~[spring-test-6.2.6.jar:6.2.6]
	at org.junit.jupiter.engine.descriptor.ClassBasedTestDescriptor.lambda$invokeTestInstancePostProcessors$11(ClassBasedTestDescriptor.java:378) ~[junit-jupiter-engine-5.11.4.jar:5.11.4]
	at org.junit.jupiter.engine.descriptor.ClassBasedTestDescriptor.executeAndMaskThrowable(ClassBasedTestDescriptor.java:383) ~[junit-jupiter-engine-5.11.4.jar:5.11.4]
	at org.junit.jupiter.engine.descriptor.ClassBasedTestDescriptor.lambda$invokeTestInstancePostProcessors$12(ClassBasedTestDescriptor.java:378) ~[junit-jupiter-engine-5.11.4.jar:5.11.4]
	at java.base/java.util.stream.ForEachOps$ForEachOp$OfRef.accept(ForEachOps.java:183) ~[na:na]
	at java.base/java.util.stream.ReferencePipeline$3$1.accept(ReferencePipeline.java:197) ~[na:na]
	at java.base/java.util.stream.ReferencePipeline$2$1.accept(ReferencePipeline.java:179) ~[na:na]
	at java.base/java.util.stream.ReferencePipeline$3$1.accept(ReferencePipeline.java:197) ~[na:na]
	at java.base/java.util.ArrayList$ArrayListSpliterator.forEachRemaining(ArrayList.java:1625) ~[na:na]
	at java.base/java.util.stream.AbstractPipeline.copyInto(AbstractPipeline.java:509) ~[na:na]
	at java.base/java.util.stream.AbstractPipeline.wrapAndCopyInto(AbstractPipeline.java:499) ~[na:na]
	at java.base/java.util.stream.ForEachOps$ForEachOp.evaluateSequential(ForEachOps.java:150) ~[na:na]
	at java.base/java.util.stream.ForEachOps$ForEachOp$OfRef.evaluateSequential(ForEachOps.java:173) ~[na:na]
	at java.base/java.util.stream.AbstractPipeline.evaluate(AbstractPipeline.java:234) ~[na:na]
	at java.base/java.util.stream.ReferencePipeline.forEach(ReferencePipeline.java:596) ~[na:na]
	at org.junit.jupiter.engine.descriptor.ClassBasedTestDescriptor.invokeTestInstancePostProcessors(ClassBasedTestDescriptor.java:377) ~[junit-jupiter-engine-5.11.4.jar:5.11.4]
	at org.junit.jupiter.engine.descriptor.ClassBasedTestDescriptor.lambda$instantiateAndPostProcessTestInstance$7(ClassBasedTestDescriptor.java:290) ~[junit-jupiter-engine-5.11.4.jar:5.11.4]
	at org.junit.platform.engine.support.hierarchical.ThrowableCollector.execute(ThrowableCollector.java:73) ~[junit-platform-engine-1.11.4.jar:1.11.4]
	at org.junit.jupiter.engine.descriptor.ClassBasedTestDescriptor.instantiateAndPostProcessTestInstance(ClassBasedTestDescriptor.java:289) ~[junit-jupiter-engine-5.11.4.jar:5.11.4]
	at org.junit.jupiter.engine.descriptor.ClassBasedTestDescriptor.lambda$testInstancesProvider$5(ClassBasedTestDescriptor.java:279) ~[junit-jupiter-engine-5.11.4.jar:5.11.4]
	at java.base/java.util.Optional.orElseGet(Optional.java:364) ~[na:na]
	at org.junit.jupiter.engine.descriptor.ClassBasedTestDescriptor.lambda$testInstancesProvider$6(ClassBasedTestDescriptor.java:278) ~[junit-jupiter-engine-5.11.4.jar:5.11.4]
	at org.junit.jupiter.engine.execution.TestInstancesProvider.getTestInstances(TestInstancesProvider.java:31) ~[junit-jupiter-engine-5.11.4.jar:5.11.4]
	at org.junit.jupiter.engine.descriptor.TestMethodTestDescriptor.lambda$prepare$1(TestMethodTestDescriptor.java:105) ~[junit-jupiter-engine-5.11.4.jar:5.11.4]
	at org.junit.platform.engine.support.hierarchical.ThrowableCollector.execute(ThrowableCollector.java:73) ~[junit-platform-engine-1.11.4.jar:1.11.4]
	at org.junit.jupiter.engine.descriptor.TestMethodTestDescriptor.prepare(TestMethodTestDescriptor.java:104) ~[junit-jupiter-engine-5.11.4.jar:5.11.4]
	at org.junit.jupiter.engine.descriptor.TestMethodTestDescriptor.prepare(TestMethodTestDescriptor.java:68) ~[junit-jupiter-engine-5.11.4.jar:5.11.4]
	at org.junit.platform.engine.support.hierarchical.NodeTestTask.lambda$prepare$2(NodeTestTask.java:128) ~[junit-platform-engine-1.11.4.jar:1.11.4]
	at org.junit.platform.engine.support.hierarchical.ThrowableCollector.execute(ThrowableCollector.java:73) ~[junit-platform-engine-1.11.4.jar:1.11.4]
	at org.junit.platform.engine.support.hierarchical.NodeTestTask.prepare(NodeTestTask.java:128) ~[junit-platform-engine-1.11.4.jar:1.11.4]
	at org.junit.platform.engine.support.hierarchical.NodeTestTask.execute(NodeTestTask.java:95) ~[junit-platform-engine-1.11.4.jar:1.11.4]
	at java.base/java.util.ArrayList.forEach(ArrayList.java:1511) ~[na:na]
	at org.junit.platform.engine.support.hierarchical.SameThreadHierarchicalTestExecutorService.invokeAll(SameThreadHierarchicalTestExecutorService.java:41) ~[junit-platform-engine-1.11.4.jar:1.11.4]
	at org.junit.platform.engine.support.hierarchical.NodeTestTask.lambda$executeRecursively$6(NodeTestTask.java:160) ~[junit-platform-engine-1.11.4.jar:1.11.4]
	at org.junit.platform.engine.support.hierarchical.ThrowableCollector.execute(ThrowableCollector.java:73) ~[junit-platform-engine-1.11.4.jar:1.11.4]
	at org.junit.platform.engine.support.hierarchical.NodeTestTask.lambda$executeRecursively$8(NodeTestTask.java:146) ~[junit-platform-engine-1.11.4.jar:1.11.4]
	at org.junit.platform.engine.support.hierarchical.Node.around(Node.java:137) ~[junit-platform-engine-1.11.4.jar:1.11.4]
	at org.junit.platform.engine.support.hierarchical.NodeTestTask.lambda$executeRecursively$9(NodeTestTask.java:144) ~[junit-platform-engine-1.11.4.jar:1.11.4]
	at org.junit.platform.engine.support.hierarchical.ThrowableCollector.execute(ThrowableCollector.java:73) ~[junit-platform-engine-1.11.4.jar:1.11.4]
	at org.junit.platform.engine.support.hierarchical.NodeTestTask.executeRecursively(NodeTestTask.java:143) ~[junit-platform-engine-1.11.4.jar:1.11.4]
	at org.junit.platform.engine.support.hierarchical.NodeTestTask.execute(NodeTestTask.java:100) ~[junit-platform-engine-1.11.4.jar:1.11.4]
	at java.base/java.util.ArrayList.forEach(ArrayList.java:1511) ~[na:na]
	at org.junit.platform.engine.support.hierarchical.SameThreadHierarchicalTestExecutorService.invokeAll(SameThreadHierarchicalTestExecutorService.java:41) ~[junit-platform-engine-1.11.4.jar:1.11.4]
	at org.junit.platform.engine.support.hierarchical.NodeTestTask.lambda$executeRecursively$6(NodeTestTask.java:160) ~[junit-platform-engine-1.11.4.jar:1.11.4]
	at org.junit.platform.engine.support.hierarchical.ThrowableCollector.execute(ThrowableCollector.java:73) ~[junit-platform-engine-1.11.4.jar:1.11.4]
	at org.junit.platform.engine.support.hierarchical.NodeTestTask.lambda$executeRecursively$8(NodeTestTask.java:146) ~[junit-platform-engine-1.11.4.jar:1.11.4]
	at org.junit.platform.engine.support.hierarchical.Node.around(Node.java:137) ~[junit-platform-engine-1.11.4.jar:1.11.4]
	at org.junit.platform.engine.support.hierarchical.NodeTestTask.lambda$executeRecursively$9(NodeTestTask.java:144) ~[junit-platform-engine-1.11.4.jar:1.11.4]
	at org.junit.platform.engine.support.hierarchical.ThrowableCollector.execute(ThrowableCollector.java:73) ~[junit-platform-engine-1.11.4.jar:1.11.4]
	at org.junit.platform.engine.support.hierarchical.NodeTestTask.executeRecursively(NodeTestTask.java:143) ~[junit-platform-engine-1.11.4.jar:1.11.4]
	at org.junit.platform.engine.support.hierarchical.NodeTestTask.execute(NodeTestTask.java:100) ~[junit-platform-engine-1.11.4.jar:1.11.4]
	at org.junit.platform.engine.support.hierarchical.SameThreadHierarchicalTestExecutorService.submit(SameThreadHierarchicalTestExecutorService.java:35) ~[junit-platform-engine-1.11.4.jar:1.11.4]
	at org.junit.platform.engine.support.hierarchical.HierarchicalTestExecutor.execute(HierarchicalTestExecutor.java:57) ~[junit-platform-engine-1.11.4.jar:1.11.4]
	at org.junit.platform.engine.support.hierarchical.HierarchicalTestEngine.execute(HierarchicalTestEngine.java:54) ~[junit-platform-engine-1.11.4.jar:1.11.4]
	at org.junit.platform.launcher.core.EngineExecutionOrchestrator.execute(EngineExecutionOrchestrator.java:198) ~[junit-platform-launcher-1.11.4.jar:1.11.4]
	at org.junit.platform.launcher.core.EngineExecutionOrchestrator.execute(EngineExecutionOrchestrator.java:169) ~[junit-platform-launcher-1.11.4.jar:1.11.4]
	at org.junit.platform.launcher.core.EngineExecutionOrchestrator.execute(EngineExecutionOrchestrator.java:93) ~[junit-platform-launcher-1.11.4.jar:1.11.4]
	at org.junit.platform.launcher.core.EngineExecutionOrchestrator.lambda$execute$0(EngineExecutionOrchestrator.java:58) ~[junit-platform-launcher-1.11.4.jar:1.11.4]
	at org.junit.platform.launcher.core.EngineExecutionOrchestrator.withInterceptedStreams(EngineExecutionOrchestrator.java:141) ~[junit-platform-launcher-1.11.4.jar:1.11.4]
	at org.junit.platform.launcher.core.EngineExecutionOrchestrator.execute(EngineExecutionOrchestrator.java:57) ~[junit-platform-launcher-1.11.4.jar:1.11.4]
	at org.junit.platform.launcher.core.DefaultLauncher.execute(DefaultLauncher.java:103) ~[junit-platform-launcher-1.11.4.jar:1.11.4]
	at org.junit.platform.launcher.core.DefaultLauncher.execute(DefaultLauncher.java:85) ~[junit-platform-launcher-1.11.4.jar:1.11.4]
	at org.junit.platform.launcher.core.DelegatingLauncher.execute(DelegatingLauncher.java:47) ~[junit-platform-launcher-1.11.4.jar:1.11.4]
	at org.gradle.api.internal.tasks.testing.junitplatform.JUnitPlatformTestClassProcessor$CollectAllTestClassesExecutor.processAllTestClasses(JUnitPlatformTestClassProcessor.java:124) ~[na:na]
	at org.gradle.api.internal.tasks.testing.junitplatform.JUnitPlatformTestClassProcessor$CollectAllTestClassesExecutor.access$000(JUnitPlatformTestClassProcessor.java:99) ~[na:na]
	at org.gradle.api.internal.tasks.testing.junitplatform.JUnitPlatformTestClassProcessor.stop(JUnitPlatformTestClassProcessor.java:94) ~[na:na]
	at org.gradle.api.internal.tasks.testing.SuiteTestClassProcessor.stop(SuiteTestClassProcessor.java:63) ~[na:na]
	at java.base/jdk.internal.reflect.NativeMethodAccessorImpl.invoke0(Native Method) ~[na:na]
	at java.base/jdk.internal.reflect.NativeMethodAccessorImpl.invoke(NativeMethodAccessorImpl.java:77) ~[na:na]
	at java.base/jdk.internal.reflect.DelegatingMethodAccessorImpl.invoke(DelegatingMethodAccessorImpl.java:43) ~[na:na]
	at java.base/java.lang.reflect.Method.invoke(Method.java:569) ~[na:na]
	at org.gradle.internal.dispatch.ReflectionDispatch.dispatch(ReflectionDispatch.java:36) ~[na:na]
	at org.gradle.internal.dispatch.ReflectionDispatch.dispatch(ReflectionDispatch.java:24) ~[na:na]
	at org.gradle.internal.dispatch.ContextClassLoaderDispatch.dispatch(ContextClassLoaderDispatch.java:33) ~[na:na]
	at org.gradle.internal.dispatch.ProxyDispatchAdapter$DispatchingInvocationHandler.invoke(ProxyDispatchAdapter.java:92) ~[na:na]
	at jdk.proxy1/jdk.proxy1.$Proxy4.stop(Unknown Source) ~[na:na]
	at org.gradle.api.internal.tasks.testing.worker.TestWorker$3.run(TestWorker.java:200) ~[na:na]
	at org.gradle.api.internal.tasks.testing.worker.TestWorker.executeAndMaintainThreadName(TestWorker.java:132) ~[na:na]
	at org.gradle.api.internal.tasks.testing.worker.TestWorker.execute(TestWorker.java:103) ~[na:na]
	at org.gradle.api.internal.tasks.testing.worker.TestWorker.execute(TestWorker.java:63) ~[na:na]
	at org.gradle.process.internal.worker.child.ActionExecutionWorker.execute(ActionExecutionWorker.java:56) ~[na:na]
	at org.gradle.process.internal.worker.child.SystemApplicationClassLoaderWorker.call(SystemApplicationClassLoaderWorker.java:121) ~[na:na]
	at org.gradle.process.internal.worker.child.SystemApplicationClassLoaderWorker.call(SystemApplicationClassLoaderWorker.java:71) ~[na:na]
	at worker.org.gradle.process.internal.worker.GradleWorkerMain.run(GradleWorkerMain.java:69) ~[gradle-worker.jar:na]
	at worker.org.gradle.process.internal.worker.GradleWorkerMain.main(GradleWorkerMain.java:74) ~[gradle-worker.jar:na]

2025-06-03T11:54:30.376+02:00 DEBUG 20180 --- [backend] [    Test worker] cResourceLocalTransactionCoordinatorImpl : JDBC transaction marked for rollback-only (exception provided for stack trace)

java.lang.Exception: exception just for purpose of providing stack trace
	at org.hibernate.resource.transaction.backend.jdbc.internal.JdbcResourceLocalTransactionCoordinatorImpl$TransactionDriverControlImpl.markRollbackOnly(JdbcResourceLocalTransactionCoordinatorImpl.java:309) ~[hibernate-core-6.6.13.Final.jar:6.6.13.Final]
	at org.hibernate.internal.AbstractSharedSessionContract.buildNamedQuery(AbstractSharedSessionContract.java:1141) ~[hibernate-core-6.6.13.Final.jar:6.6.13.Final]
	at org.hibernate.internal.AbstractSharedSessionContract.createNamedQuery(AbstractSharedSessionContract.java:1019) ~[hibernate-core-6.6.13.Final.jar:6.6.13.Final]
	at org.hibernate.internal.AbstractSharedSessionContract.createNamedQuery(AbstractSharedSessionContract.java:143) ~[hibernate-core-6.6.13.Final.jar:6.6.13.Final]
	at java.base/jdk.internal.reflect.NativeMethodAccessorImpl.invoke0(Native Method) ~[na:na]
	at java.base/jdk.internal.reflect.NativeMethodAccessorImpl.invoke(NativeMethodAccessorImpl.java:77) ~[na:na]
	at java.base/jdk.internal.reflect.DelegatingMethodAccessorImpl.invoke(DelegatingMethodAccessorImpl.java:43) ~[na:na]
	at java.base/java.lang.reflect.Method.invoke(Method.java:569) ~[na:na]
	at org.springframework.orm.jpa.ExtendedEntityManagerCreator$ExtendedEntityManagerInvocationHandler.invoke(ExtendedEntityManagerCreator.java:364) ~[spring-orm-6.2.6.jar:6.2.6]
	at jdk.proxy3/jdk.proxy3.$Proxy146.createNamedQuery(Unknown Source) ~[na:na]
	at org.springframework.data.jpa.repository.query.NamedQuery.hasNamedQuery(NamedQuery.java:120) ~[spring-data-jpa-3.4.5.jar:3.4.5]
	at org.springframework.data.jpa.repository.query.NamedQuery.lookupFrom(NamedQuery.java:147) ~[spring-data-jpa-3.4.5.jar:3.4.5]
	at org.springframework.data.jpa.repository.query.JpaQueryLookupStrategy$DeclaredQueryLookupStrategy.resolveQuery(JpaQueryLookupStrategy.java:184) ~[spring-data-jpa-3.4.5.jar:3.4.5]
	at org.springframework.data.jpa.repository.query.JpaQueryLookupStrategy$CreateIfNotFoundQueryLookupStrategy.resolveQuery(JpaQueryLookupStrategy.java:254) ~[spring-data-jpa-3.4.5.jar:3.4.5]
	at org.springframework.data.jpa.repository.query.JpaQueryLookupStrategy$AbstractQueryLookupStrategy.resolveQuery(JpaQueryLookupStrategy.java:99) ~[spring-data-jpa-3.4.5.jar:3.4.5]
	at org.springframework.data.repository.core.support.QueryExecutorMethodInterceptor.lookupQuery(QueryExecutorMethodInterceptor.java:116) ~[spring-data-commons-3.4.5.jar:3.4.5]
	at org.springframework.data.repository.core.support.QueryExecutorMethodInterceptor.mapMethodsToQuery(QueryExecutorMethodInterceptor.java:104) ~[spring-data-commons-3.4.5.jar:3.4.5]
	at org.springframework.data.repository.core.support.QueryExecutorMethodInterceptor.lambda$new$0(QueryExecutorMethodInterceptor.java:92) ~[spring-data-commons-3.4.5.jar:3.4.5]
	at java.base/java.util.Optional.map(Optional.java:260) ~[na:na]
	at org.springframework.data.repository.core.support.QueryExecutorMethodInterceptor.<init>(QueryExecutorMethodInterceptor.java:92) ~[spring-data-commons-3.4.5.jar:3.4.5]
	at org.springframework.data.repository.core.support.RepositoryFactorySupport.getRepository(RepositoryFactorySupport.java:431) ~[spring-data-commons-3.4.5.jar:3.4.5]
	at org.springframework.data.repository.core.support.RepositoryFactoryBeanSupport.lambda$afterPropertiesSet$4(RepositoryFactoryBeanSupport.java:350) ~[spring-data-commons-3.4.5.jar:3.4.5]
	at org.springframework.data.util.Lazy.getNullable(Lazy.java:135) ~[spring-data-commons-3.4.5.jar:3.4.5]
	at org.springframework.data.util.Lazy.get(Lazy.java:113) ~[spring-data-commons-3.4.5.jar:3.4.5]
	at org.springframework.data.repository.core.support.RepositoryFactoryBeanSupport.afterPropertiesSet(RepositoryFactoryBeanSupport.java:356) ~[spring-data-commons-3.4.5.jar:3.4.5]
	at org.springframework.data.jpa.repository.support.JpaRepositoryFactoryBean.afterPropertiesSet(JpaRepositoryFactoryBean.java:132) ~[spring-data-jpa-3.4.5.jar:3.4.5]
	at org.springframework.beans.factory.support.AbstractAutowireCapableBeanFactory.invokeInitMethods(AbstractAutowireCapableBeanFactory.java:1865) ~[spring-beans-6.2.6.jar:6.2.6]
	at org.springframework.beans.factory.support.AbstractAutowireCapableBeanFactory.initializeBean(AbstractAutowireCapableBeanFactory.java:1814) ~[spring-beans-6.2.6.jar:6.2.6]
	at org.springframework.beans.factory.support.AbstractAutowireCapableBeanFactory.doCreateBean(AbstractAutowireCapableBeanFactory.java:607) ~[spring-beans-6.2.6.jar:6.2.6]
	at org.springframework.beans.factory.support.AbstractAutowireCapableBeanFactory.createBean(AbstractAutowireCapableBeanFactory.java:529) ~[spring-beans-6.2.6.jar:6.2.6]
	at org.springframework.beans.factory.support.AbstractBeanFactory.lambda$doGetBean$0(AbstractBeanFactory.java:339) ~[spring-beans-6.2.6.jar:6.2.6]
	at org.springframework.beans.factory.support.DefaultSingletonBeanRegistry.getSingleton(DefaultSingletonBeanRegistry.java:371) ~[spring-beans-6.2.6.jar:6.2.6]
	at org.springframework.beans.factory.support.AbstractBeanFactory.doGetBean(AbstractBeanFactory.java:337) ~[spring-beans-6.2.6.jar:6.2.6]
	at org.springframework.beans.factory.support.AbstractBeanFactory.getBean(AbstractBeanFactory.java:202) ~[spring-beans-6.2.6.jar:6.2.6]
	at org.springframework.beans.factory.support.DefaultListableBeanFactory.doResolveDependency(DefaultListableBeanFactory.java:1681) ~[spring-beans-6.2.6.jar:6.2.6]
	at org.springframework.beans.factory.support.DefaultListableBeanFactory.resolveDependency(DefaultListableBeanFactory.java:1627) ~[spring-beans-6.2.6.jar:6.2.6]
	at org.springframework.beans.factory.support.ConstructorResolver.resolveAutowiredArgument(ConstructorResolver.java:913) ~[spring-beans-6.2.6.jar:6.2.6]
	at org.springframework.beans.factory.support.ConstructorResolver.createArgumentArray(ConstructorResolver.java:791) ~[spring-beans-6.2.6.jar:6.2.6]
	at org.springframework.beans.factory.support.ConstructorResolver.autowireConstructor(ConstructorResolver.java:240) ~[spring-beans-6.2.6.jar:6.2.6]
	at org.springframework.beans.factory.support.AbstractAutowireCapableBeanFactory.autowireConstructor(AbstractAutowireCapableBeanFactory.java:1387) ~[spring-beans-6.2.6.jar:6.2.6]
	at org.springframework.beans.factory.support.AbstractAutowireCapableBeanFactory.createBeanInstance(AbstractAutowireCapableBeanFactory.java:1224) ~[spring-beans-6.2.6.jar:6.2.6]
	at org.springframework.beans.factory.support.AbstractAutowireCapableBeanFactory.doCreateBean(AbstractAutowireCapableBeanFactory.java:569) ~[spring-beans-6.2.6.jar:6.2.6]
	at org.springframework.beans.factory.support.AbstractAutowireCapableBeanFactory.createBean(AbstractAutowireCapableBeanFactory.java:529) ~[spring-beans-6.2.6.jar:6.2.6]
	at org.springframework.beans.factory.support.AbstractBeanFactory.lambda$doGetBean$0(AbstractBeanFactory.java:339) ~[spring-beans-6.2.6.jar:6.2.6]
	at org.springframework.beans.factory.support.DefaultSingletonBeanRegistry.getSingleton(DefaultSingletonBeanRegistry.java:371) ~[spring-beans-6.2.6.jar:6.2.6]
	at org.springframework.beans.factory.support.AbstractBeanFactory.doGetBean(AbstractBeanFactory.java:337) ~[spring-beans-6.2.6.jar:6.2.6]
	at org.springframework.beans.factory.support.AbstractBeanFactory.getBean(AbstractBeanFactory.java:202) ~[spring-beans-6.2.6.jar:6.2.6]
	at org.springframework.beans.factory.support.DefaultListableBeanFactory.doResolveDependency(DefaultListableBeanFactory.java:1681) ~[spring-beans-6.2.6.jar:6.2.6]
	at org.springframework.beans.factory.support.DefaultListableBeanFactory.resolveDependency(DefaultListableBeanFactory.java:1627) ~[spring-beans-6.2.6.jar:6.2.6]
	at org.springframework.beans.factory.support.ConstructorResolver.resolveAutowiredArgument(ConstructorResolver.java:913) ~[spring-beans-6.2.6.jar:6.2.6]
	at org.springframework.beans.factory.support.ConstructorResolver.createArgumentArray(ConstructorResolver.java:791) ~[spring-beans-6.2.6.jar:6.2.6]
	at org.springframework.beans.factory.support.ConstructorResolver.autowireConstructor(ConstructorResolver.java:240) ~[spring-beans-6.2.6.jar:6.2.6]
	at org.springframework.beans.factory.support.AbstractAutowireCapableBeanFactory.autowireConstructor(AbstractAutowireCapableBeanFactory.java:1387) ~[spring-beans-6.2.6.jar:6.2.6]
	at org.springframework.beans.factory.support.AbstractAutowireCapableBeanFactory.createBeanInstance(AbstractAutowireCapableBeanFactory.java:1224) ~[spring-beans-6.2.6.jar:6.2.6]
	at org.springframework.beans.factory.support.AbstractAutowireCapableBeanFactory.doCreateBean(AbstractAutowireCapableBeanFactory.java:569) ~[spring-beans-6.2.6.jar:6.2.6]
	at org.springframework.beans.factory.support.AbstractAutowireCapableBeanFactory.createBean(AbstractAutowireCapableBeanFactory.java:529) ~[spring-beans-6.2.6.jar:6.2.6]
	at org.springframework.beans.factory.support.AbstractBeanFactory.lambda$doGetBean$0(AbstractBeanFactory.java:339) ~[spring-beans-6.2.6.jar:6.2.6]
	at org.springframework.beans.factory.support.DefaultSingletonBeanRegistry.getSingleton(DefaultSingletonBeanRegistry.java:371) ~[spring-beans-6.2.6.jar:6.2.6]
	at org.springframework.beans.factory.support.AbstractBeanFactory.doGetBean(AbstractBeanFactory.java:337) ~[spring-beans-6.2.6.jar:6.2.6]
	at org.springframework.beans.factory.support.AbstractBeanFactory.getBean(AbstractBeanFactory.java:202) ~[spring-beans-6.2.6.jar:6.2.6]
	at org.springframework.beans.factory.support.DefaultListableBeanFactory.instantiateSingleton(DefaultListableBeanFactory.java:1221) ~[spring-beans-6.2.6.jar:6.2.6]
	at org.springframework.beans.factory.support.DefaultListableBeanFactory.preInstantiateSingleton(DefaultListableBeanFactory.java:1187) ~[spring-beans-6.2.6.jar:6.2.6]
	at org.springframework.beans.factory.support.DefaultListableBeanFactory.preInstantiateSingletons(DefaultListableBeanFactory.java:1122) ~[spring-beans-6.2.6.jar:6.2.6]
	at org.springframework.context.support.AbstractApplicationContext.finishBeanFactoryInitialization(AbstractApplicationContext.java:987) ~[spring-context-6.2.6.jar:6.2.6]
	at org.springframework.context.support.AbstractApplicationContext.refresh(AbstractApplicationContext.java:627) ~[spring-context-6.2.6.jar:6.2.6]
	at org.springframework.boot.SpringApplication.refresh(SpringApplication.java:753) ~[spring-boot-3.4.5.jar:3.4.5]
	at org.springframework.boot.SpringApplication.refreshContext(SpringApplication.java:439) ~[spring-boot-3.4.5.jar:3.4.5]
	at org.springframework.boot.SpringApplication.run(SpringApplication.java:318) ~[spring-boot-3.4.5.jar:3.4.5]
	at org.springframework.boot.test.context.SpringBootContextLoader.lambda$loadContext$3(SpringBootContextLoader.java:144) ~[spring-boot-test-3.4.5.jar:3.4.5]
	at org.springframework.util.function.ThrowingSupplier.get(ThrowingSupplier.java:58) ~[spring-core-6.2.6.jar:6.2.6]
	at org.springframework.util.function.ThrowingSupplier.get(ThrowingSupplier.java:46) ~[spring-core-6.2.6.jar:6.2.6]
	at org.springframework.boot.SpringApplication.withHook(SpringApplication.java:1462) ~[spring-boot-3.4.5.jar:3.4.5]
	at org.springframework.boot.test.context.SpringBootContextLoader$ContextLoaderHook.run(SpringBootContextLoader.java:563) ~[spring-boot-test-3.4.5.jar:3.4.5]
	at org.springframework.boot.test.context.SpringBootContextLoader.loadContext(SpringBootContextLoader.java:144) ~[spring-boot-test-3.4.5.jar:3.4.5]
	at org.springframework.boot.test.context.SpringBootContextLoader.loadContext(SpringBootContextLoader.java:110) ~[spring-boot-test-3.4.5.jar:3.4.5]
	at org.springframework.test.context.cache.DefaultCacheAwareContextLoaderDelegate.loadContextInternal(DefaultCacheAwareContextLoaderDelegate.java:225) ~[spring-test-6.2.6.jar:6.2.6]
	at org.springframework.test.context.cache.DefaultCacheAwareContextLoaderDelegate.loadContext(DefaultCacheAwareContextLoaderDelegate.java:152) ~[spring-test-6.2.6.jar:6.2.6]
	at org.springframework.test.context.support.DefaultTestContext.getApplicationContext(DefaultTestContext.java:130) ~[spring-test-6.2.6.jar:6.2.6]
	at org.springframework.test.context.web.ServletTestExecutionListener.setUpRequestContextIfNecessary(ServletTestExecutionListener.java:200) ~[spring-test-6.2.6.jar:6.2.6]
	at org.springframework.test.context.web.ServletTestExecutionListener.prepareTestInstance(ServletTestExecutionListener.java:139) ~[spring-test-6.2.6.jar:6.2.6]
	at org.springframework.test.context.TestContextManager.prepareTestInstance(TestContextManager.java:260) ~[spring-test-6.2.6.jar:6.2.6]
	at org.springframework.test.context.junit.jupiter.SpringExtension.postProcessTestInstance(SpringExtension.java:159) ~[spring-test-6.2.6.jar:6.2.6]
	at org.junit.jupiter.engine.descriptor.ClassBasedTestDescriptor.lambda$invokeTestInstancePostProcessors$11(ClassBasedTestDescriptor.java:378) ~[junit-jupiter-engine-5.11.4.jar:5.11.4]
	at org.junit.jupiter.engine.descriptor.ClassBasedTestDescriptor.executeAndMaskThrowable(ClassBasedTestDescriptor.java:383) ~[junit-jupiter-engine-5.11.4.jar:5.11.4]
	at org.junit.jupiter.engine.descriptor.ClassBasedTestDescriptor.lambda$invokeTestInstancePostProcessors$12(ClassBasedTestDescriptor.java:378) ~[junit-jupiter-engine-5.11.4.jar:5.11.4]
	at java.base/java.util.stream.ForEachOps$ForEachOp$OfRef.accept(ForEachOps.java:183) ~[na:na]
	at java.base/java.util.stream.ReferencePipeline$3$1.accept(ReferencePipeline.java:197) ~[na:na]
	at java.base/java.util.stream.ReferencePipeline$2$1.accept(ReferencePipeline.java:179) ~[na:na]
	at java.base/java.util.stream.ReferencePipeline$3$1.accept(ReferencePipeline.java:197) ~[na:na]
	at java.base/java.util.ArrayList$ArrayListSpliterator.forEachRemaining(ArrayList.java:1625) ~[na:na]
	at java.base/java.util.stream.AbstractPipeline.copyInto(AbstractPipeline.java:509) ~[na:na]
	at java.base/java.util.stream.AbstractPipeline.wrapAndCopyInto(AbstractPipeline.java:499) ~[na:na]
	at java.base/java.util.stream.ForEachOps$ForEachOp.evaluateSequential(ForEachOps.java:150) ~[na:na]
	at java.base/java.util.stream.ForEachOps$ForEachOp$OfRef.evaluateSequential(ForEachOps.java:173) ~[na:na]
	at java.base/java.util.stream.AbstractPipeline.evaluate(AbstractPipeline.java:234) ~[na:na]
	at java.base/java.util.stream.ReferencePipeline.forEach(ReferencePipeline.java:596) ~[na:na]
	at org.junit.jupiter.engine.descriptor.ClassBasedTestDescriptor.invokeTestInstancePostProcessors(ClassBasedTestDescriptor.java:377) ~[junit-jupiter-engine-5.11.4.jar:5.11.4]
	at org.junit.jupiter.engine.descriptor.ClassBasedTestDescriptor.lambda$instantiateAndPostProcessTestInstance$7(ClassBasedTestDescriptor.java:290) ~[junit-jupiter-engine-5.11.4.jar:5.11.4]
	at org.junit.platform.engine.support.hierarchical.ThrowableCollector.execute(ThrowableCollector.java:73) ~[junit-platform-engine-1.11.4.jar:1.11.4]
	at org.junit.jupiter.engine.descriptor.ClassBasedTestDescriptor.instantiateAndPostProcessTestInstance(ClassBasedTestDescriptor.java:289) ~[junit-jupiter-engine-5.11.4.jar:5.11.4]
	at org.junit.jupiter.engine.descriptor.ClassBasedTestDescriptor.lambda$testInstancesProvider$5(ClassBasedTestDescriptor.java:279) ~[junit-jupiter-engine-5.11.4.jar:5.11.4]
	at java.base/java.util.Optional.orElseGet(Optional.java:364) ~[na:na]
	at org.junit.jupiter.engine.descriptor.ClassBasedTestDescriptor.lambda$testInstancesProvider$6(ClassBasedTestDescriptor.java:278) ~[junit-jupiter-engine-5.11.4.jar:5.11.4]
	at org.junit.jupiter.engine.execution.TestInstancesProvider.getTestInstances(TestInstancesProvider.java:31) ~[junit-jupiter-engine-5.11.4.jar:5.11.4]
	at org.junit.jupiter.engine.descriptor.TestMethodTestDescriptor.lambda$prepare$1(TestMethodTestDescriptor.java:105) ~[junit-jupiter-engine-5.11.4.jar:5.11.4]
	at org.junit.platform.engine.support.hierarchical.ThrowableCollector.execute(ThrowableCollector.java:73) ~[junit-platform-engine-1.11.4.jar:1.11.4]
	at org.junit.jupiter.engine.descriptor.TestMethodTestDescriptor.prepare(TestMethodTestDescriptor.java:104) ~[junit-jupiter-engine-5.11.4.jar:5.11.4]
	at org.junit.jupiter.engine.descriptor.TestMethodTestDescriptor.prepare(TestMethodTestDescriptor.java:68) ~[junit-jupiter-engine-5.11.4.jar:5.11.4]
	at org.junit.platform.engine.support.hierarchical.NodeTestTask.lambda$prepare$2(NodeTestTask.java:128) ~[junit-platform-engine-1.11.4.jar:1.11.4]
	at org.junit.platform.engine.support.hierarchical.ThrowableCollector.execute(ThrowableCollector.java:73) ~[junit-platform-engine-1.11.4.jar:1.11.4]
	at org.junit.platform.engine.support.hierarchical.NodeTestTask.prepare(NodeTestTask.java:128) ~[junit-platform-engine-1.11.4.jar:1.11.4]
	at org.junit.platform.engine.support.hierarchical.NodeTestTask.execute(NodeTestTask.java:95) ~[junit-platform-engine-1.11.4.jar:1.11.4]
	at java.base/java.util.ArrayList.forEach(ArrayList.java:1511) ~[na:na]
	at org.junit.platform.engine.support.hierarchical.SameThreadHierarchicalTestExecutorService.invokeAll(SameThreadHierarchicalTestExecutorService.java:41) ~[junit-platform-engine-1.11.4.jar:1.11.4]
	at org.junit.platform.engine.support.hierarchical.NodeTestTask.lambda$executeRecursively$6(NodeTestTask.java:160) ~[junit-platform-engine-1.11.4.jar:1.11.4]
	at org.junit.platform.engine.support.hierarchical.ThrowableCollector.execute(ThrowableCollector.java:73) ~[junit-platform-engine-1.11.4.jar:1.11.4]
	at org.junit.platform.engine.support.hierarchical.NodeTestTask.lambda$executeRecursively$8(NodeTestTask.java:146) ~[junit-platform-engine-1.11.4.jar:1.11.4]
	at org.junit.platform.engine.support.hierarchical.Node.around(Node.java:137) ~[junit-platform-engine-1.11.4.jar:1.11.4]
	at org.junit.platform.engine.support.hierarchical.NodeTestTask.lambda$executeRecursively$9(NodeTestTask.java:144) ~[junit-platform-engine-1.11.4.jar:1.11.4]
	at org.junit.platform.engine.support.hierarchical.ThrowableCollector.execute(ThrowableCollector.java:73) ~[junit-platform-engine-1.11.4.jar:1.11.4]
	at org.junit.platform.engine.support.hierarchical.NodeTestTask.executeRecursively(NodeTestTask.java:143) ~[junit-platform-engine-1.11.4.jar:1.11.4]
	at org.junit.platform.engine.support.hierarchical.NodeTestTask.execute(NodeTestTask.java:100) ~[junit-platform-engine-1.11.4.jar:1.11.4]
	at java.base/java.util.ArrayList.forEach(ArrayList.java:1511) ~[na:na]
	at org.junit.platform.engine.support.hierarchical.SameThreadHierarchicalTestExecutorService.invokeAll(SameThreadHierarchicalTestExecutorService.java:41) ~[junit-platform-engine-1.11.4.jar:1.11.4]
	at org.junit.platform.engine.support.hierarchical.NodeTestTask.lambda$executeRecursively$6(NodeTestTask.java:160) ~[junit-platform-engine-1.11.4.jar:1.11.4]
	at org.junit.platform.engine.support.hierarchical.ThrowableCollector.execute(ThrowableCollector.java:73) ~[junit-platform-engine-1.11.4.jar:1.11.4]
	at org.junit.platform.engine.support.hierarchical.NodeTestTask.lambda$executeRecursively$8(NodeTestTask.java:146) ~[junit-platform-engine-1.11.4.jar:1.11.4]
	at org.junit.platform.engine.support.hierarchical.Node.around(Node.java:137) ~[junit-platform-engine-1.11.4.jar:1.11.4]
	at org.junit.platform.engine.support.hierarchical.NodeTestTask.lambda$executeRecursively$9(NodeTestTask.java:144) ~[junit-platform-engine-1.11.4.jar:1.11.4]
	at org.junit.platform.engine.support.hierarchical.ThrowableCollector.execute(ThrowableCollector.java:73) ~[junit-platform-engine-1.11.4.jar:1.11.4]
	at org.junit.platform.engine.support.hierarchical.NodeTestTask.executeRecursively(NodeTestTask.java:143) ~[junit-platform-engine-1.11.4.jar:1.11.4]
	at org.junit.platform.engine.support.hierarchical.NodeTestTask.execute(NodeTestTask.java:100) ~[junit-platform-engine-1.11.4.jar:1.11.4]
	at org.junit.platform.engine.support.hierarchical.SameThreadHierarchicalTestExecutorService.submit(SameThreadHierarchicalTestExecutorService.java:35) ~[junit-platform-engine-1.11.4.jar:1.11.4]
	at org.junit.platform.engine.support.hierarchical.HierarchicalTestExecutor.execute(HierarchicalTestExecutor.java:57) ~[junit-platform-engine-1.11.4.jar:1.11.4]
	at org.junit.platform.engine.support.hierarchical.HierarchicalTestEngine.execute(HierarchicalTestEngine.java:54) ~[junit-platform-engine-1.11.4.jar:1.11.4]
	at org.junit.platform.launcher.core.EngineExecutionOrchestrator.execute(EngineExecutionOrchestrator.java:198) ~[junit-platform-launcher-1.11.4.jar:1.11.4]
	at org.junit.platform.launcher.core.EngineExecutionOrchestrator.execute(EngineExecutionOrchestrator.java:169) ~[junit-platform-launcher-1.11.4.jar:1.11.4]
	at org.junit.platform.launcher.core.EngineExecutionOrchestrator.execute(EngineExecutionOrchestrator.java:93) ~[junit-platform-launcher-1.11.4.jar:1.11.4]
	at org.junit.platform.launcher.core.EngineExecutionOrchestrator.lambda$execute$0(EngineExecutionOrchestrator.java:58) ~[junit-platform-launcher-1.11.4.jar:1.11.4]
	at org.junit.platform.launcher.core.EngineExecutionOrchestrator.withInterceptedStreams(EngineExecutionOrchestrator.java:141) ~[junit-platform-launcher-1.11.4.jar:1.11.4]
	at org.junit.platform.launcher.core.EngineExecutionOrchestrator.execute(EngineExecutionOrchestrator.java:57) ~[junit-platform-launcher-1.11.4.jar:1.11.4]
	at org.junit.platform.launcher.core.DefaultLauncher.execute(DefaultLauncher.java:103) ~[junit-platform-launcher-1.11.4.jar:1.11.4]
	at org.junit.platform.launcher.core.DefaultLauncher.execute(DefaultLauncher.java:85) ~[junit-platform-launcher-1.11.4.jar:1.11.4]
	at org.junit.platform.launcher.core.DelegatingLauncher.execute(DelegatingLauncher.java:47) ~[junit-platform-launcher-1.11.4.jar:1.11.4]
	at org.gradle.api.internal.tasks.testing.junitplatform.JUnitPlatformTestClassProcessor$CollectAllTestClassesExecutor.processAllTestClasses(JUnitPlatformTestClassProcessor.java:124) ~[na:na]
	at org.gradle.api.internal.tasks.testing.junitplatform.JUnitPlatformTestClassProcessor$CollectAllTestClassesExecutor.access$000(JUnitPlatformTestClassProcessor.java:99) ~[na:na]
	at org.gradle.api.internal.tasks.testing.junitplatform.JUnitPlatformTestClassProcessor.stop(JUnitPlatformTestClassProcessor.java:94) ~[na:na]
	at org.gradle.api.internal.tasks.testing.SuiteTestClassProcessor.stop(SuiteTestClassProcessor.java:63) ~[na:na]
	at java.base/jdk.internal.reflect.NativeMethodAccessorImpl.invoke0(Native Method) ~[na:na]
	at java.base/jdk.internal.reflect.NativeMethodAccessorImpl.invoke(NativeMethodAccessorImpl.java:77) ~[na:na]
	at java.base/jdk.internal.reflect.DelegatingMethodAccessorImpl.invoke(DelegatingMethodAccessorImpl.java:43) ~[na:na]
	at java.base/java.lang.reflect.Method.invoke(Method.java:569) ~[na:na]
	at org.gradle.internal.dispatch.ReflectionDispatch.dispatch(ReflectionDispatch.java:36) ~[na:na]
	at org.gradle.internal.dispatch.ReflectionDispatch.dispatch(ReflectionDispatch.java:24) ~[na:na]
	at org.gradle.internal.dispatch.ContextClassLoaderDispatch.dispatch(ContextClassLoaderDispatch.java:33) ~[na:na]
	at org.gradle.internal.dispatch.ProxyDispatchAdapter$DispatchingInvocationHandler.invoke(ProxyDispatchAdapter.java:92) ~[na:na]
	at jdk.proxy1/jdk.proxy1.$Proxy4.stop(Unknown Source) ~[na:na]
	at org.gradle.api.internal.tasks.testing.worker.TestWorker$3.run(TestWorker.java:200) ~[na:na]
	at org.gradle.api.internal.tasks.testing.worker.TestWorker.executeAndMaintainThreadName(TestWorker.java:132) ~[na:na]
	at org.gradle.api.internal.tasks.testing.worker.TestWorker.execute(TestWorker.java:103) ~[na:na]
	at org.gradle.api.internal.tasks.testing.worker.TestWorker.execute(TestWorker.java:63) ~[na:na]
	at org.gradle.process.internal.worker.child.ActionExecutionWorker.execute(ActionExecutionWorker.java:56) ~[na:na]
	at org.gradle.process.internal.worker.child.SystemApplicationClassLoaderWorker.call(SystemApplicationClassLoaderWorker.java:121) ~[na:na]
	at org.gradle.process.internal.worker.child.SystemApplicationClassLoaderWorker.call(SystemApplicationClassLoaderWorker.java:71) ~[na:na]
	at worker.org.gradle.process.internal.worker.GradleWorkerMain.run(GradleWorkerMain.java:69) ~[gradle-worker.jar:na]
	at worker.org.gradle.process.internal.worker.GradleWorkerMain.main(GradleWorkerMain.java:74) ~[gradle-worker.jar:na]

2025-06-03T11:54:30.999+02:00  WARN 20180 --- [backend] [    Test worker] JpaBaseConfiguration$JpaWebConfiguration : spring.jpa.open-in-view is enabled by default. Therefore, database queries may be performed during view rendering. Explicitly configure spring.jpa.open-in-view to disable this warning
2025-06-03T11:54:31.430+02:00  WARN 20180 --- [backend] [    Test worker] .s.s.UserDetailsServiceAutoConfiguration : 

Using generated security password: fdb29174-b765-4591-bf37-67b9a450af76

This generated password is for development use only. Your security configuration must be updated before running your application in production.

2025-06-03T11:54:31.491+02:00  INFO 20180 --- [backend] [    Test worker] r$InitializeUserDetailsManagerConfigurer : Global AuthenticationManager configured with UserDetailsService bean with name inMemoryUserDetailsManager
2025-06-03T11:54:37.637+02:00  INFO 20180 --- [backend] [    Test worker] o.s.b.a.e.web.EndpointLinksResolver      : Exposing 1 endpoint beneath base path '/actuator'
2025-06-03T11:54:38.687+02:00 DEBUG 20180 --- [backend] [    Test worker] o.s.s.web.DefaultSecurityFilterChain     : Will secure any request with filters: DisableEncodeUrlFilter, WebAsyncManagerIntegrationFilter, SecurityContextHolderFilter, HeaderWriterFilter, CorsFilter, LogoutFilter, JwtAuthenticationFilter, RequestCacheAwareFilter, SecurityContextHolderAwareRequestFilter, AnonymousAuthenticationFilter, ExceptionTranslationFilter, AuthorizationFilter
2025-06-03T11:54:43.344+02:00  INFO 20180 --- [backend] [    Test worker] backend.BackendApplicationTests          : Started BackendApplicationTests in 49.506 seconds (process running for 55.093)
]]></system-out>
  <system-err><![CDATA[]]></system-err>
</testsuite>
